[INFO] Scanning for projects...
[INFO] ------------------------------------------------------------------------
[INFO] Reactor Build Order:
[INFO] 
[INFO] Apache Phoenix
[INFO] Phoenix Core
[INFO] Phoenix - Flume
[INFO] Phoenix - Pig
[INFO] Phoenix Query Server Client
[INFO] Phoenix Query Server
[INFO] Phoenix - Pherf
[INFO] Phoenix - Spark
[INFO] Phoenix - Hive
[INFO] Phoenix Client
[INFO] Phoenix Server
[INFO] Phoenix Assembly
[INFO] Phoenix - Tracing Web Application
[INFO]                                                                         
[INFO] ------------------------------------------------------------------------
[INFO] Building Apache Phoenix 4.8.0-HBase-1.2-SNAPSHOT
[INFO] ------------------------------------------------------------------------
[INFO] 
[INFO] --- maven-clean-plugin:2.5:clean (default-clean) @ phoenix ---
[INFO] Deleting /Users/prakul.agarwal/Documents/works/prPhoenix/target
[INFO] 
[INFO] --- maven-checkstyle-plugin:2.13:check (validate) @ phoenix ---
[INFO] 
[INFO] --- maven-remote-resources-plugin:1.5:process (default) @ phoenix ---
[INFO] 
[INFO] --- maven-source-plugin:2.2.1:jar-no-fork (attach-sources) @ phoenix ---
[INFO] 
[INFO] --- maven-jar-plugin:2.4:test-jar (default) @ phoenix ---
[WARNING] JAR will be empty - no content was marked for inclusion!
[INFO] Building jar: /Users/prakul.agarwal/Documents/works/prPhoenix/target/phoenix-4.8.0-HBase-1.2-SNAPSHOT-tests.jar
[INFO] 
[INFO] --- maven-site-plugin:3.2:attach-descriptor (attach-descriptor) @ phoenix ---
[INFO] 
[INFO] --- maven-install-plugin:2.5.2:install (default-install) @ phoenix ---
[INFO] Installing /Users/prakul.agarwal/Documents/works/prPhoenix/pom.xml to /Users/prakul.agarwal/.m2/repository/org/apache/phoenix/phoenix/4.8.0-HBase-1.2-SNAPSHOT/phoenix-4.8.0-HBase-1.2-SNAPSHOT.pom
[INFO] Installing /Users/prakul.agarwal/Documents/works/prPhoenix/target/phoenix-4.8.0-HBase-1.2-SNAPSHOT-tests.jar to /Users/prakul.agarwal/.m2/repository/org/apache/phoenix/phoenix/4.8.0-HBase-1.2-SNAPSHOT/phoenix-4.8.0-HBase-1.2-SNAPSHOT-tests.jar
[INFO]                                                                         
[INFO] ------------------------------------------------------------------------
[INFO] Building Phoenix Core 4.8.0-HBase-1.2-SNAPSHOT
[INFO] ------------------------------------------------------------------------
[INFO] 
[INFO] --- maven-clean-plugin:2.5:clean (default-clean) @ phoenix-core ---
[INFO] Deleting /Users/prakul.agarwal/Documents/works/prPhoenix/phoenix-core/target
[INFO] 
[INFO] --- maven-checkstyle-plugin:2.13:check (validate) @ phoenix-core ---
[INFO] 
[INFO] --- build-helper-maven-plugin:1.9.1:add-test-source (add-test-source) @ phoenix-core ---
[INFO] Test Source directory: /Users/prakul.agarwal/Documents/works/prPhoenix/phoenix-core/src/it/java added.
[INFO] 
[INFO] --- build-helper-maven-plugin:1.9.1:add-test-resource (add-test-resource) @ phoenix-core ---
[INFO] 
[INFO] --- build-helper-maven-plugin:1.9.1:add-source (add-source) @ phoenix-core ---
[INFO] Source directory: /Users/prakul.agarwal/Documents/works/prPhoenix/phoenix-core/target/generated-sources/antlr3 added.
[INFO] Source directory: /Users/prakul.agarwal/Documents/works/prPhoenix/phoenix-core/src/main/antlr3 added.
[INFO] 
[INFO] --- antlr3-maven-plugin:3.5.2:antlr (default) @ phoenix-core ---
[INFO] ANTLR: Processing source directory /Users/prakul.agarwal/Documents/works/prPhoenix/phoenix-core/src/main/antlr3
Output file /Users/prakul.agarwal/Documents/works/prPhoenix/phoenix-core/target/generated-sources/antlr3/org/apache/phoenix/parse/PhoenixSQLParser.java does not exist: must build /Users/prakul.agarwal/Documents/works/prPhoenix/phoenix-core/src/main/antlr3/PhoenixSQL.g
PhoenixSQL.g
[INFO] 
[INFO] --- maven-dependency-plugin:2.1:build-classpath (create-phoenix-generated-classpath) @ phoenix-core ---
[INFO] Wrote classpath file '/Users/prakul.agarwal/Documents/works/prPhoenix/phoenix-core/target/cached_classpath.txt'.
[INFO] 
[INFO] --- maven-remote-resources-plugin:1.5:process (default) @ phoenix-core ---
[INFO] 
[INFO] --- maven-resources-plugin:2.6:resources (default-resources) @ phoenix-core ---
[INFO] Using 'UTF-8' encoding to copy filtered resources.
[INFO] Copying 1 resource to META-INF/services
[INFO] Copying 3 resources
[INFO] 
[INFO] --- maven-compiler-plugin:3.0:compile (default-compile) @ phoenix-core ---
[INFO] Changes detected - recompiling the module!
[INFO] Compiling 951 source files to /Users/prakul.agarwal/Documents/works/prPhoenix/phoenix-core/target/classes
[WARNING] /Users/prakul.agarwal/Documents/works/prPhoenix/phoenix-core/src/main/java/org/apache/phoenix/execute/DescVarLengthFastByteComparisons.java:[25,16] sun.misc.Unsafe is internal proprietary API and may be removed in a future release
[WARNING] /Users/prakul.agarwal/Documents/works/prPhoenix/phoenix-core/src/main/java/org/apache/phoenix/execute/DescVarLengthFastByteComparisons.java:[116,26] sun.misc.Unsafe is internal proprietary API and may be removed in a future release
[WARNING] /Users/prakul.agarwal/Documents/works/prPhoenix/phoenix-core/src/main/java/org/apache/phoenix/execute/DescVarLengthFastByteComparisons.java:[122,30] sun.misc.Unsafe is internal proprietary API and may be removed in a future release
[WARNING] /Users/prakul.agarwal/Documents/works/prPhoenix/phoenix-core/src/main/java/org/apache/phoenix/execute/DescVarLengthFastByteComparisons.java:[126,39] sun.misc.Unsafe is internal proprietary API and may be removed in a future release
[WARNING] /Users/prakul.agarwal/Documents/works/prPhoenix/phoenix-core/src/main/java/org/apache/phoenix/query/ConnectionQueryServices.java: Some input files use or override a deprecated API.
[WARNING] /Users/prakul.agarwal/Documents/works/prPhoenix/phoenix-core/src/main/java/org/apache/phoenix/query/ConnectionQueryServices.java: Recompile with -Xlint:deprecation for details.
[WARNING] /Users/prakul.agarwal/Documents/works/prPhoenix/phoenix-core/src/main/java/org/apache/phoenix/jdbc/PhoenixStatement.java: Some input files use unchecked or unsafe operations.
[WARNING] /Users/prakul.agarwal/Documents/works/prPhoenix/phoenix-core/src/main/java/org/apache/phoenix/jdbc/PhoenixStatement.java: Recompile with -Xlint:unchecked for details.
[INFO] 
[INFO] --- maven-dependency-plugin:2.1:build-classpath (create-mrapp-generated-classpath) @ phoenix-core ---
[INFO] Wrote classpath file '/Users/prakul.agarwal/Documents/works/prPhoenix/phoenix-core/target/classes/mrapp-generated-classpath'.
[INFO] 
[INFO] --- maven-resources-plugin:2.6:testResources (default-testResources) @ phoenix-core ---
[INFO] Using 'UTF-8' encoding to copy filtered resources.
[INFO] Copying 2 resources
[INFO] Copying 2 resources
[INFO] Copying 3 resources
[INFO] 
[INFO] --- maven-compiler-plugin:3.0:testCompile (default-testCompile) @ phoenix-core ---
[INFO] Changes detected - recompiling the module!
[INFO] Compiling 406 source files to /Users/prakul.agarwal/Documents/works/prPhoenix/phoenix-core/target/test-classes
[WARNING] /Users/prakul.agarwal/Documents/works/prPhoenix/phoenix-core/src/test/java/org/apache/phoenix/util/TestUtil.java: Some input files use or override a deprecated API.
[WARNING] /Users/prakul.agarwal/Documents/works/prPhoenix/phoenix-core/src/test/java/org/apache/phoenix/util/TestUtil.java: Recompile with -Xlint:deprecation for details.
[WARNING] /Users/prakul.agarwal/Documents/works/prPhoenix/phoenix-core/src/test/java/org/apache/phoenix/query/BaseTest.java: Some input files use unchecked or unsafe operations.
[WARNING] /Users/prakul.agarwal/Documents/works/prPhoenix/phoenix-core/src/test/java/org/apache/phoenix/query/BaseTest.java: Recompile with -Xlint:unchecked for details.
[INFO] 
[INFO] --- maven-surefire-plugin:2.19.1:test (default-test) @ phoenix-core ---

-------------------------------------------------------
 T E S T S
-------------------------------------------------------
Java HotSpot(TM) 64-Bit Server VM warning: ignoring option MaxPermSize=128m; support was removed in 8.0
Java HotSpot(TM) 64-Bit Server VM warning: ignoring option MaxPermSize=128m; support was removed in 8.0
Java HotSpot(TM) 64-Bit Server VM warning: ignoring option MaxPermSize=128m; support was removed in 8.0
Running org.apache.hadoop.hbase.ipc.PhoenixIndexRpcSchedulerTest
Running org.apache.hadoop.hbase.regionserver.PhoenixRpcSchedulerFactoryTest
Running org.apache.phoenix.cache.JodaTimezoneCacheTest
Tests run: 2, Failures: 0, Errors: 0, Skipped: 0, Time elapsed: 0.241 sec - in org.apache.hadoop.hbase.regionserver.PhoenixRpcSchedulerFactoryTest
Running org.apache.phoenix.cache.TenantCacheTest
Tests run: 2, Failures: 0, Errors: 0, Skipped: 0, Time elapsed: 0.074 sec - in org.apache.phoenix.cache.TenantCacheTest
Running org.apache.phoenix.compile.HavingCompilerTest
Tests run: 4, Failures: 0, Errors: 0, Skipped: 0, Time elapsed: 0.452 sec - in org.apache.phoenix.cache.JodaTimezoneCacheTest
Running org.apache.phoenix.compile.JoinQueryCompilerTest
Tests run: 2, Failures: 0, Errors: 0, Skipped: 0, Time elapsed: 1.463 sec - in org.apache.hadoop.hbase.ipc.PhoenixIndexRpcSchedulerTest
Running org.apache.phoenix.compile.LimitCompilerTest
Tests run: 11, Failures: 0, Errors: 0, Skipped: 0, Time elapsed: 2.23 sec - in org.apache.phoenix.compile.HavingCompilerTest
Running org.apache.phoenix.compile.QueryCompilerTest
Tests run: 2, Failures: 0, Errors: 0, Skipped: 0, Time elapsed: 2.254 sec - in org.apache.phoenix.compile.JoinQueryCompilerTest
Running org.apache.phoenix.compile.QueryMetaDataTest
Tests run: 33, Failures: 0, Errors: 0, Skipped: 0, Time elapsed: 0.453 sec - in org.apache.phoenix.compile.QueryMetaDataTest
Running org.apache.phoenix.compile.QueryOptimizerTest
Tests run: 6, Failures: 0, Errors: 0, Skipped: 0, Time elapsed: 1.727 sec - in org.apache.phoenix.compile.LimitCompilerTest
Running org.apache.phoenix.compile.ScanRangesIntersectTest
Tests run: 1, Failures: 0, Errors: 0, Skipped: 0, Time elapsed: 0.002 sec - in org.apache.phoenix.compile.ScanRangesIntersectTest
Running org.apache.phoenix.compile.ScanRangesTest
Tests run: 34, Failures: 0, Errors: 0, Skipped: 0, Time elapsed: 0.047 sec - in org.apache.phoenix.compile.ScanRangesTest
Running org.apache.phoenix.compile.SelectStatementRewriterTest
Tests run: 5, Failures: 0, Errors: 0, Skipped: 0, Time elapsed: 0.33 sec - in org.apache.phoenix.compile.SelectStatementRewriterTest
Running org.apache.phoenix.compile.StatementHintsCompilationTest
Tests run: 4, Failures: 0, Errors: 0, Skipped: 0, Time elapsed: 0.504 sec - in org.apache.phoenix.compile.StatementHintsCompilationTest
Running org.apache.phoenix.compile.TenantSpecificViewIndexCompileTest
Tests run: 122, Failures: 0, Errors: 0, Skipped: 0, Time elapsed: 1.707 sec - in org.apache.phoenix.compile.QueryCompilerTest
Running org.apache.phoenix.compile.ViewCompilerTest
Tests run: 42, Failures: 0, Errors: 0, Skipped: 0, Time elapsed: 1.158 sec - in org.apache.phoenix.compile.QueryOptimizerTest
Running org.apache.phoenix.compile.WhereCompilerTest
Tests run: 3, Failures: 0, Errors: 0, Skipped: 0, Time elapsed: 0.297 sec - in org.apache.phoenix.compile.ViewCompilerTest
Running org.apache.phoenix.compile.WhereOptimizerTest
Tests run: 6, Failures: 0, Errors: 0, Skipped: 0, Time elapsed: 0.638 sec - in org.apache.phoenix.compile.TenantSpecificViewIndexCompileTest
Running org.apache.phoenix.execute.CorrelatePlanTest
Tests run: 45, Failures: 0, Errors: 0, Skipped: 1, Time elapsed: 0.427 sec - in org.apache.phoenix.compile.WhereCompilerTest
Running org.apache.phoenix.execute.DescVarLengthFastByteComparisonsTest
Tests run: 2, Failures: 0, Errors: 0, Skipped: 0, Time elapsed: 0.009 sec - in org.apache.phoenix.execute.DescVarLengthFastByteComparisonsTest
Running org.apache.phoenix.execute.LiteralResultIteratorPlanTest
Tests run: 3, Failures: 0, Errors: 0, Skipped: 0, Time elapsed: 0.086 sec - in org.apache.phoenix.execute.LiteralResultIteratorPlanTest
Running org.apache.phoenix.execute.MutationStateTest
Tests run: 1, Failures: 0, Errors: 0, Skipped: 0, Time elapsed: 0.001 sec - in org.apache.phoenix.execute.MutationStateTest
Running org.apache.phoenix.execute.UnnestArrayPlanTest
Tests run: 6, Failures: 0, Errors: 0, Skipped: 0, Time elapsed: 0.01 sec - in org.apache.phoenix.execute.UnnestArrayPlanTest
Running org.apache.phoenix.expression.AbsFunctionTest
Tests run: 6, Failures: 0, Errors: 0, Skipped: 0, Time elapsed: 0.157 sec - in org.apache.phoenix.execute.CorrelatePlanTest
Running org.apache.phoenix.expression.ArithmeticOperationTest
Tests run: 1, Failures: 0, Errors: 0, Skipped: 0, Time elapsed: 0.012 sec - in org.apache.phoenix.expression.AbsFunctionTest
Tests run: 6, Failures: 0, Errors: 0, Skipped: 0, Time elapsed: 0.012 sec - in org.apache.phoenix.expression.ArithmeticOperationTest
Running org.apache.phoenix.expression.ArrayAppendFunctionTest
Running org.apache.phoenix.expression.ArrayConcatFunctionTest
Tests run: 25, Failures: 0, Errors: 0, Skipped: 0, Time elapsed: 0.267 sec - in org.apache.phoenix.expression.ArrayAppendFunctionTest
Running org.apache.phoenix.expression.ArrayFillFunctionTest
Tests run: 14, Failures: 0, Errors: 0, Skipped: 0, Time elapsed: 0.008 sec - in org.apache.phoenix.expression.ArrayFillFunctionTest
Running org.apache.phoenix.expression.ArrayPrependFunctionTest
Tests run: 105, Failures: 0, Errors: 0, Skipped: 0, Time elapsed: 0.621 sec - in org.apache.phoenix.compile.WhereOptimizerTest
Running org.apache.phoenix.expression.ArrayToStringFunctionTest
Tests run: 24, Failures: 0, Errors: 0, Skipped: 0, Time elapsed: 0.02 sec - in org.apache.phoenix.expression.ArrayToStringFunctionTest
Running org.apache.phoenix.expression.CbrtFunctionTest
Tests run: 1, Failures: 0, Errors: 0, Skipped: 0, Time elapsed: 0.007 sec - in org.apache.phoenix.expression.CbrtFunctionTest
Running org.apache.phoenix.expression.CoerceExpressionTest
Tests run: 5, Failures: 0, Errors: 0, Skipped: 0, Time elapsed: 0.003 sec - in org.apache.phoenix.expression.CoerceExpressionTest
Running org.apache.phoenix.expression.ColumnExpressionTest
Tests run: 4, Failures: 0, Errors: 0, Skipped: 0, Time elapsed: 0.002 sec - in org.apache.phoenix.expression.ColumnExpressionTest
Running org.apache.phoenix.expression.DeterminismTest
Tests run: 1, Failures: 0, Errors: 0, Skipped: 0, Time elapsed: 0.001 sec - in org.apache.phoenix.expression.DeterminismTest
Running org.apache.phoenix.expression.ExpFunctionTest
Tests run: 1, Failures: 0, Errors: 0, Skipped: 0, Time elapsed: 0.005 sec - in org.apache.phoenix.expression.ExpFunctionTest
Running org.apache.phoenix.expression.function.BuiltinFunctionConstructorTest
Tests run: 37, Failures: 0, Errors: 0, Skipped: 0, Time elapsed: 0.111 sec - in org.apache.phoenix.expression.ArrayPrependFunctionTest
Running org.apache.phoenix.expression.function.ExternalSqlTypeIdFunctionTest
Tests run: 3, Failures: 0, Errors: 0, Skipped: 0, Time elapsed: 0.003 sec - in org.apache.phoenix.expression.function.ExternalSqlTypeIdFunctionTest
Running org.apache.phoenix.expression.function.InstrFunctionTest
Tests run: 1, Failures: 0, Errors: 0, Skipped: 0, Time elapsed: 0.003 sec - in org.apache.phoenix.expression.function.InstrFunctionTest
Running org.apache.phoenix.expression.GetSetByteBitFunctionTest
Tests run: 2, Failures: 0, Errors: 0, Skipped: 0, Time elapsed: 0.054 sec - in org.apache.phoenix.expression.function.BuiltinFunctionConstructorTest
Running org.apache.phoenix.expression.ILikeExpressionTest
Tests run: 3, Failures: 0, Errors: 0, Skipped: 0, Time elapsed: 0.203 sec - in org.apache.phoenix.expression.ILikeExpressionTest
Running org.apache.phoenix.expression.LikeExpressionTest
Tests run: 4, Failures: 0, Errors: 0, Skipped: 0, Time elapsed: 0.008 sec - in org.apache.phoenix.expression.LikeExpressionTest
Running org.apache.phoenix.expression.LnLogFunctionTest
Tests run: 1, Failures: 0, Errors: 0, Skipped: 0, Time elapsed: 0.014 sec - in org.apache.phoenix.expression.LnLogFunctionTest
Running org.apache.phoenix.expression.NullValueTest
Tests run: 35, Failures: 0, Errors: 0, Skipped: 0, Time elapsed: 0.756 sec - in org.apache.phoenix.expression.ArrayConcatFunctionTest
Running org.apache.phoenix.expression.OctetLengthFunctionTest
Tests run: 1, Failures: 0, Errors: 0, Skipped: 0, Time elapsed: 0.009 sec - in org.apache.phoenix.expression.OctetLengthFunctionTest
Running org.apache.phoenix.expression.PowerFunctionTest
Tests run: 3, Failures: 0, Errors: 0, Skipped: 0, Time elapsed: 0.142 sec - in org.apache.phoenix.expression.NullValueTest
Running org.apache.phoenix.expression.RegexpReplaceFunctionTest
Tests run: 1, Failures: 0, Errors: 0, Skipped: 0, Time elapsed: 0.013 sec - in org.apache.phoenix.expression.PowerFunctionTest
Running org.apache.phoenix.expression.RegexpSplitFunctionTest
Tests run: 1, Failures: 0, Errors: 0, Skipped: 0, Time elapsed: 0.008 sec - in org.apache.phoenix.expression.RegexpReplaceFunctionTest
Running org.apache.phoenix.expression.RegexpSubstrFunctionTest
Tests run: 1, Failures: 0, Errors: 0, Skipped: 0, Time elapsed: 0.003 sec - in org.apache.phoenix.expression.RegexpSubstrFunctionTest
Running org.apache.phoenix.expression.RoundFloorCeilExpressionsTest
Tests run: 2, Failures: 0, Errors: 0, Skipped: 0, Time elapsed: 0.477 sec - in org.apache.phoenix.expression.GetSetByteBitFunctionTest
Running org.apache.phoenix.expression.SignFunctionTest
Tests run: 1, Failures: 0, Errors: 0, Skipped: 0, Time elapsed: 0.008 sec - in org.apache.phoenix.expression.SignFunctionTest
Running org.apache.phoenix.expression.SortOrderExpressionTest
Tests run: 1, Failures: 0, Errors: 0, Skipped: 0, Time elapsed: 0.136 sec - in org.apache.phoenix.expression.RegexpSplitFunctionTest
Running org.apache.phoenix.expression.SqrtFunctionTest
Tests run: 1, Failures: 0, Errors: 0, Skipped: 0, Time elapsed: 0.009 sec - in org.apache.phoenix.expression.SqrtFunctionTest
Running org.apache.phoenix.expression.StringToArrayFunctionTest
Tests run: 20, Failures: 0, Errors: 0, Skipped: 0, Time elapsed: 0.009 sec - in org.apache.phoenix.expression.StringToArrayFunctionTest
Running org.apache.phoenix.expression.util.regex.PatternPerformanceTest
Tests run: 1, Failures: 0, Errors: 0, Skipped: 0, Time elapsed: 0.002 sec - in org.apache.phoenix.expression.util.regex.PatternPerformanceTest
Running org.apache.phoenix.filter.DistinctPrefixFilterTest
Tests run: 8, Failures: 0, Errors: 0, Skipped: 0, Time elapsed: 0.012 sec - in org.apache.phoenix.filter.DistinctPrefixFilterTest
Running org.apache.phoenix.filter.SkipScanBigFilterTest
Tests run: 22, Failures: 0, Errors: 0, Skipped: 0, Time elapsed: 0.176 sec - in org.apache.phoenix.expression.RoundFloorCeilExpressionsTest
Running org.apache.phoenix.filter.SkipScanFilterIntersectTest
Tests run: 19, Failures: 0, Errors: 0, Skipped: 0, Time elapsed: 0.032 sec - in org.apache.phoenix.filter.SkipScanFilterIntersectTest
Running org.apache.phoenix.filter.SkipScanFilterTest
Tests run: 15, Failures: 0, Errors: 0, Skipped: 0, Time elapsed: 0.028 sec - in org.apache.phoenix.filter.SkipScanFilterTest
Running org.apache.phoenix.hbase.index.covered.data.TestIndexMemStore
Tests run: 2, Failures: 0, Errors: 0, Skipped: 0, Time elapsed: 0.015 sec - in org.apache.phoenix.hbase.index.covered.data.TestIndexMemStore
Running org.apache.phoenix.hbase.index.covered.example.TestColumnTracker
Tests run: 3, Failures: 0, Errors: 0, Skipped: 0, Time elapsed: 0.001 sec - in org.apache.phoenix.hbase.index.covered.example.TestColumnTracker
Running org.apache.phoenix.hbase.index.covered.example.TestCoveredColumnIndexCodec
Tests run: 24, Failures: 0, Errors: 0, Skipped: 0, Time elapsed: 0.172 sec - in org.apache.phoenix.expression.SortOrderExpressionTest
Running org.apache.phoenix.hbase.index.covered.example.TestCoveredIndexSpecifierBuilder
Tests run: 1, Failures: 0, Errors: 0, Skipped: 0, Time elapsed: 0.005 sec - in org.apache.phoenix.hbase.index.covered.example.TestCoveredIndexSpecifierBuilder
Running org.apache.phoenix.hbase.index.covered.filter.TestApplyAndFilterDeletesFilter
Tests run: 6, Failures: 0, Errors: 0, Skipped: 0, Time elapsed: 0.013 sec - in org.apache.phoenix.hbase.index.covered.filter.TestApplyAndFilterDeletesFilter
Running org.apache.phoenix.hbase.index.covered.filter.TestNewerTimestampFilter
Tests run: 1, Failures: 0, Errors: 0, Skipped: 0, Time elapsed: 0.001 sec - in org.apache.phoenix.hbase.index.covered.filter.TestNewerTimestampFilter
Running org.apache.phoenix.hbase.index.covered.TestCoveredColumns
Tests run: 1, Failures: 0, Errors: 0, Skipped: 0, Time elapsed: 0.002 sec - in org.apache.phoenix.hbase.index.covered.TestCoveredColumns
Running org.apache.phoenix.hbase.index.covered.TestLocalTableState
Tests run: 2, Failures: 0, Errors: 0, Skipped: 0, Time elapsed: 0.204 sec - in org.apache.phoenix.filter.SkipScanBigFilterTest
Running org.apache.phoenix.hbase.index.covered.update.TestIndexUpdateManager
Tests run: 2, Failures: 0, Errors: 0, Skipped: 0, Time elapsed: 0.005 sec - in org.apache.phoenix.hbase.index.covered.update.TestIndexUpdateManager
Running org.apache.phoenix.hbase.index.parallel.TestThreadPoolBuilder
Tests run: 2, Failures: 0, Errors: 0, Skipped: 0, Time elapsed: 0.005 sec - in org.apache.phoenix.hbase.index.parallel.TestThreadPoolBuilder
Running org.apache.phoenix.hbase.index.parallel.TestThreadPoolManager
Tests run: 3, Failures: 0, Errors: 0, Skipped: 0, Time elapsed: 0.094 sec - in org.apache.phoenix.hbase.index.covered.TestLocalTableState
Running org.apache.phoenix.hbase.index.util.TestIndexManagementUtil
Tests run: 3, Failures: 0, Errors: 0, Skipped: 0, Time elapsed: 0.012 sec - in org.apache.phoenix.hbase.index.parallel.TestThreadPoolManager
Running org.apache.phoenix.hbase.index.write.recovery.TestPerRegionIndexWriteCache
Tests run: 3, Failures: 0, Errors: 0, Skipped: 0, Time elapsed: 0.012 sec - in org.apache.phoenix.hbase.index.util.TestIndexManagementUtil
Running org.apache.phoenix.hbase.index.write.TestCachingHTableFactory
Tests run: 1, Failures: 0, Errors: 0, Skipped: 0, Time elapsed: 0.034 sec - in org.apache.phoenix.hbase.index.write.TestCachingHTableFactory
Running org.apache.phoenix.hbase.index.write.TestIndexWriter
Tests run: 3, Failures: 0, Errors: 0, Skipped: 0, Time elapsed: 0.209 sec - in org.apache.phoenix.hbase.index.covered.example.TestCoveredColumnIndexCodec
Running org.apache.phoenix.hbase.index.write.TestParalleIndexWriter
Tests run: 5, Failures: 0, Errors: 0, Skipped: 0, Time elapsed: 0.05 sec - in org.apache.phoenix.hbase.index.write.TestIndexWriter
Running org.apache.phoenix.hbase.index.write.TestParalleWriterIndexCommitter
Tests run: 2, Failures: 0, Errors: 0, Skipped: 0, Time elapsed: 0.009 sec - in org.apache.phoenix.hbase.index.write.TestParalleWriterIndexCommitter
Running org.apache.phoenix.hbase.index.write.TestWALRecoveryCaching
Tests run: 1, Failures: 0, Errors: 0, Skipped: 1, Time elapsed: 0.009 sec - in org.apache.phoenix.hbase.index.write.TestWALRecoveryCaching
Running org.apache.phoenix.index.automated.MRJobSubmitterTest
Tests run: 2, Failures: 0, Errors: 0, Skipped: 0, Time elapsed: 0.094 sec - in org.apache.phoenix.hbase.index.write.TestParalleIndexWriter
Running org.apache.phoenix.index.IndexMaintainerTest
Tests run: 5, Failures: 0, Errors: 0, Skipped: 0, Time elapsed: 0.124 sec - in org.apache.phoenix.index.automated.MRJobSubmitterTest
Running org.apache.phoenix.iterate.AggregateResultScannerTest
Tests run: 1, Failures: 0, Errors: 0, Skipped: 0, Time elapsed: 0.173 sec - in org.apache.phoenix.iterate.AggregateResultScannerTest
Running org.apache.phoenix.iterate.ConcatResultIteratorTest
Tests run: 2, Failures: 0, Errors: 0, Skipped: 0, Time elapsed: 0.002 sec - in org.apache.phoenix.iterate.ConcatResultIteratorTest
Running org.apache.phoenix.iterate.MergeSortResultIteratorTest
Tests run: 2, Failures: 0, Errors: 0, Skipped: 0, Time elapsed: 0.002 sec - in org.apache.phoenix.iterate.MergeSortResultIteratorTest
Running org.apache.phoenix.iterate.RowKeyOrderedAggregateResultIteratorTest
Tests run: 4, Failures: 0, Errors: 0, Skipped: 0, Time elapsed: 0.16 sec - in org.apache.phoenix.iterate.RowKeyOrderedAggregateResultIteratorTest
Running org.apache.phoenix.iterate.SpoolingResultIteratorTest
Tests run: 3, Failures: 0, Errors: 0, Skipped: 0, Time elapsed: 0.022 sec - in org.apache.phoenix.iterate.SpoolingResultIteratorTest
Running org.apache.phoenix.jdbc.PhoenixDriverTest
Tests run: 24, Failures: 0, Errors: 0, Skipped: 0, Time elapsed: 0.464 sec - in org.apache.phoenix.index.IndexMaintainerTest
Running org.apache.phoenix.jdbc.PhoenixEmbeddedDriverTest
Tests run: 3, Failures: 0, Errors: 0, Skipped: 0, Time elapsed: 0.075 sec - in org.apache.phoenix.jdbc.PhoenixEmbeddedDriverTest
Running org.apache.phoenix.jdbc.PhoenixPreparedStatementTest
Tests run: 3, Failures: 0, Errors: 0, Skipped: 0, Time elapsed: 0.804 sec - in org.apache.phoenix.hbase.index.write.recovery.TestPerRegionIndexWriteCache
Running org.apache.phoenix.jdbc.PhoenixResultSetMetadataTest
Tests run: 11, Failures: 0, Errors: 0, Skipped: 0, Time elapsed: 0.166 sec - in org.apache.phoenix.jdbc.PhoenixPreparedStatementTest
Running org.apache.phoenix.jdbc.ReadOnlyPropertiesTest
Tests run: 4, Failures: 0, Errors: 0, Skipped: 0, Time elapsed: 0.003 sec - in org.apache.phoenix.jdbc.ReadOnlyPropertiesTest
Running org.apache.phoenix.mapreduce.bulkload.TestTableRowkeyPair
Tests run: 1, Failures: 0, Errors: 0, Skipped: 0, Time elapsed: 0.004 sec - in org.apache.phoenix.mapreduce.bulkload.TestTableRowkeyPair
Running org.apache.phoenix.mapreduce.BulkLoadToolTest
Tests run: 12, Failures: 0, Errors: 0, Skipped: 0, Time elapsed: 0.018 sec - in org.apache.phoenix.mapreduce.BulkLoadToolTest
Running org.apache.phoenix.mapreduce.CsvBulkImportUtilTest
Tests run: 6, Failures: 0, Errors: 0, Skipped: 0, Time elapsed: 0.445 sec - in org.apache.phoenix.jdbc.PhoenixDriverTest
Running org.apache.phoenix.mapreduce.CsvToKeyValueMapperTest
Tests run: 1, Failures: 0, Errors: 0, Skipped: 0, Time elapsed: 0.248 sec - in org.apache.phoenix.jdbc.PhoenixResultSetMetadataTest
Running org.apache.phoenix.mapreduce.FormatToBytesWritableMapperTest
Tests run: 2, Failures: 0, Errors: 0, Skipped: 0, Time elapsed: 0.013 sec - in org.apache.phoenix.mapreduce.CsvToKeyValueMapperTest
Running org.apache.phoenix.mapreduce.util.ColumnInfoToStringEncoderDecoderTest
Tests run: 2, Failures: 0, Errors: 0, Skipped: 0, Time elapsed: 0.077 sec - in org.apache.phoenix.mapreduce.util.ColumnInfoToStringEncoderDecoderTest
Running org.apache.phoenix.mapreduce.util.PhoenixConfigurationUtilTest
Tests run: 5, Failures: 0, Errors: 0, Skipped: 0, Time elapsed: 0.34 sec - in org.apache.phoenix.mapreduce.CsvBulkImportUtilTest
Running org.apache.phoenix.memory.MemoryManagerTest
Tests run: 5, Failures: 0, Errors: 0, Skipped: 0, Time elapsed: 0.204 sec - in org.apache.phoenix.mapreduce.FormatToBytesWritableMapperTest
Running org.apache.phoenix.parse.BuiltInFunctionInfoTest
Tests run: 3, Failures: 0, Errors: 0, Skipped: 0, Time elapsed: 0.003 sec - in org.apache.phoenix.parse.BuiltInFunctionInfoTest
Running org.apache.phoenix.parse.CastParseNodeTest
Tests run: 3, Failures: 0, Errors: 0, Skipped: 0, Time elapsed: 0.001 sec - in org.apache.phoenix.parse.CastParseNodeTest
Running org.apache.phoenix.parse.QueryParserTest
Tests run: 6, Failures: 0, Errors: 0, Skipped: 3, Time elapsed: 0.033 sec - in org.apache.phoenix.memory.MemoryManagerTest
Running org.apache.phoenix.query.ConnectionlessTest
Tests run: 59, Failures: 0, Errors: 0, Skipped: 0, Time elapsed: 0.06 sec - in org.apache.phoenix.parse.QueryParserTest
Running org.apache.phoenix.query.HBaseFactoryProviderTest
Tests run: 3, Failures: 0, Errors: 0, Skipped: 0, Time elapsed: 0.007 sec - in org.apache.phoenix.query.HBaseFactoryProviderTest
Running org.apache.phoenix.query.KeyRangeCoalesceTest
Tests run: 13, Failures: 0, Errors: 0, Skipped: 0, Time elapsed: 0.038 sec - in org.apache.phoenix.query.KeyRangeCoalesceTest
Running org.apache.phoenix.query.KeyRangeIntersectTest
Tests run: 8, Failures: 0, Errors: 0, Skipped: 0, Time elapsed: 0.008 sec - in org.apache.phoenix.query.KeyRangeIntersectTest
Running org.apache.phoenix.query.KeyRangeUnionTest
Tests run: 8, Failures: 0, Errors: 0, Skipped: 0, Time elapsed: 0.007 sec - in org.apache.phoenix.query.KeyRangeUnionTest
Running org.apache.phoenix.query.OrderByTest
Tests run: 3, Failures: 0, Errors: 0, Skipped: 0, Time elapsed: 0.273 sec - in org.apache.phoenix.query.ConnectionlessTest
Running org.apache.phoenix.query.ParallelIteratorsSplitTest
Tests run: 4, Failures: 0, Errors: 0, Skipped: 0, Time elapsed: 0.22 sec - in org.apache.phoenix.query.OrderByTest
Running org.apache.phoenix.query.PhoenixStatsCacheRemovalListenerTest
Tests run: 1, Failures: 0, Errors: 0, Skipped: 0, Time elapsed: 0.001 sec - in org.apache.phoenix.query.PhoenixStatsCacheRemovalListenerTest
Running org.apache.phoenix.query.QueryPlanTest
Tests run: 9, Failures: 0, Errors: 0, Skipped: 0, Time elapsed: 0.556 sec - in org.apache.phoenix.mapreduce.util.PhoenixConfigurationUtilTest
Running org.apache.phoenix.query.ScannerLeaseRenewalTest
Tests run: 8, Failures: 0, Errors: 0, Skipped: 0, Time elapsed: 0.208 sec - in org.apache.phoenix.query.ParallelIteratorsSplitTest
Running org.apache.phoenix.schema.MutationTest
Tests run: 1, Failures: 0, Errors: 0, Skipped: 0, Time elapsed: 0.196 sec - in org.apache.phoenix.schema.MutationTest
Running org.apache.phoenix.schema.PCharPadTest
Tests run: 9, Failures: 0, Errors: 0, Skipped: 0, Time elapsed: 0.002 sec - in org.apache.phoenix.schema.PCharPadTest
Running org.apache.phoenix.schema.PMetaDataImplTest
Tests run: 5, Failures: 0, Errors: 0, Skipped: 0, Time elapsed: 0.006 sec - in org.apache.phoenix.schema.PMetaDataImplTest
Running org.apache.phoenix.schema.RowKeySchemaTest
Tests run: 5, Failures: 0, Errors: 0, Skipped: 0, Time elapsed: 0.442 sec - in org.apache.phoenix.query.QueryPlanTest
Running org.apache.phoenix.schema.RowKeyValueAccessorTest
Tests run: 6, Failures: 0, Errors: 0, Skipped: 0, Time elapsed: 0.164 sec - in org.apache.phoenix.schema.RowKeySchemaTest
Running org.apache.phoenix.schema.SaltingUtilTest
Tests run: 2, Failures: 0, Errors: 0, Skipped: 0, Time elapsed: 0.001 sec - in org.apache.phoenix.schema.SaltingUtilTest
Running org.apache.phoenix.schema.SchemaUtilTest
Tests run: 6, Failures: 0, Errors: 0, Skipped: 0, Time elapsed: 0.001 sec - in org.apache.phoenix.schema.SchemaUtilTest
Running org.apache.phoenix.schema.SequenceAllocationTest
Tests run: 2, Failures: 0, Errors: 0, Skipped: 0, Time elapsed: 0.001 sec - in org.apache.phoenix.schema.SequenceAllocationTest
Running org.apache.phoenix.schema.SortOrderTest
Tests run: 8, Failures: 0, Errors: 0, Skipped: 0, Time elapsed: 0.002 sec - in org.apache.phoenix.schema.SortOrderTest
Running org.apache.phoenix.schema.types.PDataTypeForArraysTest
Tests run: 68, Failures: 0, Errors: 0, Skipped: 0, Time elapsed: 0.017 sec - in org.apache.phoenix.schema.types.PDataTypeForArraysTest
Running org.apache.phoenix.schema.types.PDataTypeTest
Tests run: 1, Failures: 0, Errors: 0, Skipped: 0, Time elapsed: 0.165 sec - in org.apache.phoenix.schema.RowKeyValueAccessorTest
Running org.apache.phoenix.schema.types.PDateArrayToStringTest
Tests run: 6, Failures: 0, Errors: 0, Skipped: 0, Time elapsed: 0.004 sec - in org.apache.phoenix.schema.types.PDateArrayToStringTest
Running org.apache.phoenix.schema.types.PrimitiveBooleanPhoenixArrayToStringTest
Tests run: 6, Failures: 0, Errors: 0, Skipped: 0, Time elapsed: 0.001 sec - in org.apache.phoenix.schema.types.PrimitiveBooleanPhoenixArrayToStringTest
Running org.apache.phoenix.schema.types.PrimitiveBytePhoenixArrayToStringTest
Tests run: 6, Failures: 0, Errors: 0, Skipped: 0, Time elapsed: 0.001 sec - in org.apache.phoenix.schema.types.PrimitiveBytePhoenixArrayToStringTest
Running org.apache.phoenix.schema.types.PrimitiveDoublePhoenixArrayToStringTest
Tests run: 6, Failures: 0, Errors: 0, Skipped: 0, Time elapsed: 0.001 sec - in org.apache.phoenix.schema.types.PrimitiveDoublePhoenixArrayToStringTest
Running org.apache.phoenix.schema.types.PrimitiveFloatPhoenixArrayToStringTest
Tests run: 34, Failures: 0, Errors: 0, Skipped: 0, Time elapsed: 0.056 sec - in org.apache.phoenix.schema.types.PDataTypeTest
Running org.apache.phoenix.schema.types.PrimitiveIntPhoenixArrayToStringTest
Tests run: 6, Failures: 0, Errors: 0, Skipped: 0, Time elapsed: 0.003 sec - in org.apache.phoenix.schema.types.PrimitiveFloatPhoenixArrayToStringTest
Running org.apache.phoenix.schema.types.PrimitiveLongPhoenixArrayToStringTest
Tests run: 6, Failures: 0, Errors: 0, Skipped: 0, Time elapsed: 0.002 sec - in org.apache.phoenix.schema.types.PrimitiveIntPhoenixArrayToStringTest
Running org.apache.phoenix.schema.types.PrimitiveShortPhoenixArrayToStringTest
Tests run: 6, Failures: 0, Errors: 0, Skipped: 0, Time elapsed: 0.001 sec - in org.apache.phoenix.schema.types.PrimitiveLongPhoenixArrayToStringTest
Running org.apache.phoenix.schema.types.PVarcharArrayToStringTest
Tests run: 6, Failures: 0, Errors: 0, Skipped: 0, Time elapsed: 0.001 sec - in org.apache.phoenix.schema.types.PrimitiveShortPhoenixArrayToStringTest
Running org.apache.phoenix.schema.ValueBitSetTest
Tests run: 8, Failures: 0, Errors: 0, Skipped: 0, Time elapsed: 0.002 sec - in org.apache.phoenix.schema.types.PVarcharArrayToStringTest
Running org.apache.phoenix.trace.TraceMetricsSourceTest
Tests run: 4, Failures: 0, Errors: 0, Skipped: 0, Time elapsed: 0.003 sec - in org.apache.phoenix.schema.ValueBitSetTest
Running org.apache.phoenix.util.Base62EncoderTest
Tests run: 1, Failures: 0, Errors: 0, Skipped: 0, Time elapsed: 0.019 sec - in org.apache.phoenix.util.Base62EncoderTest
Running org.apache.phoenix.util.ByteUtilTest
Tests run: 3, Failures: 0, Errors: 0, Skipped: 0, Time elapsed: 0.012 sec - in org.apache.phoenix.util.ByteUtilTest
Running org.apache.phoenix.util.ColumnInfoTest
Tests run: 5, Failures: 0, Errors: 0, Skipped: 0, Time elapsed: 0.004 sec - in org.apache.phoenix.util.ColumnInfoTest
Running org.apache.phoenix.util.csv.CsvUpsertExecutorTest
Tests run: 6, Failures: 0, Errors: 0, Skipped: 0, Time elapsed: 0.2 sec - in org.apache.phoenix.util.csv.CsvUpsertExecutorTest
Running org.apache.phoenix.util.csv.StringToArrayConverterTest
Tests run: 3, Failures: 0, Errors: 0, Skipped: 0, Time elapsed: 0.342 sec - in org.apache.phoenix.trace.TraceMetricsSourceTest
Running org.apache.phoenix.util.DateUtilTest
Tests run: 4, Failures: 0, Errors: 0, Skipped: 0, Time elapsed: 0.1 sec - in org.apache.phoenix.util.csv.StringToArrayConverterTest
Running org.apache.phoenix.util.IndexUtilTest
Tests run: 2, Failures: 0, Errors: 0, Skipped: 0, Time elapsed: 0.003 sec - in org.apache.phoenix.util.IndexUtilTest
Running org.apache.phoenix.util.JDBCUtilTest
Tests run: 12, Failures: 0, Errors: 0, Skipped: 0, Time elapsed: 0.003 sec - in org.apache.phoenix.util.JDBCUtilTest
Tests run: 22, Failures: 0, Errors: 0, Skipped: 0, Time elapsed: 0.015 sec - in org.apache.phoenix.util.DateUtilTest
Running org.apache.phoenix.util.LikeExpressionTest
Tests run: 1, Failures: 0, Errors: 0, Skipped: 0, Time elapsed: 0.001 sec - in org.apache.phoenix.util.LikeExpressionTest
Running org.apache.phoenix.util.LogUtilTest
Running org.apache.phoenix.util.json.JsonUpsertExecutorTest
Tests run: 3, Failures: 0, Errors: 0, Skipped: 0, Time elapsed: 0.052 sec - in org.apache.phoenix.util.LogUtilTest
Running org.apache.phoenix.util.MetaDataUtilTest
Tests run: 4, Failures: 0, Errors: 0, Skipped: 0, Time elapsed: 0.03 sec - in org.apache.phoenix.util.MetaDataUtilTest
Running org.apache.phoenix.util.PhoenixContextExecutorTest
Tests run: 1, Failures: 0, Errors: 0, Skipped: 0, Time elapsed: 0.001 sec - in org.apache.phoenix.util.PhoenixContextExecutorTest
Running org.apache.phoenix.util.PhoenixEncodeDecodeTest
Tests run: 5, Failures: 0, Errors: 0, Skipped: 0, Time elapsed: 0.116 sec - in org.apache.phoenix.util.json.JsonUpsertExecutorTest
Running org.apache.phoenix.util.PhoenixRuntimeTest
Tests run: 4, Failures: 0, Errors: 0, Skipped: 0, Time elapsed: 0.16 sec - in org.apache.phoenix.util.PhoenixEncodeDecodeTest
Running org.apache.phoenix.util.PrefixByteEncoderDecoderTest
Tests run: 3, Failures: 0, Errors: 0, Skipped: 0, Time elapsed: 0.003 sec - in org.apache.phoenix.util.PrefixByteEncoderDecoderTest
Running org.apache.phoenix.util.PropertiesUtilTest
Tests run: 3, Failures: 0, Errors: 0, Skipped: 0, Time elapsed: 0.024 sec - in org.apache.phoenix.util.PropertiesUtilTest
Running org.apache.phoenix.util.QueryUtilTest
Tests run: 9, Failures: 0, Errors: 0, Skipped: 0, Time elapsed: 0.005 sec - in org.apache.phoenix.util.QueryUtilTest
Running org.apache.phoenix.util.ScanUtilTest
Tests run: 20, Failures: 0, Errors: 0, Skipped: 0, Time elapsed: 0.008 sec - in org.apache.phoenix.util.ScanUtilTest
Running org.apache.phoenix.util.SequenceUtilTest
Tests run: 18, Failures: 0, Errors: 0, Skipped: 0, Time elapsed: 0.004 sec - in org.apache.phoenix.util.SequenceUtilTest
Running org.apache.phoenix.util.StringUtilTest
Tests run: 5, Failures: 0, Errors: 0, Skipped: 0, Time elapsed: 0.008 sec - in org.apache.phoenix.util.StringUtilTest
Running org.apache.phoenix.util.TenantIdByteConversionTest
Tests run: 18, Failures: 0, Errors: 0, Skipped: 0, Time elapsed: 0.014 sec - in org.apache.phoenix.util.TenantIdByteConversionTest
Tests run: 11, Failures: 0, Errors: 0, Skipped: 0, Time elapsed: 0.285 sec - in org.apache.phoenix.util.PhoenixRuntimeTest
Tests run: 2, Failures: 0, Errors: 0, Skipped: 0, Time elapsed: 4.489 sec - in org.apache.phoenix.query.ScannerLeaseRenewalTest

Results :

Tests run: 1375, Failures: 0, Errors: 0, Skipped: 5

[INFO] 
[INFO] --- maven-source-plugin:2.2.1:jar-no-fork (attach-sources) @ phoenix-core ---
[INFO] Building jar: /Users/prakul.agarwal/Documents/works/prPhoenix/phoenix-core/target/phoenix-core-4.8.0-HBase-1.2-SNAPSHOT-sources.jar
[INFO] 
[INFO] --- maven-jar-plugin:2.4:test-jar (default) @ phoenix-core ---
[INFO] Building jar: /Users/prakul.agarwal/Documents/works/prPhoenix/phoenix-core/target/phoenix-core-4.8.0-HBase-1.2-SNAPSHOT-tests.jar
[INFO] 
[INFO] --- maven-jar-plugin:2.4:jar (default-jar) @ phoenix-core ---
[INFO] Building jar: /Users/prakul.agarwal/Documents/works/prPhoenix/phoenix-core/target/phoenix-core-4.8.0-HBase-1.2-SNAPSHOT.jar
[INFO] 
[INFO] --- maven-site-plugin:3.2:attach-descriptor (attach-descriptor) @ phoenix-core ---
[INFO] 
[INFO] --- maven-assembly-plugin:2.5.2:single (core) @ phoenix-core ---
[INFO] Reading assembly descriptor: src/build/phoenix-core.xml
[WARNING] Artifact: org.apache.phoenix:phoenix-core:jar:4.8.0-HBase-1.2-SNAPSHOT references the same file as the assembly destination file. Moving it to a temporary location for inclusion.
[INFO] Building jar: /Users/prakul.agarwal/Documents/works/prPhoenix/phoenix-core/target/phoenix-core-4.8.0-HBase-1.2-SNAPSHOT.jar
[INFO] 
[INFO] --- maven-failsafe-plugin:2.19.1:integration-test (ClientManagedTimeTests) @ phoenix-core ---

-------------------------------------------------------
 T E S T S
-------------------------------------------------------
Java HotSpot(TM) 64-Bit Server VM warning: ignoring option MaxPermSize=128m; support was removed in 8.0
Java HotSpot(TM) 64-Bit Server VM warning: ignoring option MaxPermSize=128m; support was removed in 8.0
Java HotSpot(TM) 64-Bit Server VM warning: ignoring option MaxPermSize=128m; support was removed in 8.0
Java HotSpot(TM) 64-Bit Server VM warning: ignoring option MaxPermSize=128m; support was removed in 8.0
Java HotSpot(TM) 64-Bit Server VM warning: ignoring option MaxPermSize=128m; support was removed in 8.0
Running org.apache.phoenix.end2end.AggregateQueryIT
Running org.apache.phoenix.end2end.ArrayIT
Running org.apache.phoenix.end2end.CastAndCoerceIT
Running org.apache.phoenix.end2end.CaseStatementIT
Running org.apache.phoenix.end2end.ClientTimeArithmeticQueryIT
Tests run: 49, Failures: 0, Errors: 0, Skipped: 0, Time elapsed: 41.869 sec - in org.apache.phoenix.end2end.CastAndCoerceIT
Running org.apache.phoenix.end2end.ColumnProjectionOptimizationIT
Tests run: 63, Failures: 0, Errors: 0, Skipped: 0, Time elapsed: 42.15 sec - in org.apache.phoenix.end2end.CaseStatementIT
Running org.apache.phoenix.end2end.CreateSchemaIT
Tests run: 1, Failures: 0, Errors: 0, Skipped: 0, Time elapsed: 0.125 sec - in org.apache.phoenix.end2end.CreateSchemaIT
Running org.apache.phoenix.end2end.CreateTableIT
Tests run: 42, Failures: 0, Errors: 0, Skipped: 0, Time elapsed: 55.682 sec - in org.apache.phoenix.end2end.AggregateQueryIT
Running org.apache.phoenix.end2end.CustomEntityDataIT
Tests run: 3, Failures: 0, Errors: 0, Skipped: 0, Time elapsed: 5.931 sec - in org.apache.phoenix.end2end.CustomEntityDataIT
Running org.apache.phoenix.end2end.DerivedTableIT
Tests run: 3, Failures: 0, Errors: 0, Skipped: 0, Time elapsed: 24.717 sec - in org.apache.phoenix.end2end.ColumnProjectionOptimizationIT
Running org.apache.phoenix.end2end.DistinctCountIT
Tests run: 18, Failures: 0, Errors: 0, Skipped: 0, Time elapsed: 14.253 sec - in org.apache.phoenix.end2end.DerivedTableIT
Running org.apache.phoenix.end2end.DropSchemaIT
Tests run: 79, Failures: 0, Errors: 0, Skipped: 0, Time elapsed: 76.526 sec - in org.apache.phoenix.end2end.ArrayIT
Running org.apache.phoenix.end2end.ExtendedQueryExecIT
Tests run: 4, Failures: 0, Errors: 0, Skipped: 0, Time elapsed: 5.985 sec - in org.apache.phoenix.end2end.ExtendedQueryExecIT
Running org.apache.phoenix.end2end.FunkyNamesIT
Tests run: 10, Failures: 0, Errors: 0, Skipped: 0, Time elapsed: 16.996 sec - in org.apache.phoenix.end2end.DistinctCountIT
Running org.apache.phoenix.end2end.GroupByIT
Tests run: 2, Failures: 0, Errors: 0, Skipped: 0, Time elapsed: 11.556 sec - in org.apache.phoenix.end2end.DropSchemaIT
Tests run: 3, Failures: 0, Errors: 0, Skipped: 0, Time elapsed: 5.878 sec - in org.apache.phoenix.end2end.FunkyNamesIT
Running org.apache.phoenix.end2end.NotQueryIT
Running org.apache.phoenix.end2end.NativeHBaseTypesIT
Tests run: 1, Failures: 0, Errors: 1, Skipped: 0, Time elapsed: 0.009 sec <<< FAILURE! - in org.apache.phoenix.end2end.NativeHBaseTypesIT
org.apache.phoenix.end2end.NativeHBaseTypesIT  Time elapsed: 0.009 sec  <<< ERROR!
java.lang.NullPointerException
	at org.apache.phoenix.end2end.NativeHBaseTypesIT.initTableValues(NativeHBaseTypesIT.java:154)
	at org.apache.phoenix.end2end.NativeHBaseTypesIT.doBeforeTestSetup(NativeHBaseTypesIT.java:89)

Running org.apache.phoenix.end2end.PointInTimeQueryIT
Tests run: 245, Failures: 0, Errors: 0, Skipped: 0, Time elapsed: 92.634 sec - in org.apache.phoenix.end2end.ClientTimeArithmeticQueryIT
Running org.apache.phoenix.end2end.ProductMetricsIT
Tests run: 61, Failures: 0, Errors: 0, Skipped: 0, Time elapsed: 21.441 sec - in org.apache.phoenix.end2end.ProductMetricsIT
Running org.apache.phoenix.end2end.QueryDatabaseMetaDataIT
Tests run: 14, Failures: 0, Errors: 0, Skipped: 0, Time elapsed: 33.124 sec - in org.apache.phoenix.end2end.PointInTimeQueryIT
Running org.apache.phoenix.end2end.QueryIT
Tests run: 77, Failures: 0, Errors: 0, Skipped: 0, Time elapsed: 41.844 sec - in org.apache.phoenix.end2end.NotQueryIT
Running org.apache.phoenix.end2end.ReadIsolationLevelIT
Tests run: 15, Failures: 0, Errors: 0, Skipped: 0, Time elapsed: 91.573 sec - in org.apache.phoenix.end2end.CreateTableIT
Running org.apache.phoenix.end2end.RowValueConstructorIT
Tests run: 2, Failures: 0, Errors: 0, Skipped: 0, Time elapsed: 5.944 sec - in org.apache.phoenix.end2end.ReadIsolationLevelIT
Running org.apache.phoenix.end2end.ScanQueryIT
Tests run: 105, Failures: 0, Errors: 0, Skipped: 0, Time elapsed: 55.369 sec - in org.apache.phoenix.end2end.GroupByIT
Running org.apache.phoenix.end2end.SequenceBulkAllocationIT
Tests run: 56, Failures: 0, Errors: 0, Skipped: 0, Time elapsed: 22.255 sec - in org.apache.phoenix.end2end.SequenceBulkAllocationIT
Running org.apache.phoenix.end2end.SequenceIT
Tests run: 126, Failures: 0, Errors: 0, Skipped: 0, Time elapsed: 53.007 sec - in org.apache.phoenix.end2end.QueryIT
Running org.apache.phoenix.end2end.ToNumberFunctionIT
Tests run: 18, Failures: 0, Errors: 0, Skipped: 0, Time elapsed: 6.843 sec - in org.apache.phoenix.end2end.ToNumberFunctionIT
Running org.apache.phoenix.end2end.TopNIT
Tests run: 119, Failures: 0, Errors: 0, Skipped: 0, Time elapsed: 55.862 sec - in org.apache.phoenix.end2end.ScanQueryIT
Running org.apache.phoenix.end2end.TruncateFunctionIT
Tests run: 4, Failures: 0, Errors: 0, Skipped: 0, Time elapsed: 6.243 sec - in org.apache.phoenix.end2end.TopNIT
Running org.apache.phoenix.end2end.UnnestArrayIT
Tests run: 1, Failures: 0, Errors: 0, Skipped: 1, Time elapsed: 0.001 sec - in org.apache.phoenix.end2end.UnnestArrayIT
Running org.apache.phoenix.end2end.UpsertSelectIT
Tests run: 1, Failures: 0, Errors: 0, Skipped: 0, Time elapsed: 5.867 sec - in org.apache.phoenix.end2end.TruncateFunctionIT
Running org.apache.phoenix.end2end.UpsertValuesIT
Tests run: 54, Failures: 0, Errors: 0, Skipped: 0, Time elapsed: 49.287 sec - in org.apache.phoenix.end2end.SequenceIT
Running org.apache.phoenix.end2end.VariableLengthPKIT
Tests run: 50, Failures: 0, Errors: 0, Skipped: 0, Time elapsed: 40.569 sec - in org.apache.phoenix.end2end.VariableLengthPKIT
Running org.apache.phoenix.end2end.salted.SaltedTableIT
Tests run: 46, Failures: 0, Errors: 0, Skipped: 0, Time elapsed: 116.827 sec - in org.apache.phoenix.end2end.RowValueConstructorIT
Running org.apache.phoenix.rpc.UpdateCacheWithScnIT
Tests run: 8, Failures: 0, Errors: 0, Skipped: 0, Time elapsed: 6.502 sec - in org.apache.phoenix.end2end.salted.SaltedTableIT
Tests run: 1, Failures: 0, Errors: 0, Skipped: 0, Time elapsed: 5.983 sec - in org.apache.phoenix.rpc.UpdateCacheWithScnIT
Tests run: 19, Failures: 2, Errors: 4, Skipped: 0, Time elapsed: 145.348 sec <<< FAILURE! - in org.apache.phoenix.end2end.QueryDatabaseMetaDataIT
testAddKVColumnToNewFamily(org.apache.phoenix.end2end.QueryDatabaseMetaDataIT)  Time elapsed: 2.444 sec  <<< ERROR!
org.apache.phoenix.schema.TableNotFoundException: ERROR 1012 (42M03): Table undefined. tableName=ATABLE
	at org.apache.phoenix.end2end.QueryDatabaseMetaDataIT.testAddKVColumnToNewFamily(QueryDatabaseMetaDataIT.java:1014)

testDropPKColumn(org.apache.phoenix.end2end.QueryDatabaseMetaDataIT)  Time elapsed: 2.394 sec  <<< FAILURE!
java.lang.AssertionError: ERROR 1012 (42M03): Table undefined. tableName=ATABLE
	at org.apache.phoenix.end2end.QueryDatabaseMetaDataIT.testDropPKColumn(QueryDatabaseMetaDataIT.java:1118)

testDropKVColumn(org.apache.phoenix.end2end.QueryDatabaseMetaDataIT)  Time elapsed: 3.266 sec  <<< ERROR!
org.apache.phoenix.schema.TableNotFoundException: ERROR 1012 (42M03): Table undefined. tableName=ATABLE
	at org.apache.phoenix.end2end.QueryDatabaseMetaDataIT.testDropKVColumn(QueryDatabaseMetaDataIT.java:1074)

testAddPKColumn(org.apache.phoenix.end2end.QueryDatabaseMetaDataIT)  Time elapsed: 2.493 sec  <<< FAILURE!
java.lang.AssertionError: ERROR 1012 (42M03): Table undefined. tableName=ATABLE
	at org.apache.phoenix.end2end.QueryDatabaseMetaDataIT.testAddPKColumn(QueryDatabaseMetaDataIT.java:1045)

testAddKVColumnToExistingFamily(org.apache.phoenix.end2end.QueryDatabaseMetaDataIT)  Time elapsed: 2.409 sec  <<< ERROR!
org.apache.phoenix.schema.TableNotFoundException: ERROR 1012 (42M03): Table undefined. tableName=ATABLE
	at org.apache.phoenix.end2end.QueryDatabaseMetaDataIT.testAddKVColumnToExistingFamily(QueryDatabaseMetaDataIT.java:987)

testCreateDropTable(org.apache.phoenix.end2end.QueryDatabaseMetaDataIT)  Time elapsed: 4.654 sec  <<< ERROR!
org.apache.phoenix.schema.TableNotFoundException: ERROR 1012 (42M03): Table undefined. tableName=ATABLE
	at org.apache.phoenix.end2end.QueryDatabaseMetaDataIT.testCreateDropTable(QueryDatabaseMetaDataIT.java:666)

Tests run: 24, Failures: 0, Errors: 3, Skipped: 0, Time elapsed: 104.298 sec <<< FAILURE! - in org.apache.phoenix.end2end.UpsertValuesIT
testUpsertValuesWithExpression(org.apache.phoenix.end2end.UpsertValuesIT)  Time elapsed: 0.102 sec  <<< ERROR!
java.lang.NullPointerException
	at org.apache.phoenix.end2end.UpsertValuesIT.testUpsertValuesWithExpression(UpsertValuesIT.java:117)

testGroupByWithLimitOverRowKey(org.apache.phoenix.end2end.UpsertValuesIT)  Time elapsed: 0.101 sec  <<< ERROR!
java.lang.NullPointerException
	at org.apache.phoenix.end2end.UpsertValuesIT.testGroupByWithLimitOverRowKey(UpsertValuesIT.java:55)

testUpsertDateValues(org.apache.phoenix.end2end.UpsertValuesIT)  Time elapsed: 0.105 sec  <<< ERROR!
java.lang.NullPointerException
	at org.apache.phoenix.end2end.UpsertValuesIT.testUpsertDateValues(UpsertValuesIT.java:88)

Tests run: 20, Failures: 0, Errors: 0, Skipped: 0, Time elapsed: 133.736 sec - in org.apache.phoenix.end2end.UpsertSelectIT

Results :

Failed tests: 
  QueryDatabaseMetaDataIT.testAddPKColumn:1045 ERROR 1012 (42M03): Table undefined. tableName=ATABLE
  QueryDatabaseMetaDataIT.testDropPKColumn:1118 ERROR 1012 (42M03): Table undefined. tableName=ATABLE
Tests in error: 
  NativeHBaseTypesIT.doBeforeTestSetup:89->initTableValues:154->BaseTest.ensureTableCreated:816->BaseTest.ensureTableCreated:821 » NullPointer
  QueryDatabaseMetaDataIT.testAddKVColumnToExistingFamily:987 » TableNotFound ER...
  QueryDatabaseMetaDataIT.testAddKVColumnToNewFamily:1014 » TableNotFound ERROR ...
  QueryDatabaseMetaDataIT.testCreateDropTable:666 » TableNotFound ERROR 1012 (42...
  QueryDatabaseMetaDataIT.testDropKVColumn:1074 » TableNotFound ERROR 1012 (42M0...
  UpsertValuesIT.testGroupByWithLimitOverRowKey:55->BaseTest.ensureTableCreated:816->BaseTest.ensureTableCreated:821 » NullPointer
  UpsertValuesIT.testUpsertDateValues:88->BaseTest.ensureTableCreated:816->BaseTest.ensureTableCreated:821 » NullPointer
  UpsertValuesIT.testUpsertValuesWithExpression:117->BaseTest.ensureTableCreated:816->BaseTest.ensureTableCreated:821 » NullPointer

Tests run: 1344, Failures: 2, Errors: 8, Skipped: 1

[INFO] 
[INFO] --- maven-failsafe-plugin:2.19.1:integration-test (HBaseManagedTimeTests) @ phoenix-core ---

-------------------------------------------------------
 T E S T S
-------------------------------------------------------
Java HotSpot(TM) 64-Bit Server VM warning: ignoring option MaxPermSize=128m; support was removed in 8.0
Java HotSpot(TM) 64-Bit Server VM warning: ignoring option MaxPermSize=128m; support was removed in 8.0
Java HotSpot(TM) 64-Bit Server VM warning: ignoring option MaxPermSize=128m; support was removed in 8.0
Java HotSpot(TM) 64-Bit Server VM warning: ignoring option MaxPermSize=128m; support was removed in 8.0
Java HotSpot(TM) 64-Bit Server VM warning: ignoring option MaxPermSize=128m; support was removed in 8.0
Running org.apache.phoenix.end2end.SubqueryIT
Running org.apache.phoenix.end2end.SortMergeJoinIT
Running org.apache.phoenix.end2end.HashJoinIT
Running org.apache.phoenix.end2end.SpooledSortMergeJoinIT
Running org.apache.phoenix.end2end.HashJoinLocalIndexIT
Tests run: 1, Failures: 0, Errors: 0, Skipped: 0, Time elapsed: 40.788 sec - in org.apache.phoenix.end2end.HashJoinLocalIndexIT
Running org.apache.phoenix.end2end.SubqueryUsingSortMergeJoinIT
Tests run: 21, Failures: 0, Errors: 0, Skipped: 0, Time elapsed: 86.034 sec - in org.apache.phoenix.end2end.SubqueryIT
Tests run: 99, Failures: 0, Errors: 0, Skipped: 0, Time elapsed: 111.513 sec - in org.apache.phoenix.end2end.HashJoinIT
Tests run: 102, Failures: 0, Errors: 0, Skipped: 0, Time elapsed: 114.677 sec - in org.apache.phoenix.end2end.SortMergeJoinIT
Tests run: 102, Failures: 0, Errors: 0, Skipped: 0, Time elapsed: 118.471 sec - in org.apache.phoenix.end2end.SpooledSortMergeJoinIT
Tests run: 15, Failures: 0, Errors: 0, Skipped: 0, Time elapsed: 76.544 sec - in org.apache.phoenix.end2end.SubqueryUsingSortMergeJoinIT

Results :

Tests run: 340, Failures: 0, Errors: 0, Skipped: 0

[INFO] 
[INFO] --- maven-failsafe-plugin:2.19.1:integration-test (HBaseManagedTimeTableReuseTest) @ phoenix-core ---

-------------------------------------------------------
 T E S T S
-------------------------------------------------------
Java HotSpot(TM) 64-Bit Server VM warning: ignoring option MaxPermSize=128m; support was removed in 8.0
Java HotSpot(TM) 64-Bit Server VM warning: ignoring option MaxPermSize=128m; support was removed in 8.0
Java HotSpot(TM) 64-Bit Server VM warning: ignoring option MaxPermSize=128m; support was removed in 8.0
Java HotSpot(TM) 64-Bit Server VM warning: ignoring option MaxPermSize=128m; support was removed in 8.0
Java HotSpot(TM) 64-Bit Server VM warning: ignoring option MaxPermSize=128m; support was removed in 8.0
Running org.apache.phoenix.end2end.AlterSessionIT
Tests run: 2, Failures: 0, Errors: 0, Skipped: 0, Time elapsed: 0.252 sec - in org.apache.phoenix.end2end.AlterSessionIT
Running org.apache.phoenix.end2end.ArrayAppendFunctionIT
Running org.apache.phoenix.end2end.ArithmeticQueryIT
Running org.apache.phoenix.end2end.AbsFunctionEnd2EndIT
Running org.apache.phoenix.end2end.AppendOnlySchemaIT
Running org.apache.phoenix.end2end.AlterTableWithViewsIT
Tests run: 1, Failures: 0, Errors: 0, Skipped: 0, Time elapsed: 2.44 sec - in org.apache.phoenix.end2end.AbsFunctionEnd2EndIT
Running org.apache.phoenix.end2end.ArrayConcatFunctionIT
Tests run: 8, Failures: 0, Errors: 0, Skipped: 0, Time elapsed: 32.008 sec - in org.apache.phoenix.end2end.AppendOnlySchemaIT
Running org.apache.phoenix.end2end.ArrayFillFunctionIT
Tests run: 26, Failures: 0, Errors: 0, Skipped: 0, Time elapsed: 14.847 sec - in org.apache.phoenix.end2end.ArrayFillFunctionIT
Running org.apache.phoenix.end2end.ArrayPrependFunctionIT
Tests run: 26, Failures: 0, Errors: 0, Skipped: 0, Time elapsed: 61.532 sec - in org.apache.phoenix.end2end.ArithmeticQueryIT
Running org.apache.phoenix.end2end.ArrayToStringFunctionIT
Tests run: 30, Failures: 0, Errors: 0, Skipped: 0, Time elapsed: 69.189 sec - in org.apache.phoenix.end2end.ArrayConcatFunctionIT
Running org.apache.phoenix.end2end.ArraysWithNullsIT
Tests run: 34, Failures: 0, Errors: 0, Skipped: 0, Time elapsed: 76.246 sec - in org.apache.phoenix.end2end.ArrayAppendFunctionIT
Running org.apache.phoenix.end2end.AutoCommitIT
Tests run: 1, Failures: 0, Errors: 0, Skipped: 0, Time elapsed: 2.285 sec - in org.apache.phoenix.end2end.AutoCommitIT
Running org.apache.phoenix.end2end.AutoPartitionViewsIT
Tests run: 36, Failures: 0, Errors: 0, Skipped: 0, Time elapsed: 20.551 sec - in org.apache.phoenix.end2end.ArrayToStringFunctionIT
Running org.apache.phoenix.end2end.BinaryRowKeyIT
Tests run: 3, Failures: 0, Errors: 0, Skipped: 0, Time elapsed: 5.777 sec - in org.apache.phoenix.end2end.BinaryRowKeyIT
Running org.apache.phoenix.end2end.CSVCommonsLoaderIT
Tests run: 16, Failures: 0, Errors: 0, Skipped: 0, Time elapsed: 35.038 sec - in org.apache.phoenix.end2end.ArraysWithNullsIT
Running org.apache.phoenix.end2end.CbrtFunctionEnd2EndIT
Tests run: 2, Failures: 0, Errors: 0, Skipped: 0, Time elapsed: 0.092 sec - in org.apache.phoenix.end2end.CbrtFunctionEnd2EndIT
Running org.apache.phoenix.end2end.CoalesceFunctionIT
Tests run: 16, Failures: 0, Errors: 0, Skipped: 0, Time elapsed: 31.85 sec - in org.apache.phoenix.end2end.CSVCommonsLoaderIT
Running org.apache.phoenix.end2end.ConvertTimezoneFunctionIT
Tests run: 34, Failures: 0, Errors: 0, Skipped: 0, Time elapsed: 78.006 sec - in org.apache.phoenix.end2end.ArrayPrependFunctionIT
Running org.apache.phoenix.end2end.DateTimeIT
Tests run: 11, Failures: 0, Errors: 0, Skipped: 0, Time elapsed: 24.698 sec - in org.apache.phoenix.end2end.CoalesceFunctionIT
Running org.apache.phoenix.end2end.DecodeFunctionIT
Tests run: 7, Failures: 0, Errors: 0, Skipped: 0, Time elapsed: 15.676 sec - in org.apache.phoenix.end2end.ConvertTimezoneFunctionIT
Running org.apache.phoenix.end2end.DeleteIT
Tests run: 12, Failures: 0, Errors: 0, Skipped: 0, Time elapsed: 63.651 sec - in org.apache.phoenix.end2end.AutoPartitionViewsIT
Running org.apache.phoenix.end2end.DisableLocalIndexIT
Tests run: 1, Failures: 0, Errors: 0, Skipped: 0, Time elapsed: 4.51 sec - in org.apache.phoenix.end2end.DisableLocalIndexIT
Tests run: 6, Failures: 0, Errors: 0, Skipped: 0, Time elapsed: 13.416 sec - in org.apache.phoenix.end2end.DecodeFunctionIT
Running org.apache.phoenix.end2end.DynamicColumnIT
Tests run: 5, Failures: 0, Errors: 0, Skipped: 0, Time elapsed: 6.453 sec - in org.apache.phoenix.end2end.DynamicColumnIT
Running org.apache.phoenix.end2end.DynamicFamilyIT
Running org.apache.phoenix.end2end.DistinctPrefixFilterIT
Tests run: 4, Failures: 0, Errors: 0, Skipped: 0, Time elapsed: 4.519 sec - in org.apache.phoenix.end2end.DynamicFamilyIT
Running org.apache.phoenix.end2end.DynamicUpsertIT
Tests run: 7, Failures: 0, Errors: 0, Skipped: 0, Time elapsed: 0.039 sec - in org.apache.phoenix.end2end.DynamicUpsertIT
Running org.apache.phoenix.end2end.EncodeFunctionIT
Tests run: 5, Failures: 0, Errors: 0, Skipped: 0, Time elapsed: 7.694 sec - in org.apache.phoenix.end2end.DistinctPrefixFilterIT
Running org.apache.phoenix.end2end.EvaluationOfORIT
Tests run: 2, Failures: 0, Errors: 0, Skipped: 0, Time elapsed: 2.263 sec - in org.apache.phoenix.end2end.EvaluationOfORIT
Running org.apache.phoenix.end2end.ExecuteStatementsIT
Tests run: 6, Failures: 0, Errors: 0, Skipped: 0, Time elapsed: 17.977 sec - in org.apache.phoenix.end2end.EncodeFunctionIT
Running org.apache.phoenix.end2end.ExpFunctionEnd2EndIT
Tests run: 18, Failures: 0, Errors: 0, Skipped: 0, Time elapsed: 180.815 sec - in org.apache.phoenix.end2end.AlterTableWithViewsIT
Running org.apache.phoenix.end2end.FirstValueFunctionIT
Tests run: 2, Failures: 0, Errors: 0, Skipped: 0, Time elapsed: 17.657 sec - in org.apache.phoenix.end2end.ExecuteStatementsIT
Running org.apache.phoenix.end2end.GetSetByteBitFunctionEnd2EndIT
Tests run: 1, Failures: 0, Errors: 0, Skipped: 0, Time elapsed: 0.028 sec - in org.apache.phoenix.end2end.GetSetByteBitFunctionEnd2EndIT
Running org.apache.phoenix.end2end.GroupByCaseIT
Tests run: 3, Failures: 0, Errors: 0, Skipped: 0, Time elapsed: 15.66 sec - in org.apache.phoenix.end2end.ExpFunctionEnd2EndIT
Running org.apache.phoenix.end2end.HashJoinMoreIT
Tests run: 7, Failures: 0, Errors: 0, Skipped: 0, Time elapsed: 15.703 sec - in org.apache.phoenix.end2end.FirstValueFunctionIT
Running org.apache.phoenix.end2end.InListIT
Tests run: 24, Failures: 0, Errors: 0, Skipped: 0, Time elapsed: 79.774 sec - in org.apache.phoenix.end2end.DateTimeIT
Running org.apache.phoenix.end2end.InMemoryOrderByIT
Tests run: 10, Failures: 0, Errors: 0, Skipped: 0, Time elapsed: 22.472 sec - in org.apache.phoenix.end2end.GroupByCaseIT
Running org.apache.phoenix.end2end.InstrFunctionIT
Tests run: 8, Failures: 0, Errors: 0, Skipped: 0, Time elapsed: 17.942 sec - in org.apache.phoenix.end2end.InstrFunctionIT
Running org.apache.phoenix.end2end.IsNullIT
Tests run: 8, Failures: 0, Errors: 0, Skipped: 0, Time elapsed: 22.59 sec - in org.apache.phoenix.end2end.InMemoryOrderByIT
Running org.apache.phoenix.end2end.LastValueFunctionIT
Tests run: 3, Failures: 0, Errors: 0, Skipped: 0, Time elapsed: 6.736 sec - in org.apache.phoenix.end2end.IsNullIT
Running org.apache.phoenix.end2end.LikeExpressionIT
Tests run: 3, Failures: 0, Errors: 0, Skipped: 0, Time elapsed: 4.501 sec - in org.apache.phoenix.end2end.LikeExpressionIT
Running org.apache.phoenix.end2end.LnLogFunctionEnd2EndIT
Tests run: 25, Failures: 0, Errors: 0, Skipped: 0, Time elapsed: 108.226 sec - in org.apache.phoenix.end2end.DeleteIT
Running org.apache.phoenix.end2end.MD5FunctionIT
Tests run: 1, Failures: 0, Errors: 0, Skipped: 0, Time elapsed: 3.598 sec - in org.apache.phoenix.end2end.LnLogFunctionEnd2EndIT
Running org.apache.phoenix.end2end.MapReduceIT
Tests run: 8, Failures: 0, Errors: 0, Skipped: 0, Time elapsed: 52.31 sec - in org.apache.phoenix.end2end.HashJoinMoreIT
Running org.apache.phoenix.end2end.MappingTableDataTypeIT
Tests run: 3, Failures: 0, Errors: 0, Skipped: 0, Time elapsed: 6.74 sec - in org.apache.phoenix.end2end.MD5FunctionIT
Running org.apache.phoenix.end2end.MinMaxAggregateFunctionIT
Tests run: 1, Failures: 0, Errors: 0, Skipped: 0, Time elapsed: 2.285 sec - in org.apache.phoenix.end2end.MinMaxAggregateFunctionIT
Running org.apache.phoenix.end2end.ModulusExpressionIT
Tests run: 11, Failures: 0, Errors: 0, Skipped: 0, Time elapsed: 23.681 sec - in org.apache.phoenix.end2end.LastValueFunctionIT
Running org.apache.phoenix.end2end.NamespaceSchemaMappingIT
Tests run: 1, Failures: 0, Errors: 0, Skipped: 0, Time elapsed: 9.68 sec - in org.apache.phoenix.end2end.MappingTableDataTypeIT
Running org.apache.phoenix.end2end.NthValueFunctionIT
Tests run: 2, Failures: 0, Errors: 0, Skipped: 0, Time elapsed: 11.829 sec - in org.apache.phoenix.end2end.MapReduceIT
Running org.apache.phoenix.end2end.OctetLengthFunctionEnd2EndIT
Tests run: 1, Failures: 0, Errors: 0, Skipped: 0, Time elapsed: 2.26 sec - in org.apache.phoenix.end2end.OctetLengthFunctionEnd2EndIT
Running org.apache.phoenix.end2end.OrderByIT
Tests run: 1, Failures: 0, Errors: 0, Skipped: 0, Time elapsed: 14.485 sec - in org.apache.phoenix.end2end.NamespaceSchemaMappingIT
Running org.apache.phoenix.end2end.PercentileIT
Tests run: 11, Failures: 0, Errors: 0, Skipped: 0, Time elapsed: 25.138 sec - in org.apache.phoenix.end2end.ModulusExpressionIT
Running org.apache.phoenix.end2end.PhoenixRuntimeIT
Tests run: 8, Failures: 0, Errors: 0, Skipped: 0, Time elapsed: 20.461 sec - in org.apache.phoenix.end2end.OrderByIT
Tests run: 11, Failures: 0, Errors: 0, Skipped: 0, Time elapsed: 23.66 sec - in org.apache.phoenix.end2end.NthValueFunctionIT
Running org.apache.phoenix.end2end.PrimitiveTypeIT
Tests run: 9, Failures: 0, Errors: 0, Skipped: 0, Time elapsed: 0.038 sec - in org.apache.phoenix.end2end.PrimitiveTypeIT
Running org.apache.phoenix.end2end.QueryExecWithoutSCNIT
Running org.apache.phoenix.end2end.PowerFunctionEnd2EndIT
Tests run: 1, Failures: 0, Errors: 0, Skipped: 0, Time elapsed: 0.081 sec - in org.apache.phoenix.end2end.PowerFunctionEnd2EndIT
Running org.apache.phoenix.end2end.QueryMoreIT
Tests run: 1, Failures: 0, Errors: 0, Skipped: 0, Time elapsed: 2.269 sec - in org.apache.phoenix.end2end.QueryExecWithoutSCNIT
Running org.apache.phoenix.end2end.RTrimFunctionIT
Tests run: 2, Failures: 0, Errors: 0, Skipped: 0, Time elapsed: 4.5 sec - in org.apache.phoenix.end2end.RTrimFunctionIT
Running org.apache.phoenix.end2end.ReadOnlyIT
Tests run: 1, Failures: 0, Errors: 0, Skipped: 0, Time elapsed: 8.659 sec - in org.apache.phoenix.end2end.ReadOnlyIT
Running org.apache.phoenix.end2end.RegexpReplaceFunctionIT
Tests run: 2, Failures: 0, Errors: 0, Skipped: 0, Time elapsed: 25.734 sec - in org.apache.phoenix.end2end.PhoenixRuntimeIT
Tests run: 2, Failures: 0, Errors: 0, Skipped: 0, Time elapsed: 4.502 sec - in org.apache.phoenix.end2end.RegexpReplaceFunctionIT
Running org.apache.phoenix.end2end.RegexpSubstrFunctionIT
Tests run: 17, Failures: 0, Errors: 0, Skipped: 0, Time elapsed: 37.239 sec - in org.apache.phoenix.end2end.PercentileIT
Running org.apache.phoenix.end2end.ReverseFunctionIT
Running org.apache.phoenix.end2end.RegexpSplitFunctionIT
Tests run: 12, Failures: 0, Errors: 0, Skipped: 0, Time elapsed: 1.56 sec - in org.apache.phoenix.end2end.RegexpSplitFunctionIT
Running org.apache.phoenix.end2end.ReverseScanIT
Tests run: 2, Failures: 0, Errors: 0, Skipped: 0, Time elapsed: 4.521 sec - in org.apache.phoenix.end2end.RegexpSubstrFunctionIT
Running org.apache.phoenix.end2end.RoundFloorCeilFunctionsEnd2EndIT
Tests run: 33, Failures: 0, Errors: 0, Skipped: 0, Time elapsed: 6.992 sec - in org.apache.phoenix.end2end.RoundFloorCeilFunctionsEnd2EndIT
Running org.apache.phoenix.end2end.SerialIteratorsIT
Tests run: 5, Failures: 0, Errors: 0, Skipped: 0, Time elapsed: 11.223 sec - in org.apache.phoenix.end2end.ReverseFunctionIT
Tests run: 6, Failures: 0, Errors: 0, Skipped: 0, Time elapsed: 30.421 sec - in org.apache.phoenix.end2end.QueryMoreIT
Running org.apache.phoenix.end2end.ServerExceptionIT
Tests run: 1, Failures: 0, Errors: 0, Skipped: 0, Time elapsed: 2.268 sec - in org.apache.phoenix.end2end.SerialIteratorsIT
Running org.apache.phoenix.end2end.SkipScanAfterManualSplitIT
Tests run: 1, Failures: 0, Errors: 0, Skipped: 0, Time elapsed: 2.312 sec - in org.apache.phoenix.end2end.ServerExceptionIT
Running org.apache.phoenix.end2end.SkipScanQueryIT
Tests run: 4, Failures: 0, Errors: 0, Skipped: 0, Time elapsed: 11.257 sec - in org.apache.phoenix.end2end.ReverseScanIT
Running org.apache.phoenix.end2end.SortMergeJoinMoreIT
Running org.apache.phoenix.end2end.SignFunctionEnd2EndIT
Tests run: 2, Failures: 0, Errors: 0, Skipped: 0, Time elapsed: 0.064 sec - in org.apache.phoenix.end2end.SignFunctionEnd2EndIT
Running org.apache.phoenix.end2end.SortOrderIT
Tests run: 3, Failures: 0, Errors: 0, Skipped: 0, Time elapsed: 22.89 sec - in org.apache.phoenix.end2end.SkipScanAfterManualSplitIT
Running org.apache.phoenix.end2end.SpooledOrderByIT
Tests run: 4, Failures: 0, Errors: 0, Skipped: 0, Time elapsed: 22.704 sec - in org.apache.phoenix.end2end.SortMergeJoinMoreIT
Running org.apache.phoenix.end2end.SpooledTmpFileDeleteIT
Tests run: 1, Failures: 0, Errors: 0, Skipped: 0, Time elapsed: 2.287 sec - in org.apache.phoenix.end2end.SpooledTmpFileDeleteIT
Running org.apache.phoenix.end2end.SqrtFunctionEnd2EndIT
Tests run: 12, Failures: 0, Errors: 0, Skipped: 0, Time elapsed: 27.044 sec - in org.apache.phoenix.end2end.SkipScanQueryIT
Running org.apache.phoenix.end2end.StatementHintsIT
Tests run: 2, Failures: 0, Errors: 0, Skipped: 0, Time elapsed: 2.265 sec - in org.apache.phoenix.end2end.StatementHintsIT
Running org.apache.phoenix.end2end.StddevIT
Tests run: 2, Failures: 0, Errors: 0, Skipped: 0, Time elapsed: 8.986 sec - in org.apache.phoenix.end2end.SqrtFunctionEnd2EndIT
Tests run: 4, Failures: 0, Errors: 0, Skipped: 0, Time elapsed: 9.024 sec - in org.apache.phoenix.end2end.StddevIT
Running org.apache.phoenix.end2end.StringIT
Running org.apache.phoenix.end2end.StoreNullsIT
Tests run: 8, Failures: 0, Errors: 0, Skipped: 0, Time elapsed: 22.546 sec - in org.apache.phoenix.end2end.SpooledOrderByIT
Running org.apache.phoenix.end2end.StringToArrayFunctionIT
Tests run: 3, Failures: 0, Errors: 0, Skipped: 0, Time elapsed: 12.877 sec - in org.apache.phoenix.end2end.StoreNullsIT
Running org.apache.phoenix.end2end.TenantIdTypeIT
Tests run: 22, Failures: 0, Errors: 0, Skipped: 0, Time elapsed: 13.419 sec - in org.apache.phoenix.end2end.StringToArrayFunctionIT
Running org.apache.phoenix.end2end.TenantSpecificViewIndexIT
Tests run: 13, Failures: 0, Errors: 0, Skipped: 0, Time elapsed: 54.587 sec - in org.apache.phoenix.end2end.StringIT
Running org.apache.phoenix.end2end.TenantSpecificViewIndexSaltedIT
Tests run: 15, Failures: 0, Errors: 0, Skipped: 0, Time elapsed: 67.28 sec - in org.apache.phoenix.end2end.TenantIdTypeIT
Running org.apache.phoenix.end2end.TimezoneOffsetFunctionIT
Tests run: 4, Failures: 0, Errors: 0, Skipped: 0, Time elapsed: 31.105 sec - in org.apache.phoenix.end2end.TenantSpecificViewIndexSaltedIT
Running org.apache.phoenix.end2end.ToCharFunctionIT
Tests run: 45, Failures: 0, Errors: 0, Skipped: 0, Time elapsed: 123.443 sec - in org.apache.phoenix.end2end.SortOrderIT
Running org.apache.phoenix.end2end.ToDateFunctionIT
Tests run: 9, Failures: 0, Errors: 0, Skipped: 0, Time elapsed: 66.56 sec - in org.apache.phoenix.end2end.TenantSpecificViewIndexIT
Running org.apache.phoenix.end2end.UpgradeIT
Tests run: 12, Failures: 0, Errors: 0, Skipped: 0, Time elapsed: 6.825 sec - in org.apache.phoenix.end2end.ToDateFunctionIT
Running org.apache.phoenix.end2end.UpsertBigValuesIT
Tests run: 7, Failures: 0, Errors: 0, Skipped: 0, Time elapsed: 16.687 sec - in org.apache.phoenix.end2end.TimezoneOffsetFunctionIT
Running org.apache.phoenix.end2end.UpsertSelectAutoCommitIT
Tests run: 4, Failures: 0, Errors: 0, Skipped: 0, Time elapsed: 9.019 sec - in org.apache.phoenix.end2end.UpsertBigValuesIT
Running org.apache.phoenix.end2end.UseSchemaIT
Tests run: 3, Failures: 0, Errors: 0, Skipped: 0, Time elapsed: 11.271 sec - in org.apache.phoenix.end2end.UpsertSelectAutoCommitIT
Running org.apache.phoenix.end2end.index.DropMetadataIT
Tests run: 12, Failures: 0, Errors: 0, Skipped: 0, Time elapsed: 33.644 sec - in org.apache.phoenix.end2end.ToCharFunctionIT
Running org.apache.phoenix.end2end.index.GlobalIndexOptimizationIT
Tests run: 4, Failures: 0, Errors: 0, Skipped: 0, Time elapsed: 21.638 sec - in org.apache.phoenix.end2end.UseSchemaIT
Running org.apache.phoenix.end2end.index.ImmutableIndexIT
Tests run: 4, Failures: 0, Errors: 0, Skipped: 0, Time elapsed: 35.918 sec - in org.apache.phoenix.end2end.index.DropMetadataIT
Running org.apache.phoenix.end2end.index.IndexExpressionIT
Tests run: 6, Failures: 0, Errors: 0, Skipped: 0, Time elapsed: 32.92 sec - in org.apache.phoenix.end2end.index.GlobalIndexOptimizationIT
Running org.apache.phoenix.end2end.index.IndexIT
Tests run: 12, Failures: 0, Errors: 0, Skipped: 4, Time elapsed: 67.337 sec - in org.apache.phoenix.end2end.index.ImmutableIndexIT
Running org.apache.phoenix.end2end.index.IndexMetadataIT
Tests run: 7, Failures: 0, Errors: 0, Skipped: 0, Time elapsed: 45.101 sec - in org.apache.phoenix.end2end.index.IndexMetadataIT
Running org.apache.phoenix.end2end.index.LocalIndexIT
Tests run: 8, Failures: 0, Errors: 0, Skipped: 0, Time elapsed: 192.998 sec - in org.apache.phoenix.end2end.UpgradeIT
Running org.apache.phoenix.end2end.index.MutableIndexIT
Tests run: 28, Failures: 0, Errors: 0, Skipped: 0, Time elapsed: 620.952 sec - in org.apache.phoenix.end2end.InListIT
Running org.apache.phoenix.end2end.index.SaltedIndexIT
Tests run: 3, Failures: 0, Errors: 0, Skipped: 0, Time elapsed: 13.889 sec - in org.apache.phoenix.end2end.index.SaltedIndexIT
Running org.apache.phoenix.end2end.index.ViewIndexIT
Tests run: 6, Failures: 0, Errors: 0, Skipped: 0, Time elapsed: 53.018 sec - in org.apache.phoenix.end2end.index.ViewIndexIT
Running org.apache.phoenix.end2end.index.txn.MutableRollbackIT
Tests run: 62, Failures: 0, Errors: 0, Skipped: 0, Time elapsed: 421.244 sec - in org.apache.phoenix.end2end.index.IndexExpressionIT
Running org.apache.phoenix.end2end.index.txn.RollbackIT
Tests run: 40, Failures: 0, Errors: 0, Skipped: 0, Time elapsed: 346.744 sec - in org.apache.phoenix.end2end.index.LocalIndexIT
Running org.apache.phoenix.end2end.salted.SaltedTableUpsertSelectIT
Tests run: 6, Failures: 0, Errors: 0, Skipped: 0, Time elapsed: 66.779 sec - in org.apache.phoenix.end2end.index.txn.MutableRollbackIT
Running org.apache.phoenix.end2end.salted.SaltedTableVarLengthRowKeyIT
Tests run: 1, Failures: 0, Errors: 0, Skipped: 0, Time elapsed: 2.253 sec - in org.apache.phoenix.end2end.salted.SaltedTableVarLengthRowKeyIT
Running org.apache.phoenix.iterate.PhoenixQueryTimeoutIT
Tests run: 2, Failures: 0, Errors: 0, Skipped: 0, Time elapsed: 0.025 sec - in org.apache.phoenix.iterate.PhoenixQueryTimeoutIT
Running org.apache.phoenix.iterate.RoundRobinResultIteratorIT
Tests run: 6, Failures: 0, Errors: 0, Skipped: 0, Time elapsed: 24.791 sec - in org.apache.phoenix.end2end.salted.SaltedTableUpsertSelectIT
Running org.apache.phoenix.rpc.UpdateCacheIT
Tests run: 8, Failures: 0, Errors: 0, Skipped: 0, Time elapsed: 52.604 sec - in org.apache.phoenix.end2end.index.txn.RollbackIT
Running org.apache.phoenix.trace.PhoenixTableMetricsWriterIT
Tests run: 2, Failures: 0, Errors: 0, Skipped: 0, Time elapsed: 2.271 sec - in org.apache.phoenix.trace.PhoenixTableMetricsWriterIT
Running org.apache.phoenix.trace.PhoenixTraceReaderIT
Tests run: 2, Failures: 0, Errors: 0, Skipped: 0, Time elapsed: 0.044 sec - in org.apache.phoenix.trace.PhoenixTraceReaderIT
Running org.apache.phoenix.trace.PhoenixTracingEndToEndIT
Tests run: 7, Failures: 0, Errors: 0, Skipped: 0, Time elapsed: 26.044 sec - in org.apache.phoenix.rpc.UpdateCacheIT
Running org.apache.phoenix.tx.TransactionIT
Tests run: 9, Failures: 0, Errors: 0, Skipped: 0, Time elapsed: 49.43 sec - in org.apache.phoenix.iterate.RoundRobinResultIteratorIT
Running org.apache.phoenix.tx.TxCheckpointIT
Tests run: 6, Failures: 0, Errors: 0, Skipped: 0, Time elapsed: 84.273 sec - in org.apache.phoenix.trace.PhoenixTracingEndToEndIT
Tests run: 21, Failures: 0, Errors: 0, Skipped: 1, Time elapsed: 146.597 sec - in org.apache.phoenix.tx.TransactionIT
Tests run: 20, Failures: 0, Errors: 0, Skipped: 0, Time elapsed: 137.854 sec - in org.apache.phoenix.tx.TxCheckpointIT
Tests run: 40, Failures: 0, Errors: 0, Skipped: 0, Time elapsed: 536.056 sec - in org.apache.phoenix.end2end.index.MutableIndexIT

Results :

Tests run: 1068, Failures: 0, Errors: 0, Skipped: 5

[INFO] 
[INFO] --- maven-failsafe-plugin:2.19.1:integration-test (NeedTheirOwnClusterTests) @ phoenix-core ---

-------------------------------------------------------
 T E S T S
-------------------------------------------------------
Java HotSpot(TM) 64-Bit Server VM warning: ignoring option MaxPermSize=256m; support was removed in 8.0
Java HotSpot(TM) 64-Bit Server VM warning: ignoring option MaxPermSize=256m; support was removed in 8.0
Java HotSpot(TM) 64-Bit Server VM warning: ignoring option MaxPermSize=256m; support was removed in 8.0
Java HotSpot(TM) 64-Bit Server VM warning: ignoring option MaxPermSize=256m; support was removed in 8.0
Java HotSpot(TM) 64-Bit Server VM warning: ignoring option MaxPermSize=256m; support was removed in 8.0
Java HotSpot(TM) 64-Bit Server VM warning: ignoring option MaxPermSize=256m; support was removed in 8.0
Java HotSpot(TM) 64-Bit Server VM warning: ignoring option MaxPermSize=256m; support was removed in 8.0
Running org.apache.hadoop.hbase.regionserver.wal.WALReplayWithIndexWritesAndUncompressedWALInHBase_094_9_IT
Running org.apache.hadoop.hbase.regionserver.wal.WALReplayWithIndexWritesAndCompressedWALIT
Java HotSpot(TM) 64-Bit Server VM warning: ignoring option MaxPermSize=256m; support was removed in 8.0
Java HotSpot(TM) 64-Bit Server VM warning: ignoring option MaxPermSize=256m; support was removed in 8.0
Java HotSpot(TM) 64-Bit Server VM warning: ignoring option MaxPermSize=256m; support was removed in 8.0
Java HotSpot(TM) 64-Bit Server VM warning: ignoring option MaxPermSize=256m; support was removed in 8.0
Java HotSpot(TM) 64-Bit Server VM warning: ignoring option MaxPermSize=256m; support was removed in 8.0
Java HotSpot(TM) 64-Bit Server VM warning: ignoring option MaxPermSize=256m; support was removed in 8.0
Java HotSpot(TM) 64-Bit Server VM warning: ignoring option MaxPermSize=256m; support was removed in 8.0
Java HotSpot(TM) 64-Bit Server VM warning: ignoring option MaxPermSize=256m; support was removed in 8.0
Java HotSpot(TM) 64-Bit Server VM warning: ignoring option MaxPermSize=256m; support was removed in 8.0
Java HotSpot(TM) 64-Bit Server VM warning: ignoring option MaxPermSize=256m; support was removed in 8.0
Java HotSpot(TM) 64-Bit Server VM warning: ignoring option MaxPermSize=256m; support was removed in 8.0
Java HotSpot(TM) 64-Bit Server VM warning: ignoring option MaxPermSize=256m; support was removed in 8.0
Java HotSpot(TM) 64-Bit Server VM warning: ignoring option MaxPermSize=256m; support was removed in 8.0
Java HotSpot(TM) 64-Bit Server VM warning: ignoring option MaxPermSize=256m; support was removed in 8.0
Java HotSpot(TM) 64-Bit Server VM warning: ignoring option MaxPermSize=256m; support was removed in 8.0
Java HotSpot(TM) 64-Bit Server VM warning: ignoring option MaxPermSize=256m; support was removed in 8.0
Java HotSpot(TM) 64-Bit Server VM warning: ignoring option MaxPermSize=256m; support was removed in 8.0
Java HotSpot(TM) 64-Bit Server VM warning: ignoring option MaxPermSize=256m; support was removed in 8.0
Java HotSpot(TM) 64-Bit Server VM warning: ignoring option MaxPermSize=256m; support was removed in 8.0
Java HotSpot(TM) 64-Bit Server VM warning: ignoring option MaxPermSize=256m; support was removed in 8.0
Java HotSpot(TM) 64-Bit Server VM warning: ignoring option MaxPermSize=256m; support was removed in 8.0
Java HotSpot(TM) 64-Bit Server VM warning: ignoring option MaxPermSize=256m; support was removed in 8.0
Running org.apache.phoenix.coprocessor.StatisticsCollectionRunTrackerIT
Tests run: 1, Failures: 0, Errors: 0, Skipped: 0, Time elapsed: 33.5 sec - in org.apache.hadoop.hbase.regionserver.wal.WALReplayWithIndexWritesAndUncompressedWALInHBase_094_9_IT
Java HotSpot(TM) 64-Bit Server VM warning: ignoring option MaxPermSize=256m; support was removed in 8.0
Tests run: 1, Failures: 0, Errors: 0, Skipped: 0, Time elapsed: 34.125 sec - in org.apache.hadoop.hbase.regionserver.wal.WALReplayWithIndexWritesAndCompressedWALIT
Running org.apache.phoenix.end2end.AlterTableIT
Java HotSpot(TM) 64-Bit Server VM warning: ignoring option MaxPermSize=256m; support was removed in 8.0
Running org.apache.phoenix.end2end.ConnectionUtilIT
Java HotSpot(TM) 64-Bit Server VM warning: ignoring option MaxPermSize=256m; support was removed in 8.0
Tests run: 4, Failures: 0, Errors: 0, Skipped: 0, Time elapsed: 22.436 sec - in org.apache.phoenix.coprocessor.StatisticsCollectionRunTrackerIT
Java HotSpot(TM) 64-Bit Server VM warning: ignoring option MaxPermSize=256m; support was removed in 8.0
Java HotSpot(TM) 64-Bit Server VM warning: ignoring option MaxPermSize=256m; support was removed in 8.0
Java HotSpot(TM) 64-Bit Server VM warning: ignoring option MaxPermSize=256m; support was removed in 8.0
Running org.apache.phoenix.end2end.CountDistinctCompressionIT
Tests run: 1, Failures: 0, Errors: 0, Skipped: 0, Time elapsed: 28.438 sec - in org.apache.phoenix.end2end.ConnectionUtilIT
Java HotSpot(TM) 64-Bit Server VM warning: ignoring option MaxPermSize=256m; support was removed in 8.0
Java HotSpot(TM) 64-Bit Server VM warning: ignoring option MaxPermSize=256m; support was removed in 8.0
Java HotSpot(TM) 64-Bit Server VM warning: ignoring option MaxPermSize=256m; support was removed in 8.0
Java HotSpot(TM) 64-Bit Server VM warning: ignoring option MaxPermSize=256m; support was removed in 8.0
Java HotSpot(TM) 64-Bit Server VM warning: ignoring option MaxPermSize=256m; support was removed in 8.0
Tests run: 1, Failures: 0, Errors: 1, Skipped: 0, Time elapsed: 4.198 sec <<< FAILURE! - in org.apache.phoenix.end2end.CountDistinctCompressionIT
testDistinctCountOnColumn(org.apache.phoenix.end2end.CountDistinctCompressionIT)  Time elapsed: 2.633 sec  <<< ERROR!
org.apache.phoenix.schema.TableNotFoundException: ERROR 1012 (42M03): Table undefined. tableName=ATABLE
	at org.apache.phoenix.end2end.CountDistinctCompressionIT.testDistinctCountOnColumn(CountDistinctCompressionIT.java:62)

Java HotSpot(TM) 64-Bit Server VM warning: ignoring option MaxPermSize=256m; support was removed in 8.0
Running org.apache.phoenix.end2end.ContextClassloaderIT
Java HotSpot(TM) 64-Bit Server VM warning: ignoring option MaxPermSize=256m; support was removed in 8.0
Java HotSpot(TM) 64-Bit Server VM warning: ignoring option MaxPermSize=256m; support was removed in 8.0
Java HotSpot(TM) 64-Bit Server VM warning: ignoring option MaxPermSize=256m; support was removed in 8.0
Java HotSpot(TM) 64-Bit Server VM warning: ignoring option MaxPermSize=256m; support was removed in 8.0
Java HotSpot(TM) 64-Bit Server VM warning: ignoring option MaxPermSize=256m; support was removed in 8.0
Java HotSpot(TM) 64-Bit Server VM warning: ignoring option MaxPermSize=256m; support was removed in 8.0
Java HotSpot(TM) 64-Bit Server VM warning: ignoring option MaxPermSize=256m; support was removed in 8.0
Java HotSpot(TM) 64-Bit Server VM warning: ignoring option MaxPermSize=256m; support was removed in 8.0
Java HotSpot(TM) 64-Bit Server VM warning: ignoring option MaxPermSize=256m; support was removed in 8.0
Java HotSpot(TM) 64-Bit Server VM warning: ignoring option MaxPermSize=256m; support was removed in 8.0
Java HotSpot(TM) 64-Bit Server VM warning: ignoring option MaxPermSize=256m; support was removed in 8.0
Java HotSpot(TM) 64-Bit Server VM warning: ignoring option MaxPermSize=256m; support was removed in 8.0
Java HotSpot(TM) 64-Bit Server VM warning: ignoring option MaxPermSize=256m; support was removed in 8.0
Java HotSpot(TM) 64-Bit Server VM warning: ignoring option MaxPermSize=256m; support was removed in 8.0
Java HotSpot(TM) 64-Bit Server VM warning: ignoring option MaxPermSize=256m; support was removed in 8.0
Java HotSpot(TM) 64-Bit Server VM warning: ignoring option MaxPermSize=256m; support was removed in 8.0
Java HotSpot(TM) 64-Bit Server VM warning: ignoring option MaxPermSize=256m; support was removed in 8.0
Java HotSpot(TM) 64-Bit Server VM warning: ignoring option MaxPermSize=256m; support was removed in 8.0
Java HotSpot(TM) 64-Bit Server VM warning: ignoring option MaxPermSize=256m; support was removed in 8.0
Java HotSpot(TM) 64-Bit Server VM warning: ignoring option MaxPermSize=256m; support was removed in 8.0
Java HotSpot(TM) 64-Bit Server VM warning: ignoring option MaxPermSize=256m; support was removed in 8.0
Java HotSpot(TM) 64-Bit Server VM warning: ignoring option MaxPermSize=256m; support was removed in 8.0
Java HotSpot(TM) 64-Bit Server VM warning: ignoring option MaxPermSize=256m; support was removed in 8.0
Tests run: 3, Failures: 0, Errors: 0, Skipped: 0, Time elapsed: 11.038 sec - in org.apache.phoenix.end2end.ContextClassloaderIT
Java HotSpot(TM) 64-Bit Server VM warning: ignoring option MaxPermSize=256m; support was removed in 8.0
Java HotSpot(TM) 64-Bit Server VM warning: ignoring option MaxPermSize=256m; support was removed in 8.0
Java HotSpot(TM) 64-Bit Server VM warning: ignoring option MaxPermSize=256m; support was removed in 8.0
Java HotSpot(TM) 64-Bit Server VM warning: ignoring option MaxPermSize=256m; support was removed in 8.0
Java HotSpot(TM) 64-Bit Server VM warning: ignoring option MaxPermSize=256m; support was removed in 8.0
Java HotSpot(TM) 64-Bit Server VM warning: ignoring option MaxPermSize=256m; support was removed in 8.0
Java HotSpot(TM) 64-Bit Server VM warning: ignoring option MaxPermSize=256m; support was removed in 8.0
Java HotSpot(TM) 64-Bit Server VM warning: ignoring option MaxPermSize=256m; support was removed in 8.0
Java HotSpot(TM) 64-Bit Server VM warning: ignoring option MaxPermSize=256m; support was removed in 8.0
Java HotSpot(TM) 64-Bit Server VM warning: ignoring option MaxPermSize=256m; support was removed in 8.0
Java HotSpot(TM) 64-Bit Server VM warning: ignoring option MaxPermSize=256m; support was removed in 8.0
Running org.apache.phoenix.end2end.CsvBulkLoadToolIT
Running org.apache.phoenix.end2end.KeyOnlyIT
Running org.apache.phoenix.end2end.IndexToolIT
Tests run: 3, Failures: 0, Errors: 3, Skipped: 0, Time elapsed: 4.19 sec <<< FAILURE! - in org.apache.phoenix.end2end.KeyOnlyIT
testKeyOnly(org.apache.phoenix.end2end.KeyOnlyIT)  Time elapsed: 0.287 sec  <<< ERROR!
java.lang.NullPointerException
	at org.apache.phoenix.end2end.KeyOnlyIT.testKeyOnly(KeyOnlyIT.java:63)

testOr(org.apache.phoenix.end2end.KeyOnlyIT)  Time elapsed: 0.081 sec  <<< ERROR!
java.lang.NullPointerException
	at org.apache.phoenix.end2end.KeyOnlyIT.testOr(KeyOnlyIT.java:142)

testQueryWithLimitAndStats(org.apache.phoenix.end2end.KeyOnlyIT)  Time elapsed: 0.075 sec  <<< ERROR!
java.lang.NullPointerException
	at org.apache.phoenix.end2end.KeyOnlyIT.testQueryWithLimitAndStats(KeyOnlyIT.java:167)

Java HotSpot(TM) 64-Bit Server VM warning: ignoring option MaxPermSize=256m; support was removed in 8.0
Running org.apache.phoenix.end2end.MultiCfQueryExecIT
Tests run: 9, Failures: 0, Errors: 7, Skipped: 0, Time elapsed: 13.321 sec <<< FAILURE! - in org.apache.phoenix.end2end.MultiCfQueryExecIT
testDefaultCFToDisambiguate(org.apache.phoenix.end2end.MultiCfQueryExecIT)  Time elapsed: 0.28 sec  <<< ERROR!
java.lang.NullPointerException
	at org.apache.phoenix.end2end.MultiCfQueryExecIT.initTableValues(MultiCfQueryExecIT.java:60)
	at org.apache.phoenix.end2end.MultiCfQueryExecIT.testDefaultCFToDisambiguate(MultiCfQueryExecIT.java:324)

testConstantCount(org.apache.phoenix.end2end.MultiCfQueryExecIT)  Time elapsed: 0.164 sec  <<< ERROR!
java.lang.NullPointerException
	at org.apache.phoenix.end2end.MultiCfQueryExecIT.initTableValues(MultiCfQueryExecIT.java:60)
	at org.apache.phoenix.end2end.MultiCfQueryExecIT.testConstantCount(MultiCfQueryExecIT.java:104)

testCFToDisambiguateInSelectOnly1(org.apache.phoenix.end2end.MultiCfQueryExecIT)  Time elapsed: 0.071 sec  <<< ERROR!
java.lang.NullPointerException
	at org.apache.phoenix.end2end.MultiCfQueryExecIT.initTableValues(MultiCfQueryExecIT.java:60)
	at org.apache.phoenix.end2end.MultiCfQueryExecIT.testCFToDisambiguateInSelectOnly1(MultiCfQueryExecIT.java:124)

testCFToDisambiguateInSelectOnly2(org.apache.phoenix.end2end.MultiCfQueryExecIT)  Time elapsed: 0.063 sec  <<< ERROR!
java.lang.NullPointerException
	at org.apache.phoenix.end2end.MultiCfQueryExecIT.initTableValues(MultiCfQueryExecIT.java:60)
	at org.apache.phoenix.end2end.MultiCfQueryExecIT.testCFToDisambiguateInSelectOnly2(MultiCfQueryExecIT.java:145)

testEssentialColumnFamilyForRowKeyFilter(org.apache.phoenix.end2end.MultiCfQueryExecIT)  Time elapsed: 0.06 sec  <<< ERROR!
java.lang.NullPointerException
	at org.apache.phoenix.end2end.MultiCfQueryExecIT.initTableValues(MultiCfQueryExecIT.java:60)
	at org.apache.phoenix.end2end.MultiCfQueryExecIT.testEssentialColumnFamilyForRowKeyFilter(MultiCfQueryExecIT.java:369)

testCFToDisambiguate2(org.apache.phoenix.end2end.MultiCfQueryExecIT)  Time elapsed: 0.054 sec  <<< ERROR!
java.lang.NullPointerException
	at org.apache.phoenix.end2end.MultiCfQueryExecIT.initTableValues(MultiCfQueryExecIT.java:60)
	at org.apache.phoenix.end2end.MultiCfQueryExecIT.testCFToDisambiguate2(MultiCfQueryExecIT.java:308)

testGuidePostsForMultiCFs(org.apache.phoenix.end2end.MultiCfQueryExecIT)  Time elapsed: 0.061 sec  <<< ERROR!
java.lang.NullPointerException
	at org.apache.phoenix.end2end.MultiCfQueryExecIT.initTableValues(MultiCfQueryExecIT.java:60)
	at org.apache.phoenix.end2end.MultiCfQueryExecIT.testGuidePostsForMultiCFs(MultiCfQueryExecIT.java:161)

Java HotSpot(TM) 64-Bit Server VM warning: ignoring option MaxPermSize=256m; support was removed in 8.0
Java HotSpot(TM) 64-Bit Server VM warning: ignoring option MaxPermSize=256m; support was removed in 8.0
Java HotSpot(TM) 64-Bit Server VM warning: ignoring option MaxPermSize=256m; support was removed in 8.0
Java HotSpot(TM) 64-Bit Server VM warning: ignoring option MaxPermSize=256m; support was removed in 8.0
Java HotSpot(TM) 64-Bit Server VM warning: ignoring option MaxPermSize=256m; support was removed in 8.0
Java HotSpot(TM) 64-Bit Server VM warning: ignoring option MaxPermSize=256m; support was removed in 8.0
Java HotSpot(TM) 64-Bit Server VM warning: ignoring option MaxPermSize=256m; support was removed in 8.0
Running org.apache.phoenix.end2end.ParallelIteratorsIT
Tests run: 3, Failures: 0, Errors: 0, Skipped: 0, Time elapsed: 33.364 sec - in org.apache.phoenix.end2end.ParallelIteratorsIT
Java HotSpot(TM) 64-Bit Server VM warning: ignoring option MaxPermSize=256m; support was removed in 8.0
Java HotSpot(TM) 64-Bit Server VM warning: ignoring option MaxPermSize=256m; support was removed in 8.0
Java HotSpot(TM) 64-Bit Server VM warning: ignoring option MaxPermSize=256m; support was removed in 8.0
Java HotSpot(TM) 64-Bit Server VM warning: ignoring option MaxPermSize=256m; support was removed in 8.0
Java HotSpot(TM) 64-Bit Server VM warning: ignoring option MaxPermSize=256m; support was removed in 8.0
Java HotSpot(TM) 64-Bit Server VM warning: ignoring option MaxPermSize=256m; support was removed in 8.0
Java HotSpot(TM) 64-Bit Server VM warning: ignoring option MaxPermSize=256m; support was removed in 8.0
Java HotSpot(TM) 64-Bit Server VM warning: ignoring option MaxPermSize=256m; support was removed in 8.0
Java HotSpot(TM) 64-Bit Server VM warning: ignoring option MaxPermSize=256m; support was removed in 8.0
Java HotSpot(TM) 64-Bit Server VM warning: ignoring option MaxPermSize=256m; support was removed in 8.0
Java HotSpot(TM) 64-Bit Server VM warning: ignoring option MaxPermSize=256m; support was removed in 8.0
Running org.apache.phoenix.end2end.QueryTimeoutIT
Tests run: 2, Failures: 0, Errors: 0, Skipped: 0, Time elapsed: 13.44 sec - in org.apache.phoenix.end2end.QueryTimeoutIT
Java HotSpot(TM) 64-Bit Server VM warning: ignoring option MaxPermSize=256m; support was removed in 8.0
Running org.apache.phoenix.end2end.QueryWithLimitIT
Tests run: 2, Failures: 0, Errors: 0, Skipped: 0, Time elapsed: 20.671 sec - in org.apache.phoenix.end2end.QueryWithLimitIT
Java HotSpot(TM) 64-Bit Server VM warning: ignoring option MaxPermSize=256m; support was removed in 8.0
Running org.apache.phoenix.end2end.QueryWithOffsetIT
Tests run: 8, Failures: 0, Errors: 0, Skipped: 0, Time elapsed: 13.507 sec - in org.apache.phoenix.end2end.QueryWithOffsetIT
Java HotSpot(TM) 64-Bit Server VM warning: ignoring option MaxPermSize=256m; support was removed in 8.0
Java HotSpot(TM) 64-Bit Server VM warning: ignoring option MaxPermSize=256m; support was removed in 8.0
Java HotSpot(TM) 64-Bit Server VM warning: ignoring option MaxPermSize=256m; support was removed in 8.0
Java HotSpot(TM) 64-Bit Server VM warning: ignoring option MaxPermSize=256m; support was removed in 8.0
Java HotSpot(TM) 64-Bit Server VM warning: ignoring option MaxPermSize=256m; support was removed in 8.0
Java HotSpot(TM) 64-Bit Server VM warning: ignoring option MaxPermSize=256m; support was removed in 8.0
Java HotSpot(TM) 64-Bit Server VM warning: ignoring option MaxPermSize=256m; support was removed in 8.0
Java HotSpot(TM) 64-Bit Server VM warning: ignoring option MaxPermSize=256m; support was removed in 8.0
Java HotSpot(TM) 64-Bit Server VM warning: ignoring option MaxPermSize=256m; support was removed in 8.0
Java HotSpot(TM) 64-Bit Server VM warning: ignoring option MaxPermSize=256m; support was removed in 8.0
Java HotSpot(TM) 64-Bit Server VM warning: ignoring option MaxPermSize=256m; support was removed in 8.0
Running org.apache.phoenix.end2end.SaltedViewIT
Tests run: 4, Failures: 0, Errors: 0, Skipped: 0, Time elapsed: 33.661 sec - in org.apache.phoenix.end2end.SaltedViewIT
Java HotSpot(TM) 64-Bit Server VM warning: ignoring option MaxPermSize=256m; support was removed in 8.0
Java HotSpot(TM) 64-Bit Server VM warning: ignoring option MaxPermSize=256m; support was removed in 8.0
Java HotSpot(TM) 64-Bit Server VM warning: ignoring option MaxPermSize=256m; support was removed in 8.0
Java HotSpot(TM) 64-Bit Server VM warning: ignoring option MaxPermSize=256m; support was removed in 8.0
Java HotSpot(TM) 64-Bit Server VM warning: ignoring option MaxPermSize=256m; support was removed in 8.0
Java HotSpot(TM) 64-Bit Server VM warning: ignoring option MaxPermSize=256m; support was removed in 8.0
Java HotSpot(TM) 64-Bit Server VM warning: ignoring option MaxPermSize=256m; support was removed in 8.0
Java HotSpot(TM) 64-Bit Server VM warning: ignoring option MaxPermSize=256m; support was removed in 8.0
Java HotSpot(TM) 64-Bit Server VM warning: ignoring option MaxPermSize=256m; support was removed in 8.0
Java HotSpot(TM) 64-Bit Server VM warning: ignoring option MaxPermSize=256m; support was removed in 8.0
Java HotSpot(TM) 64-Bit Server VM warning: ignoring option MaxPermSize=256m; support was removed in 8.0
Java HotSpot(TM) 64-Bit Server VM warning: ignoring option MaxPermSize=256m; support was removed in 8.0
Tests run: 56, Failures: 0, Errors: 0, Skipped: 0, Time elapsed: 382.893 sec - in org.apache.phoenix.end2end.AlterTableIT
Java HotSpot(TM) 64-Bit Server VM warning: ignoring option MaxPermSize=256m; support was removed in 8.0
Java HotSpot(TM) 64-Bit Server VM warning: ignoring option MaxPermSize=256m; support was removed in 8.0
Java HotSpot(TM) 64-Bit Server VM warning: ignoring option MaxPermSize=256m; support was removed in 8.0
Java HotSpot(TM) 64-Bit Server VM warning: ignoring option MaxPermSize=256m; support was removed in 8.0
Java HotSpot(TM) 64-Bit Server VM warning: ignoring option MaxPermSize=256m; support was removed in 8.0
Java HotSpot(TM) 64-Bit Server VM warning: ignoring option MaxPermSize=256m; support was removed in 8.0
Running org.apache.phoenix.end2end.SpillableGroupByIT
Tests run: 1, Failures: 0, Errors: 1, Skipped: 0, Time elapsed: 3.08 sec <<< FAILURE! - in org.apache.phoenix.end2end.SpillableGroupByIT
testScanUri(org.apache.phoenix.end2end.SpillableGroupByIT)  Time elapsed: 0.144 sec  <<< ERROR!
java.lang.NullPointerException
	at org.apache.phoenix.end2end.SpillableGroupByIT.createTable(SpillableGroupByIT.java:77)
	at org.apache.phoenix.end2end.SpillableGroupByIT.testScanUri(SpillableGroupByIT.java:112)

Java HotSpot(TM) 64-Bit Server VM warning: ignoring option MaxPermSize=256m; support was removed in 8.0
Running org.apache.phoenix.end2end.StatsCollectionDisabledIT
Tests run: 1, Failures: 0, Errors: 0, Skipped: 0, Time elapsed: 12.621 sec - in org.apache.phoenix.end2end.StatsCollectionDisabledIT
Java HotSpot(TM) 64-Bit Server VM warning: ignoring option MaxPermSize=256m; support was removed in 8.0
Running org.apache.phoenix.end2end.StatsCollectorIT
Running org.apache.phoenix.end2end.StatsCollectorWithSplitsAndMultiCFIT
Tests run: 2, Failures: 0, Errors: 0, Skipped: 0, Time elapsed: 13.974 sec - in org.apache.phoenix.end2end.StatsCollectorWithSplitsAndMultiCFIT
Java HotSpot(TM) 64-Bit Server VM warning: ignoring option MaxPermSize=256m; support was removed in 8.0
Java HotSpot(TM) 64-Bit Server VM warning: ignoring option MaxPermSize=256m; support was removed in 8.0
Java HotSpot(TM) 64-Bit Server VM warning: ignoring option MaxPermSize=256m; support was removed in 8.0
Java HotSpot(TM) 64-Bit Server VM warning: ignoring option MaxPermSize=256m; support was removed in 8.0
Java HotSpot(TM) 64-Bit Server VM warning: ignoring option MaxPermSize=256m; support was removed in 8.0
Java HotSpot(TM) 64-Bit Server VM warning: ignoring option MaxPermSize=256m; support was removed in 8.0
Java HotSpot(TM) 64-Bit Server VM warning: ignoring option MaxPermSize=256m; support was removed in 8.0
Java HotSpot(TM) 64-Bit Server VM warning: ignoring option MaxPermSize=256m; support was removed in 8.0
Tests run: 10, Failures: 1, Errors: 0, Skipped: 0, Time elapsed: 404.807 sec <<< FAILURE! - in org.apache.phoenix.end2end.CsvBulkLoadToolIT
testImportWithLocalIndex(org.apache.phoenix.end2end.CsvBulkLoadToolIT)  Time elapsed: 62.224 sec  <<< FAILURE!
java.lang.AssertionError: expected:<0> but was:<-1>
	at org.apache.phoenix.end2end.CsvBulkLoadToolIT.testImportWithLocalIndex(CsvBulkLoadToolIT.java:273)

Java HotSpot(TM) 64-Bit Server VM warning: ignoring option MaxPermSize=256m; support was removed in 8.0
Running org.apache.phoenix.end2end.TenantSpecificTablesDDLIT
Running org.apache.phoenix.end2end.TenantSpecificTablesDMLIT
Tests run: 16, Failures: 0, Errors: 0, Skipped: 0, Time elapsed: 24.618 sec - in org.apache.phoenix.end2end.TenantSpecificTablesDMLIT
Java HotSpot(TM) 64-Bit Server VM warning: ignoring option MaxPermSize=256m; support was removed in 8.0
Java HotSpot(TM) 64-Bit Server VM warning: ignoring option MaxPermSize=256m; support was removed in 8.0
Java HotSpot(TM) 64-Bit Server VM warning: ignoring option MaxPermSize=256m; support was removed in 8.0
Java HotSpot(TM) 64-Bit Server VM warning: ignoring option MaxPermSize=256m; support was removed in 8.0
Java HotSpot(TM) 64-Bit Server VM warning: ignoring option MaxPermSize=256m; support was removed in 8.0
Java HotSpot(TM) 64-Bit Server VM warning: ignoring option MaxPermSize=256m; support was removed in 8.0
Java HotSpot(TM) 64-Bit Server VM warning: ignoring option MaxPermSize=256m; support was removed in 8.0
Java HotSpot(TM) 64-Bit Server VM warning: ignoring option MaxPermSize=256m; support was removed in 8.0
