[INFO] Scanning for projects...
[WARNING] 
[WARNING] Some problems were encountered while building the effective model for org.apache.phoenix:phoenix-client-embedded-hbase-2.4:jar:5.2.0-SNAPSHOT
[WARNING] 'artifactId' contains an expression but should be a constant. @ org.apache.phoenix:phoenix-client-embedded-${hbase.suffix}:5.2.0-SNAPSHOT, /Users/p.chauhan/Desktop/big-data/phoenix-1/phoenix-client-parent/phoenix-client-embedded/pom.xml, line 28, column 15
[WARNING] 
[WARNING] Some problems were encountered while building the effective model for org.apache.phoenix:phoenix-server-hbase-2.4:jar:5.2.0-SNAPSHOT
[WARNING] 'artifactId' contains an expression but should be a constant. @ org.apache.phoenix:phoenix-server-${hbase.suffix}:5.2.0-SNAPSHOT, /Users/p.chauhan/Desktop/big-data/phoenix-1/phoenix-server/pom.xml, line 29, column 15
[WARNING] 
[WARNING] It is highly recommended to fix these problems because they threaten the stability of your build.
[WARNING] 
[WARNING] For this reason, future Maven versions might no longer support building such malformed projects.
[WARNING] 
[INFO] ------------------------------------------------------------------------
[INFO] Detecting the operating system and CPU architecture
[INFO] ------------------------------------------------------------------------
[INFO] os.detected.name: osx
[INFO] os.detected.arch: x86_64
[INFO] os.detected.version: 10.16
[INFO] os.detected.version.major: 10
[INFO] os.detected.version.minor: 16
[INFO] os.detected.classifier: osx-x86_64
[INFO] ------------------------------------------------------------------------
[INFO] Reactor Build Order:
[INFO] 
[INFO] Apache Phoenix                                                     [pom]
[INFO] Phoenix Hbase 2.5.0 compatibility                                  [jar]
[INFO] Phoenix Hbase 2.4.1 compatibility                                  [jar]
[INFO] Phoenix Hbase 2.4.0 compatibility                                  [jar]
[INFO] Phoenix Hbase 2.3.0 compatibility                                  [jar]
[INFO] Phoenix Core                                                       [jar]
[INFO] Phoenix - Pherf                                                    [jar]
[INFO] Phoenix - Tracing Web Application                                  [jar]
[INFO] Phoenix Client Parent                                              [pom]
[INFO] Phoenix Client Embedded                                            [jar]
[INFO] Phoenix Server JAR                                                 [jar]
[INFO] Phoenix Assembly                                                   [pom]
[INFO] 
[INFO] ---------------------< org.apache.phoenix:phoenix >---------------------
[INFO] Building Apache Phoenix 5.2.0-SNAPSHOT                            [1/12]
[INFO] --------------------------------[ pom ]---------------------------------
[INFO] 
[INFO] --- maven-clean-plugin:3.1.0:clean (default-clean) @ phoenix ---
[INFO] Deleting /Users/p.chauhan/Desktop/big-data/phoenix-1/target
[INFO] 
[INFO] --- maven-enforcer-plugin:3.0.0-M3:enforce (enforce-maven-version) @ phoenix ---
[INFO] 
[INFO] --- maven-checkstyle-plugin:3.1.0:check (validate) @ phoenix ---
[INFO] 
[INFO] --- jacoco-maven-plugin:0.8.8:prepare-agent (prepare-agent) @ phoenix ---
[INFO] jacocoArgLine set to -javaagent:/Users/p.chauhan/.m2/repository/org/jacoco/org.jacoco.agent/0.8.8/org.jacoco.agent-0.8.8-runtime.jar=destfile=/Users/p.chauhan/Desktop/big-data/phoenix-1/target/jacoco.exec
[INFO] 
[INFO] --- maven-enforcer-plugin:3.0.0-M3:enforce (banned-illegal-imports) @ phoenix ---
[INFO] 
[INFO] --- maven-remote-resources-plugin:1.7.0:process (process-resource-bundles) @ phoenix ---
[INFO] Preparing remote bundle org.apache:apache-jar-resource-bundle:1.4
[INFO] Copying 3 resources from 1 bundle.
[INFO] 
[INFO] --- maven-source-plugin:3.2.1:jar-no-fork (attach-sources) @ phoenix ---
[INFO] 
[INFO] --- maven-jar-plugin:3.2.0:test-jar (default) @ phoenix ---
[WARNING] JAR will be empty - no content was marked for inclusion!
[INFO] Building jar: /Users/p.chauhan/Desktop/big-data/phoenix-1/target/phoenix-5.2.0-SNAPSHOT-tests.jar
[INFO] 
[INFO] --- maven-site-plugin:3.7.1:attach-descriptor (attach-descriptor) @ phoenix ---
[INFO] No site descriptor found: nothing to attach.
[INFO] 
[INFO] --- jacoco-maven-plugin:0.8.8:report (report) @ phoenix ---
[INFO] Skipping JaCoCo execution due to missing execution data file.
[INFO] 
[INFO] --- jacoco-maven-plugin:0.8.8:check (check) @ phoenix ---
[INFO] Skipping JaCoCo execution due to missing execution data file:/Users/p.chauhan/Desktop/big-data/phoenix-1/target/jacoco.exec
[INFO] 
[INFO] --- maven-install-plugin:2.5.2:install (default-install) @ phoenix ---
[INFO] Installing /Users/p.chauhan/Desktop/big-data/phoenix-1/pom.xml to /Users/p.chauhan/.m2/repository/org/apache/phoenix/phoenix/5.2.0-SNAPSHOT/phoenix-5.2.0-SNAPSHOT.pom
[INFO] Installing /Users/p.chauhan/Desktop/big-data/phoenix-1/target/phoenix-5.2.0-SNAPSHOT-tests.jar to /Users/p.chauhan/.m2/repository/org/apache/phoenix/phoenix/5.2.0-SNAPSHOT/phoenix-5.2.0-SNAPSHOT-tests.jar
[INFO] 
[INFO] -----------< org.apache.phoenix:phoenix-hbase-compat-2.5.0 >------------
[INFO] Building Phoenix Hbase 2.5.0 compatibility 5.2.0-SNAPSHOT         [2/12]
[INFO] --------------------------------[ jar ]---------------------------------
[INFO] 
[INFO] --- maven-clean-plugin:3.1.0:clean (default-clean) @ phoenix-hbase-compat-2.5.0 ---
[INFO] Deleting /Users/p.chauhan/Desktop/big-data/phoenix-1/phoenix-hbase-compat-2.5.0/target
[INFO] 
[INFO] --- maven-enforcer-plugin:3.0.0-M3:enforce (enforce-maven-version) @ phoenix-hbase-compat-2.5.0 ---
[INFO] 
[INFO] --- maven-checkstyle-plugin:3.1.0:check (validate) @ phoenix-hbase-compat-2.5.0 ---
[INFO] 
[INFO] --- jacoco-maven-plugin:0.8.8:prepare-agent (prepare-agent) @ phoenix-hbase-compat-2.5.0 ---
[INFO] jacocoArgLine set to -javaagent:/Users/p.chauhan/.m2/repository/org/jacoco/org.jacoco.agent/0.8.8/org.jacoco.agent-0.8.8-runtime.jar=destfile=/Users/p.chauhan/Desktop/big-data/phoenix-1/phoenix-hbase-compat-2.5.0/target/jacoco.exec
[INFO] 
[INFO] --- maven-enforcer-plugin:3.0.0-M3:enforce (banned-illegal-imports) @ phoenix-hbase-compat-2.5.0 ---
[INFO] 
[INFO] --- maven-remote-resources-plugin:1.7.0:process (process-resource-bundles) @ phoenix-hbase-compat-2.5.0 ---
[INFO] Preparing remote bundle org.apache:apache-jar-resource-bundle:1.4
[INFO] Copying 3 resources from 1 bundle.
[INFO] 
[INFO] --- maven-resources-plugin:3.1.0:resources (default-resources) @ phoenix-hbase-compat-2.5.0 ---
[INFO] Using 'UTF-8' encoding to copy filtered resources.
[INFO] skip non existing resourceDirectory /Users/p.chauhan/Desktop/big-data/phoenix-1/phoenix-hbase-compat-2.5.0/src/main/resources
[INFO] Copying 3 resources
[INFO] 
[INFO] --- maven-compiler-plugin:3.8.1:compile (default-compile) @ phoenix-hbase-compat-2.5.0 ---
[INFO] Changes detected - recompiling the module!
[INFO] Compiling 6 source files to /Users/p.chauhan/Desktop/big-data/phoenix-1/phoenix-hbase-compat-2.5.0/target/classes
[INFO] 
[INFO] --- maven-resources-plugin:3.1.0:testResources (default-testResources) @ phoenix-hbase-compat-2.5.0 ---
[INFO] Using 'UTF-8' encoding to copy filtered resources.
[INFO] skip non existing resourceDirectory /Users/p.chauhan/Desktop/big-data/phoenix-1/phoenix-hbase-compat-2.5.0/src/test/resources
[INFO] Copying 3 resources
[INFO] 
[INFO] --- maven-compiler-plugin:3.8.1:testCompile (default-testCompile) @ phoenix-hbase-compat-2.5.0 ---
[INFO] No sources to compile
[INFO] 
[INFO] --- maven-surefire-plugin:3.0.0-M6:test (default-test) @ phoenix-hbase-compat-2.5.0 ---
[INFO] 
[INFO] --- maven-source-plugin:3.2.1:jar-no-fork (attach-sources) @ phoenix-hbase-compat-2.5.0 ---
[INFO] Building jar: /Users/p.chauhan/Desktop/big-data/phoenix-1/phoenix-hbase-compat-2.5.0/target/phoenix-hbase-compat-2.5.0-5.2.0-SNAPSHOT-sources.jar
[INFO] 
[INFO] --- maven-jar-plugin:3.2.0:test-jar (default) @ phoenix-hbase-compat-2.5.0 ---
[INFO] Building jar: /Users/p.chauhan/Desktop/big-data/phoenix-1/phoenix-hbase-compat-2.5.0/target/phoenix-hbase-compat-2.5.0-5.2.0-SNAPSHOT-tests.jar
[INFO] 
[INFO] --- maven-jar-plugin:3.2.0:jar (default-jar) @ phoenix-hbase-compat-2.5.0 ---
[INFO] Building jar: /Users/p.chauhan/Desktop/big-data/phoenix-1/phoenix-hbase-compat-2.5.0/target/phoenix-hbase-compat-2.5.0-5.2.0-SNAPSHOT.jar
[INFO] 
[INFO] --- maven-site-plugin:3.7.1:attach-descriptor (attach-descriptor) @ phoenix-hbase-compat-2.5.0 ---
[INFO] Skipping because packaging 'jar' is not pom.
[INFO] 
[INFO] --- jacoco-maven-plugin:0.8.8:report (report) @ phoenix-hbase-compat-2.5.0 ---
[INFO] Skipping JaCoCo execution due to missing execution data file.
[INFO] 
[INFO] --- jacoco-maven-plugin:0.8.8:check (check) @ phoenix-hbase-compat-2.5.0 ---
[INFO] Skipping JaCoCo execution due to missing execution data file:/Users/p.chauhan/Desktop/big-data/phoenix-1/phoenix-hbase-compat-2.5.0/target/jacoco.exec
[INFO] 
[INFO] --- maven-install-plugin:2.5.2:install (default-install) @ phoenix-hbase-compat-2.5.0 ---
[INFO] Installing /Users/p.chauhan/Desktop/big-data/phoenix-1/phoenix-hbase-compat-2.5.0/target/phoenix-hbase-compat-2.5.0-5.2.0-SNAPSHOT.jar to /Users/p.chauhan/.m2/repository/org/apache/phoenix/phoenix-hbase-compat-2.5.0/5.2.0-SNAPSHOT/phoenix-hbase-compat-2.5.0-5.2.0-SNAPSHOT.jar
[INFO] Installing /Users/p.chauhan/Desktop/big-data/phoenix-1/phoenix-hbase-compat-2.5.0/pom.xml to /Users/p.chauhan/.m2/repository/org/apache/phoenix/phoenix-hbase-compat-2.5.0/5.2.0-SNAPSHOT/phoenix-hbase-compat-2.5.0-5.2.0-SNAPSHOT.pom
[INFO] Installing /Users/p.chauhan/Desktop/big-data/phoenix-1/phoenix-hbase-compat-2.5.0/target/phoenix-hbase-compat-2.5.0-5.2.0-SNAPSHOT-sources.jar to /Users/p.chauhan/.m2/repository/org/apache/phoenix/phoenix-hbase-compat-2.5.0/5.2.0-SNAPSHOT/phoenix-hbase-compat-2.5.0-5.2.0-SNAPSHOT-sources.jar
[INFO] Installing /Users/p.chauhan/Desktop/big-data/phoenix-1/phoenix-hbase-compat-2.5.0/target/phoenix-hbase-compat-2.5.0-5.2.0-SNAPSHOT-tests.jar to /Users/p.chauhan/.m2/repository/org/apache/phoenix/phoenix-hbase-compat-2.5.0/5.2.0-SNAPSHOT/phoenix-hbase-compat-2.5.0-5.2.0-SNAPSHOT-tests.jar
[INFO] 
[INFO] -----------< org.apache.phoenix:phoenix-hbase-compat-2.4.1 >------------
[INFO] Building Phoenix Hbase 2.4.1 compatibility 5.2.0-SNAPSHOT         [3/12]
[INFO] --------------------------------[ jar ]---------------------------------
[INFO] 
[INFO] --- maven-clean-plugin:3.1.0:clean (default-clean) @ phoenix-hbase-compat-2.4.1 ---
[INFO] Deleting /Users/p.chauhan/Desktop/big-data/phoenix-1/phoenix-hbase-compat-2.4.1/target
[INFO] 
[INFO] --- maven-enforcer-plugin:3.0.0-M3:enforce (enforce-maven-version) @ phoenix-hbase-compat-2.4.1 ---
[INFO] 
[INFO] --- maven-checkstyle-plugin:3.1.0:check (validate) @ phoenix-hbase-compat-2.4.1 ---
[INFO] 
[INFO] --- jacoco-maven-plugin:0.8.8:prepare-agent (prepare-agent) @ phoenix-hbase-compat-2.4.1 ---
[INFO] jacocoArgLine set to -javaagent:/Users/p.chauhan/.m2/repository/org/jacoco/org.jacoco.agent/0.8.8/org.jacoco.agent-0.8.8-runtime.jar=destfile=/Users/p.chauhan/Desktop/big-data/phoenix-1/phoenix-hbase-compat-2.4.1/target/jacoco.exec
[INFO] 
[INFO] --- maven-enforcer-plugin:3.0.0-M3:enforce (banned-illegal-imports) @ phoenix-hbase-compat-2.4.1 ---
[INFO] 
[INFO] --- maven-remote-resources-plugin:1.7.0:process (process-resource-bundles) @ phoenix-hbase-compat-2.4.1 ---
[INFO] Preparing remote bundle org.apache:apache-jar-resource-bundle:1.4
[INFO] Copying 3 resources from 1 bundle.
[INFO] 
[INFO] --- maven-resources-plugin:3.1.0:resources (default-resources) @ phoenix-hbase-compat-2.4.1 ---
[INFO] Using 'UTF-8' encoding to copy filtered resources.
[INFO] skip non existing resourceDirectory /Users/p.chauhan/Desktop/big-data/phoenix-1/phoenix-hbase-compat-2.4.1/src/main/resources
[INFO] Copying 3 resources
[INFO] 
[INFO] --- maven-compiler-plugin:3.8.1:compile (default-compile) @ phoenix-hbase-compat-2.4.1 ---
[INFO] Changes detected - recompiling the module!
[INFO] Compiling 6 source files to /Users/p.chauhan/Desktop/big-data/phoenix-1/phoenix-hbase-compat-2.4.1/target/classes
[INFO] 
[INFO] --- maven-resources-plugin:3.1.0:testResources (default-testResources) @ phoenix-hbase-compat-2.4.1 ---
[INFO] Using 'UTF-8' encoding to copy filtered resources.
[INFO] skip non existing resourceDirectory /Users/p.chauhan/Desktop/big-data/phoenix-1/phoenix-hbase-compat-2.4.1/src/test/resources
[INFO] Copying 3 resources
[INFO] 
[INFO] --- maven-compiler-plugin:3.8.1:testCompile (default-testCompile) @ phoenix-hbase-compat-2.4.1 ---
[INFO] No sources to compile
[INFO] 
[INFO] --- maven-surefire-plugin:3.0.0-M6:test (default-test) @ phoenix-hbase-compat-2.4.1 ---
[INFO] 
[INFO] --- maven-source-plugin:3.2.1:jar-no-fork (attach-sources) @ phoenix-hbase-compat-2.4.1 ---
[INFO] Building jar: /Users/p.chauhan/Desktop/big-data/phoenix-1/phoenix-hbase-compat-2.4.1/target/phoenix-hbase-compat-2.4.1-5.2.0-SNAPSHOT-sources.jar
[INFO] 
[INFO] --- maven-jar-plugin:3.2.0:test-jar (default) @ phoenix-hbase-compat-2.4.1 ---
[INFO] Building jar: /Users/p.chauhan/Desktop/big-data/phoenix-1/phoenix-hbase-compat-2.4.1/target/phoenix-hbase-compat-2.4.1-5.2.0-SNAPSHOT-tests.jar
[INFO] 
[INFO] --- maven-jar-plugin:3.2.0:jar (default-jar) @ phoenix-hbase-compat-2.4.1 ---
[INFO] Building jar: /Users/p.chauhan/Desktop/big-data/phoenix-1/phoenix-hbase-compat-2.4.1/target/phoenix-hbase-compat-2.4.1-5.2.0-SNAPSHOT.jar
[INFO] 
[INFO] --- maven-site-plugin:3.7.1:attach-descriptor (attach-descriptor) @ phoenix-hbase-compat-2.4.1 ---
[INFO] Skipping because packaging 'jar' is not pom.
[INFO] 
[INFO] --- jacoco-maven-plugin:0.8.8:report (report) @ phoenix-hbase-compat-2.4.1 ---
[INFO] Skipping JaCoCo execution due to missing execution data file.
[INFO] 
[INFO] --- jacoco-maven-plugin:0.8.8:check (check) @ phoenix-hbase-compat-2.4.1 ---
[INFO] Skipping JaCoCo execution due to missing execution data file:/Users/p.chauhan/Desktop/big-data/phoenix-1/phoenix-hbase-compat-2.4.1/target/jacoco.exec
[INFO] 
[INFO] --- maven-install-plugin:2.5.2:install (default-install) @ phoenix-hbase-compat-2.4.1 ---
[INFO] Installing /Users/p.chauhan/Desktop/big-data/phoenix-1/phoenix-hbase-compat-2.4.1/target/phoenix-hbase-compat-2.4.1-5.2.0-SNAPSHOT.jar to /Users/p.chauhan/.m2/repository/org/apache/phoenix/phoenix-hbase-compat-2.4.1/5.2.0-SNAPSHOT/phoenix-hbase-compat-2.4.1-5.2.0-SNAPSHOT.jar
[INFO] Installing /Users/p.chauhan/Desktop/big-data/phoenix-1/phoenix-hbase-compat-2.4.1/pom.xml to /Users/p.chauhan/.m2/repository/org/apache/phoenix/phoenix-hbase-compat-2.4.1/5.2.0-SNAPSHOT/phoenix-hbase-compat-2.4.1-5.2.0-SNAPSHOT.pom
[INFO] Installing /Users/p.chauhan/Desktop/big-data/phoenix-1/phoenix-hbase-compat-2.4.1/target/phoenix-hbase-compat-2.4.1-5.2.0-SNAPSHOT-sources.jar to /Users/p.chauhan/.m2/repository/org/apache/phoenix/phoenix-hbase-compat-2.4.1/5.2.0-SNAPSHOT/phoenix-hbase-compat-2.4.1-5.2.0-SNAPSHOT-sources.jar
[INFO] Installing /Users/p.chauhan/Desktop/big-data/phoenix-1/phoenix-hbase-compat-2.4.1/target/phoenix-hbase-compat-2.4.1-5.2.0-SNAPSHOT-tests.jar to /Users/p.chauhan/.m2/repository/org/apache/phoenix/phoenix-hbase-compat-2.4.1/5.2.0-SNAPSHOT/phoenix-hbase-compat-2.4.1-5.2.0-SNAPSHOT-tests.jar
[INFO] 
[INFO] -----------< org.apache.phoenix:phoenix-hbase-compat-2.4.0 >------------
[INFO] Building Phoenix Hbase 2.4.0 compatibility 5.2.0-SNAPSHOT         [4/12]
[INFO] --------------------------------[ jar ]---------------------------------
[INFO] 
[INFO] --- maven-clean-plugin:3.1.0:clean (default-clean) @ phoenix-hbase-compat-2.4.0 ---
[INFO] Deleting /Users/p.chauhan/Desktop/big-data/phoenix-1/phoenix-hbase-compat-2.4.0/target
[INFO] 
[INFO] --- maven-enforcer-plugin:3.0.0-M3:enforce (enforce-maven-version) @ phoenix-hbase-compat-2.4.0 ---
[INFO] 
[INFO] --- maven-checkstyle-plugin:3.1.0:check (validate) @ phoenix-hbase-compat-2.4.0 ---
[INFO] 
[INFO] --- jacoco-maven-plugin:0.8.8:prepare-agent (prepare-agent) @ phoenix-hbase-compat-2.4.0 ---
[INFO] jacocoArgLine set to -javaagent:/Users/p.chauhan/.m2/repository/org/jacoco/org.jacoco.agent/0.8.8/org.jacoco.agent-0.8.8-runtime.jar=destfile=/Users/p.chauhan/Desktop/big-data/phoenix-1/phoenix-hbase-compat-2.4.0/target/jacoco.exec
[INFO] 
[INFO] --- maven-enforcer-plugin:3.0.0-M3:enforce (banned-illegal-imports) @ phoenix-hbase-compat-2.4.0 ---
[INFO] 
[INFO] --- maven-remote-resources-plugin:1.7.0:process (process-resource-bundles) @ phoenix-hbase-compat-2.4.0 ---
[INFO] Preparing remote bundle org.apache:apache-jar-resource-bundle:1.4
[INFO] Copying 3 resources from 1 bundle.
[INFO] 
[INFO] --- maven-resources-plugin:3.1.0:resources (default-resources) @ phoenix-hbase-compat-2.4.0 ---
[INFO] Using 'UTF-8' encoding to copy filtered resources.
[INFO] skip non existing resourceDirectory /Users/p.chauhan/Desktop/big-data/phoenix-1/phoenix-hbase-compat-2.4.0/src/main/resources
[INFO] Copying 3 resources
[INFO] 
[INFO] --- maven-compiler-plugin:3.8.1:compile (default-compile) @ phoenix-hbase-compat-2.4.0 ---
[INFO] Changes detected - recompiling the module!
[INFO] Compiling 6 source files to /Users/p.chauhan/Desktop/big-data/phoenix-1/phoenix-hbase-compat-2.4.0/target/classes
[INFO] 
[INFO] --- maven-resources-plugin:3.1.0:testResources (default-testResources) @ phoenix-hbase-compat-2.4.0 ---
[INFO] Using 'UTF-8' encoding to copy filtered resources.
[INFO] skip non existing resourceDirectory /Users/p.chauhan/Desktop/big-data/phoenix-1/phoenix-hbase-compat-2.4.0/src/test/resources
[INFO] Copying 3 resources
[INFO] 
[INFO] --- maven-compiler-plugin:3.8.1:testCompile (default-testCompile) @ phoenix-hbase-compat-2.4.0 ---
[INFO] No sources to compile
[INFO] 
[INFO] --- maven-surefire-plugin:3.0.0-M6:test (default-test) @ phoenix-hbase-compat-2.4.0 ---
[INFO] 
[INFO] --- maven-source-plugin:3.2.1:jar-no-fork (attach-sources) @ phoenix-hbase-compat-2.4.0 ---
[INFO] Building jar: /Users/p.chauhan/Desktop/big-data/phoenix-1/phoenix-hbase-compat-2.4.0/target/phoenix-hbase-compat-2.4.0-5.2.0-SNAPSHOT-sources.jar
[INFO] 
[INFO] --- maven-jar-plugin:3.2.0:test-jar (default) @ phoenix-hbase-compat-2.4.0 ---
[INFO] Building jar: /Users/p.chauhan/Desktop/big-data/phoenix-1/phoenix-hbase-compat-2.4.0/target/phoenix-hbase-compat-2.4.0-5.2.0-SNAPSHOT-tests.jar
[INFO] 
[INFO] --- maven-jar-plugin:3.2.0:jar (default-jar) @ phoenix-hbase-compat-2.4.0 ---
[INFO] Building jar: /Users/p.chauhan/Desktop/big-data/phoenix-1/phoenix-hbase-compat-2.4.0/target/phoenix-hbase-compat-2.4.0-5.2.0-SNAPSHOT.jar
[INFO] 
[INFO] --- maven-site-plugin:3.7.1:attach-descriptor (attach-descriptor) @ phoenix-hbase-compat-2.4.0 ---
[INFO] Skipping because packaging 'jar' is not pom.
[INFO] 
[INFO] --- jacoco-maven-plugin:0.8.8:report (report) @ phoenix-hbase-compat-2.4.0 ---
[INFO] Skipping JaCoCo execution due to missing execution data file.
[INFO] 
[INFO] --- jacoco-maven-plugin:0.8.8:check (check) @ phoenix-hbase-compat-2.4.0 ---
[INFO] Skipping JaCoCo execution due to missing execution data file:/Users/p.chauhan/Desktop/big-data/phoenix-1/phoenix-hbase-compat-2.4.0/target/jacoco.exec
[INFO] 
[INFO] --- maven-install-plugin:2.5.2:install (default-install) @ phoenix-hbase-compat-2.4.0 ---
[INFO] Installing /Users/p.chauhan/Desktop/big-data/phoenix-1/phoenix-hbase-compat-2.4.0/target/phoenix-hbase-compat-2.4.0-5.2.0-SNAPSHOT.jar to /Users/p.chauhan/.m2/repository/org/apache/phoenix/phoenix-hbase-compat-2.4.0/5.2.0-SNAPSHOT/phoenix-hbase-compat-2.4.0-5.2.0-SNAPSHOT.jar
[INFO] Installing /Users/p.chauhan/Desktop/big-data/phoenix-1/phoenix-hbase-compat-2.4.0/pom.xml to /Users/p.chauhan/.m2/repository/org/apache/phoenix/phoenix-hbase-compat-2.4.0/5.2.0-SNAPSHOT/phoenix-hbase-compat-2.4.0-5.2.0-SNAPSHOT.pom
[INFO] Installing /Users/p.chauhan/Desktop/big-data/phoenix-1/phoenix-hbase-compat-2.4.0/target/phoenix-hbase-compat-2.4.0-5.2.0-SNAPSHOT-sources.jar to /Users/p.chauhan/.m2/repository/org/apache/phoenix/phoenix-hbase-compat-2.4.0/5.2.0-SNAPSHOT/phoenix-hbase-compat-2.4.0-5.2.0-SNAPSHOT-sources.jar
[INFO] Installing /Users/p.chauhan/Desktop/big-data/phoenix-1/phoenix-hbase-compat-2.4.0/target/phoenix-hbase-compat-2.4.0-5.2.0-SNAPSHOT-tests.jar to /Users/p.chauhan/.m2/repository/org/apache/phoenix/phoenix-hbase-compat-2.4.0/5.2.0-SNAPSHOT/phoenix-hbase-compat-2.4.0-5.2.0-SNAPSHOT-tests.jar
[INFO] 
[INFO] -----------< org.apache.phoenix:phoenix-hbase-compat-2.3.0 >------------
[INFO] Building Phoenix Hbase 2.3.0 compatibility 5.2.0-SNAPSHOT         [5/12]
[INFO] --------------------------------[ jar ]---------------------------------
[INFO] 
[INFO] --- maven-clean-plugin:3.1.0:clean (default-clean) @ phoenix-hbase-compat-2.3.0 ---
[INFO] Deleting /Users/p.chauhan/Desktop/big-data/phoenix-1/phoenix-hbase-compat-2.3.0/target
[INFO] 
[INFO] --- maven-enforcer-plugin:3.0.0-M3:enforce (enforce-maven-version) @ phoenix-hbase-compat-2.3.0 ---
[INFO] 
[INFO] --- maven-checkstyle-plugin:3.1.0:check (validate) @ phoenix-hbase-compat-2.3.0 ---
[INFO] 
[INFO] --- jacoco-maven-plugin:0.8.8:prepare-agent (prepare-agent) @ phoenix-hbase-compat-2.3.0 ---
[INFO] jacocoArgLine set to -javaagent:/Users/p.chauhan/.m2/repository/org/jacoco/org.jacoco.agent/0.8.8/org.jacoco.agent-0.8.8-runtime.jar=destfile=/Users/p.chauhan/Desktop/big-data/phoenix-1/phoenix-hbase-compat-2.3.0/target/jacoco.exec
[INFO] 
[INFO] --- maven-enforcer-plugin:3.0.0-M3:enforce (banned-illegal-imports) @ phoenix-hbase-compat-2.3.0 ---
[INFO] 
[INFO] --- maven-remote-resources-plugin:1.7.0:process (process-resource-bundles) @ phoenix-hbase-compat-2.3.0 ---
[INFO] Preparing remote bundle org.apache:apache-jar-resource-bundle:1.4
[INFO] Copying 3 resources from 1 bundle.
[INFO] 
[INFO] --- maven-resources-plugin:3.1.0:resources (default-resources) @ phoenix-hbase-compat-2.3.0 ---
[INFO] Using 'UTF-8' encoding to copy filtered resources.
[INFO] skip non existing resourceDirectory /Users/p.chauhan/Desktop/big-data/phoenix-1/phoenix-hbase-compat-2.3.0/src/main/resources
[INFO] Copying 3 resources
[INFO] 
[INFO] --- maven-compiler-plugin:3.8.1:compile (default-compile) @ phoenix-hbase-compat-2.3.0 ---
[INFO] Changes detected - recompiling the module!
[INFO] Compiling 6 source files to /Users/p.chauhan/Desktop/big-data/phoenix-1/phoenix-hbase-compat-2.3.0/target/classes
[INFO] /Users/p.chauhan/Desktop/big-data/phoenix-1/phoenix-hbase-compat-2.3.0/src/main/java/org/apache/phoenix/compat/hbase/CompatUtil.java: /Users/p.chauhan/Desktop/big-data/phoenix-1/phoenix-hbase-compat-2.3.0/src/main/java/org/apache/phoenix/compat/hbase/CompatUtil.java uses or overrides a deprecated API.
[INFO] /Users/p.chauhan/Desktop/big-data/phoenix-1/phoenix-hbase-compat-2.3.0/src/main/java/org/apache/phoenix/compat/hbase/CompatUtil.java: Recompile with -Xlint:deprecation for details.
[INFO] 
[INFO] --- maven-resources-plugin:3.1.0:testResources (default-testResources) @ phoenix-hbase-compat-2.3.0 ---
[INFO] Using 'UTF-8' encoding to copy filtered resources.
[INFO] skip non existing resourceDirectory /Users/p.chauhan/Desktop/big-data/phoenix-1/phoenix-hbase-compat-2.3.0/src/test/resources
[INFO] Copying 3 resources
[INFO] 
[INFO] --- maven-compiler-plugin:3.8.1:testCompile (default-testCompile) @ phoenix-hbase-compat-2.3.0 ---
[INFO] No sources to compile
[INFO] 
[INFO] --- maven-surefire-plugin:3.0.0-M6:test (default-test) @ phoenix-hbase-compat-2.3.0 ---
[INFO] 
[INFO] --- maven-source-plugin:3.2.1:jar-no-fork (attach-sources) @ phoenix-hbase-compat-2.3.0 ---
[INFO] Building jar: /Users/p.chauhan/Desktop/big-data/phoenix-1/phoenix-hbase-compat-2.3.0/target/phoenix-hbase-compat-2.3.0-5.2.0-SNAPSHOT-sources.jar
[INFO] 
[INFO] --- maven-jar-plugin:3.2.0:test-jar (default) @ phoenix-hbase-compat-2.3.0 ---
[INFO] Building jar: /Users/p.chauhan/Desktop/big-data/phoenix-1/phoenix-hbase-compat-2.3.0/target/phoenix-hbase-compat-2.3.0-5.2.0-SNAPSHOT-tests.jar
[INFO] 
[INFO] --- maven-jar-plugin:3.2.0:jar (default-jar) @ phoenix-hbase-compat-2.3.0 ---
[INFO] Building jar: /Users/p.chauhan/Desktop/big-data/phoenix-1/phoenix-hbase-compat-2.3.0/target/phoenix-hbase-compat-2.3.0-5.2.0-SNAPSHOT.jar
[INFO] 
[INFO] --- maven-site-plugin:3.7.1:attach-descriptor (attach-descriptor) @ phoenix-hbase-compat-2.3.0 ---
[INFO] Skipping because packaging 'jar' is not pom.
[INFO] 
[INFO] --- jacoco-maven-plugin:0.8.8:report (report) @ phoenix-hbase-compat-2.3.0 ---
[INFO] Skipping JaCoCo execution due to missing execution data file.
[INFO] 
[INFO] --- jacoco-maven-plugin:0.8.8:check (check) @ phoenix-hbase-compat-2.3.0 ---
[INFO] Skipping JaCoCo execution due to missing execution data file:/Users/p.chauhan/Desktop/big-data/phoenix-1/phoenix-hbase-compat-2.3.0/target/jacoco.exec
[INFO] 
[INFO] --- maven-install-plugin:2.5.2:install (default-install) @ phoenix-hbase-compat-2.3.0 ---
[INFO] Installing /Users/p.chauhan/Desktop/big-data/phoenix-1/phoenix-hbase-compat-2.3.0/target/phoenix-hbase-compat-2.3.0-5.2.0-SNAPSHOT.jar to /Users/p.chauhan/.m2/repository/org/apache/phoenix/phoenix-hbase-compat-2.3.0/5.2.0-SNAPSHOT/phoenix-hbase-compat-2.3.0-5.2.0-SNAPSHOT.jar
[INFO] Installing /Users/p.chauhan/Desktop/big-data/phoenix-1/phoenix-hbase-compat-2.3.0/pom.xml to /Users/p.chauhan/.m2/repository/org/apache/phoenix/phoenix-hbase-compat-2.3.0/5.2.0-SNAPSHOT/phoenix-hbase-compat-2.3.0-5.2.0-SNAPSHOT.pom
[INFO] Installing /Users/p.chauhan/Desktop/big-data/phoenix-1/phoenix-hbase-compat-2.3.0/target/phoenix-hbase-compat-2.3.0-5.2.0-SNAPSHOT-sources.jar to /Users/p.chauhan/.m2/repository/org/apache/phoenix/phoenix-hbase-compat-2.3.0/5.2.0-SNAPSHOT/phoenix-hbase-compat-2.3.0-5.2.0-SNAPSHOT-sources.jar
[INFO] Installing /Users/p.chauhan/Desktop/big-data/phoenix-1/phoenix-hbase-compat-2.3.0/target/phoenix-hbase-compat-2.3.0-5.2.0-SNAPSHOT-tests.jar to /Users/p.chauhan/.m2/repository/org/apache/phoenix/phoenix-hbase-compat-2.3.0/5.2.0-SNAPSHOT/phoenix-hbase-compat-2.3.0-5.2.0-SNAPSHOT-tests.jar
[INFO] 
[INFO] ------------------< org.apache.phoenix:phoenix-core >-------------------
[INFO] Building Phoenix Core 5.2.0-SNAPSHOT                              [6/12]
[INFO] --------------------------------[ jar ]---------------------------------
[INFO] 
[INFO] --- maven-clean-plugin:3.1.0:clean (default-clean) @ phoenix-core ---
[INFO] Deleting /Users/p.chauhan/Desktop/big-data/phoenix-1/phoenix-core/target
[INFO] 
[INFO] --- maven-enforcer-plugin:3.0.0-M3:enforce (enforce-maven-version) @ phoenix-core ---
[INFO] 
[INFO] --- maven-enforcer-plugin:3.0.0-M3:enforce (check-hbase-compatibility) @ phoenix-core ---
[INFO] 
[INFO] --- maven-checkstyle-plugin:3.1.0:check (validate) @ phoenix-core ---
[INFO] 
[INFO] --- build-helper-maven-plugin:1.9.1:add-test-source (add-test-source) @ phoenix-core ---
[INFO] Test Source directory: /Users/p.chauhan/Desktop/big-data/phoenix-1/phoenix-core/src/it/java added.
[INFO] 
[INFO] --- build-helper-maven-plugin:1.9.1:add-test-resource (add-test-resource) @ phoenix-core ---
[INFO] 
[INFO] --- jacoco-maven-plugin:0.8.8:prepare-agent (prepare-agent) @ phoenix-core ---
[INFO] jacocoArgLine set to -javaagent:/Users/p.chauhan/.m2/repository/org/jacoco/org.jacoco.agent/0.8.8/org.jacoco.agent-0.8.8-runtime.jar=destfile=/Users/p.chauhan/Desktop/big-data/phoenix-1/phoenix-core/target/jacoco.exec
[INFO] 
[INFO] --- build-helper-maven-plugin:1.9.1:add-source (add-source) @ phoenix-core ---
[INFO] Source directory: /Users/p.chauhan/Desktop/big-data/phoenix-1/phoenix-core/target/generated-sources/antlr3 added.
[INFO] Source directory: /Users/p.chauhan/Desktop/big-data/phoenix-1/phoenix-core/src/main/antlr3 added.
[INFO] 
[INFO] --- antlr3-maven-plugin:3.5.2:antlr (default) @ phoenix-core ---
[INFO] ANTLR: Processing source directory /Users/p.chauhan/Desktop/big-data/phoenix-1/phoenix-core/src/main/antlr3
Output file /Users/p.chauhan/Desktop/big-data/phoenix-1/phoenix-core/target/generated-sources/antlr3/org/apache/phoenix/parse/PhoenixSQLParser.java does not exist: must build /Users/p.chauhan/Desktop/big-data/phoenix-1/phoenix-core/src/main/antlr3/PhoenixSQL.g
PhoenixSQL.g
[INFO] 
[INFO] --- maven-dependency-plugin:3.1.1:build-classpath (create-phoenix-generated-classpath) @ phoenix-core ---
[INFO] Wrote classpath file '/Users/p.chauhan/Desktop/big-data/phoenix-1/phoenix-core/target/cached_classpath.txt'.
[INFO] 
[INFO] --- protobuf-maven-plugin:0.6.1:compile (compile-protoc) @ phoenix-core ---
[INFO] Compiling 10 proto file(s) to /Users/p.chauhan/Desktop/big-data/phoenix-1/phoenix-core/target/generated-sources/protobuf/java
[INFO] 
[INFO] --- maven-enforcer-plugin:3.0.0-M3:enforce (banned-illegal-imports) @ phoenix-core ---
[INFO] 
[INFO] --- maven-dependency-plugin:3.1.1:copy (copy-for-sqlline) @ phoenix-core ---
[INFO] Configured Artifact: org.apache.logging.log4j:log4j-api:?:jar
[INFO] Configured Artifact: org.apache.logging.log4j:log4j-core:?:jar
[INFO] Configured Artifact: org.apache.logging.log4j:log4j-slf4j-impl:?:jar
[INFO] Configured Artifact: org.apache.logging.log4j:log4j-1.2-api:?:jar
[INFO] Configured Artifact: sqlline:sqlline:jar-with-dependencies:?:jar
[INFO] org.apache.logging.log4j:log4j-api:2.18.0:jar already exists in /Users/p.chauhan/Desktop/big-data/phoenix-1/phoenix-core/../lib
[INFO] org.apache.logging.log4j:log4j-core:2.18.0:jar already exists in /Users/p.chauhan/Desktop/big-data/phoenix-1/phoenix-core/../lib
[INFO] org.apache.logging.log4j:log4j-slf4j-impl:2.18.0:jar already exists in /Users/p.chauhan/Desktop/big-data/phoenix-1/phoenix-core/../lib
[INFO] org.apache.logging.log4j:log4j-1.2-api:2.18.0:jar already exists in /Users/p.chauhan/Desktop/big-data/phoenix-1/phoenix-core/../lib
[INFO] sqlline:sqlline:jar-with-dependencies:1.9.0:jar already exists in /Users/p.chauhan/Desktop/big-data/phoenix-1/phoenix-core/../lib
[INFO] 
[INFO] --- maven-remote-resources-plugin:1.7.0:process (process-resource-bundles) @ phoenix-core ---
[INFO] Preparing remote bundle org.apache:apache-jar-resource-bundle:1.4
[INFO] Copying 3 resources from 1 bundle.
[INFO] 
[INFO] --- maven-resources-plugin:3.1.0:resources (default-resources) @ phoenix-core ---
[INFO] Using 'UTF-8' encoding to copy filtered resources.
[INFO] Copying 4 resources
[INFO] Copying 10 resources
[INFO] Copying 3 resources
[INFO] 
[INFO] --- maven-compiler-plugin:3.8.1:compile (default-compile) @ phoenix-core ---
[INFO] Changes detected - recompiling the module!
[INFO] Compiling 1280 source files to /Users/p.chauhan/Desktop/big-data/phoenix-1/phoenix-core/target/classes
[WARNING] /Users/p.chauhan/Desktop/big-data/phoenix-1/phoenix-core/src/main/java/org/apache/phoenix/execute/DescVarLengthFastByteComparisons.java:[25,16] sun.misc.Unsafe is internal proprietary API and may be removed in a future release
[WARNING] /Users/p.chauhan/Desktop/big-data/phoenix-1/phoenix-core/src/main/java/org/apache/phoenix/execute/DescVarLengthFastByteComparisons.java:[116,26] sun.misc.Unsafe is internal proprietary API and may be removed in a future release
[WARNING] /Users/p.chauhan/Desktop/big-data/phoenix-1/phoenix-core/src/main/java/org/apache/phoenix/execute/DescVarLengthFastByteComparisons.java:[122,30] sun.misc.Unsafe is internal proprietary API and may be removed in a future release
[WARNING] /Users/p.chauhan/Desktop/big-data/phoenix-1/phoenix-core/src/main/java/org/apache/phoenix/execute/DescVarLengthFastByteComparisons.java:[126,39] sun.misc.Unsafe is internal proprietary API and may be removed in a future release
[INFO] /Users/p.chauhan/Desktop/big-data/phoenix-1/phoenix-core/src/main/java/org/apache/phoenix/util/PhoenixRuntime.java: Some input files use or override a deprecated API.
[INFO] /Users/p.chauhan/Desktop/big-data/phoenix-1/phoenix-core/src/main/java/org/apache/phoenix/util/PhoenixRuntime.java: Recompile with -Xlint:deprecation for details.
[INFO] /Users/p.chauhan/Desktop/big-data/phoenix-1/phoenix-core/src/main/java/org/apache/phoenix/jdbc/PhoenixStatement.java: Some input files use unchecked or unsafe operations.
[INFO] /Users/p.chauhan/Desktop/big-data/phoenix-1/phoenix-core/src/main/java/org/apache/phoenix/jdbc/PhoenixStatement.java: Recompile with -Xlint:unchecked for details.
[INFO] 
[INFO] --- maven-dependency-plugin:3.1.1:build-classpath (create-mrapp-generated-classpath) @ phoenix-core ---
[INFO] Wrote classpath file '/Users/p.chauhan/Desktop/big-data/phoenix-1/phoenix-core/target/classes/mrapp-generated-classpath'.
[INFO] 
[INFO] --- maven-resources-plugin:3.1.0:testResources (default-testResources) @ phoenix-core ---
[INFO] Using 'UTF-8' encoding to copy filtered resources.
[INFO] Copying 5 resources
[INFO] Copying 45 resources
[INFO] Copying 3 resources
[INFO] 
[INFO] --- maven-compiler-plugin:3.8.1:testCompile (default-testCompile) @ phoenix-core ---
[INFO] Changes detected - recompiling the module!
[INFO] Compiling 712 source files to /Users/p.chauhan/Desktop/big-data/phoenix-1/phoenix-core/target/test-classes
[INFO] /Users/p.chauhan/Desktop/big-data/phoenix-1/phoenix-core/src/test/java/org/apache/phoenix/util/TestUtil.java: Some input files use or override a deprecated API.
[INFO] /Users/p.chauhan/Desktop/big-data/phoenix-1/phoenix-core/src/test/java/org/apache/phoenix/util/TestUtil.java: Recompile with -Xlint:deprecation for details.
[INFO] /Users/p.chauhan/Desktop/big-data/phoenix-1/phoenix-core/src/test/java/org/apache/phoenix/query/BaseTest.java: Some input files use unchecked or unsafe operations.
[INFO] /Users/p.chauhan/Desktop/big-data/phoenix-1/phoenix-core/src/test/java/org/apache/phoenix/query/BaseTest.java: Recompile with -Xlint:unchecked for details.
[INFO] 
[INFO] --- maven-surefire-plugin:3.0.0-M6:test (default-test) @ phoenix-core ---
[INFO] Using auto detected provider org.apache.maven.surefire.junit4.JUnit4Provider
[INFO] 
[INFO] -------------------------------------------------------
[INFO]  T E S T S
[INFO] -------------------------------------------------------
[INFO] Running org.apache.phoenix.metrics.MetricTypeTest
[INFO] Running org.apache.phoenix.trace.TraceSpanReceiverTest
[INFO] Running org.apache.phoenix.memory.MemoryManagerTest
[INFO] Running org.apache.phoenix.cache.TenantCacheTest
[INFO] Running org.apache.phoenix.cache.ServerCacheClientTest
[INFO] Running org.apache.phoenix.cache.JodaTimezoneCacheTest
[INFO] Running org.apache.phoenix.iterate.MergeSortResultIteratorTest
[INFO] Running org.apache.phoenix.iterate.SpoolingResultIteratorTest
[INFO] Tests run: 1, Failures: 0, Errors: 0, Skipped: 0, Time elapsed: 1.422 s - in org.apache.phoenix.metrics.MetricTypeTest
[INFO] Running org.apache.phoenix.iterate.ConcatResultIteratorTest
[INFO] Tests run: 7, Failures: 0, Errors: 0, Skipped: 0, Time elapsed: 1.788 s - in org.apache.phoenix.cache.TenantCacheTest
[INFO] Running org.apache.phoenix.iterate.DistinctAggregatingResultIteratorTest
[INFO] Tests run: 2, Failures: 0, Errors: 0, Skipped: 0, Time elapsed: 1.068 s - in org.apache.phoenix.iterate.ConcatResultIteratorTest
[INFO] Running org.apache.phoenix.iterate.RowKeyOrderedAggregateResultIteratorTest
[INFO] Tests run: 2, Failures: 0, Errors: 0, Skipped: 0, Time elapsed: 2.336 s - in org.apache.phoenix.iterate.MergeSortResultIteratorTest
[INFO] Running org.apache.phoenix.iterate.AggregateResultScannerTest
[INFO] Tests run: 4, Failures: 0, Errors: 0, Skipped: 0, Time elapsed: 2.981 s - in org.apache.phoenix.cache.JodaTimezoneCacheTest
[INFO] Running org.apache.phoenix.iterate.OrderedResultIteratorTest
[INFO] Tests run: 2, Failures: 0, Errors: 0, Skipped: 0, Time elapsed: 3.419 s - in org.apache.phoenix.trace.TraceSpanReceiverTest
[INFO] Running org.apache.phoenix.util.PhoenixMRJobUtilTest
[INFO] Tests run: 1, Failures: 0, Errors: 0, Skipped: 0, Time elapsed: 0.071 s - in org.apache.phoenix.util.PhoenixMRJobUtilTest
[INFO] Running org.apache.phoenix.util.TenantIdByteConversionTest
[INFO] Tests run: 1, Failures: 0, Errors: 0, Skipped: 0, Time elapsed: 1.642 s - in org.apache.phoenix.iterate.DistinctAggregatingResultIteratorTest
[INFO] Running org.apache.phoenix.util.DateUtilTest
[INFO] Tests run: 18, Failures: 0, Errors: 0, Skipped: 0, Time elapsed: 0.473 s - in org.apache.phoenix.util.TenantIdByteConversionTest
[INFO] Running org.apache.phoenix.util.LogUtilTest
[INFO] Tests run: 1, Failures: 0, Errors: 0, Skipped: 0, Time elapsed: 4.048 s - in org.apache.phoenix.cache.ServerCacheClientTest
[INFO] Running org.apache.phoenix.util.ColumnInfoTest
[INFO] Tests run: 22, Failures: 0, Errors: 0, Skipped: 0, Time elapsed: 0.806 s - in org.apache.phoenix.util.DateUtilTest
[INFO] Running org.apache.phoenix.util.PropertiesUtilTest
[INFO] Tests run: 5, Failures: 0, Errors: 0, Skipped: 0, Time elapsed: 0.494 s - in org.apache.phoenix.util.ColumnInfoTest
[INFO] Running org.apache.phoenix.util.EquiDepthStreamHistogramTest
[INFO] Tests run: 3, Failures: 0, Errors: 0, Skipped: 0, Time elapsed: 4.59 s - in org.apache.phoenix.iterate.SpoolingResultIteratorTest
[INFO] Running org.apache.phoenix.util.SequenceUtilTest
[INFO] Tests run: 18, Failures: 0, Errors: 0, Skipped: 0, Time elapsed: 0.037 s - in org.apache.phoenix.util.SequenceUtilTest
[INFO] Running org.apache.phoenix.util.MetaDataUtilTest
[INFO] Tests run: 4, Failures: 0, Errors: 0, Skipped: 0, Time elapsed: 0.524 s - in org.apache.phoenix.util.PropertiesUtilTest
[INFO] Running org.apache.phoenix.util.ScanUtilTest
[INFO] Tests run: 3, Failures: 0, Errors: 0, Skipped: 0, Time elapsed: 1.06 s - in org.apache.phoenix.util.LogUtilTest
[INFO] Running org.apache.phoenix.util.ByteUtilTest
[INFO] Tests run: 8, Failures: 0, Errors: 0, Skipped: 0, Time elapsed: 0.451 s - in org.apache.phoenix.util.EquiDepthStreamHistogramTest
[INFO] Running org.apache.phoenix.util.PrefixByteEncoderDecoderTest
[INFO] Tests run: 3, Failures: 0, Errors: 0, Skipped: 0, Time elapsed: 0.076 s - in org.apache.phoenix.util.ByteUtilTest
[INFO] Running org.apache.phoenix.util.ReadOnlyPropsTest
[INFO] Tests run: 3, Failures: 0, Errors: 0, Skipped: 0, Time elapsed: 0.031 s - in org.apache.phoenix.util.ReadOnlyPropsTest
[INFO] Running org.apache.phoenix.util.PhoenixRuntimeTest
[INFO] Tests run: 3, Failures: 0, Errors: 0, Skipped: 0, Time elapsed: 0.067 s - in org.apache.phoenix.util.PrefixByteEncoderDecoderTest
[INFO] Running org.apache.phoenix.util.json.JsonUpsertExecutorTest
[INFO] Tests run: 14, Failures: 0, Errors: 0, Skipped: 0, Time elapsed: 1.193 s - in org.apache.phoenix.util.MetaDataUtilTest
[INFO] Running org.apache.phoenix.util.csv.StringToArrayConverterTest
[INFO] Tests run: 2, Failures: 0, Errors: 0, Skipped: 0, Time elapsed: 2.959 s - in org.apache.phoenix.iterate.OrderedResultIteratorTest
[INFO] Running org.apache.phoenix.util.csv.CsvUpsertExecutorTest
[INFO] Tests run: 5, Failures: 0, Errors: 0, Skipped: 0, Time elapsed: 6.388 s - in org.apache.phoenix.memory.MemoryManagerTest
[INFO] Running org.apache.phoenix.util.IndexUtilTest
[INFO] Tests run: 2, Failures: 0, Errors: 0, Skipped: 0, Time elapsed: 0.119 s - in org.apache.phoenix.util.IndexUtilTest
[INFO] Running org.apache.phoenix.util.Base62EncoderTest
[INFO] Tests run: 1, Failures: 0, Errors: 0, Skipped: 0, Time elapsed: 0.026 s - in org.apache.phoenix.util.Base62EncoderTest
[INFO] Running org.apache.phoenix.util.PhoenixEncodeDecodeTest
[INFO] Tests run: 1, Failures: 0, Errors: 0, Skipped: 0, Time elapsed: 9.425 s - in org.apache.phoenix.iterate.AggregateResultScannerTest
[INFO] Running org.apache.phoenix.util.QualifierEncodingSchemeTest
[INFO] Tests run: 4, Failures: 0, Errors: 0, Skipped: 0, Time elapsed: 0.006 s - in org.apache.phoenix.util.QualifierEncodingSchemeTest
[INFO] Running org.apache.phoenix.util.QueryUtilTest
[INFO] Tests run: 4, Failures: 0, Errors: 0, Skipped: 0, Time elapsed: 9.587 s - in org.apache.phoenix.iterate.RowKeyOrderedAggregateResultIteratorTest
[INFO] Running org.apache.phoenix.util.JDBCUtilTest
[INFO] Tests run: 17, Failures: 0, Errors: 0, Skipped: 0, Time elapsed: 0.04 s - in org.apache.phoenix.util.JDBCUtilTest
[INFO] Running org.apache.phoenix.util.SQLExceptionCodeTest
[INFO] Tests run: 1, Failures: 0, Errors: 0, Skipped: 0, Time elapsed: 0.005 s - in org.apache.phoenix.util.SQLExceptionCodeTest
[INFO] Running org.apache.phoenix.util.StringUtilTest
[INFO] Tests run: 5, Failures: 0, Errors: 0, Skipped: 0, Time elapsed: 0.01 s - in org.apache.phoenix.util.StringUtilTest
[INFO] Running org.apache.phoenix.util.ServerUtilTest
[INFO] Tests run: 11, Failures: 0, Errors: 0, Skipped: 0, Time elapsed: 0.095 s - in org.apache.phoenix.util.QueryUtilTest
[INFO] Running org.apache.phoenix.util.LikeExpressionTest
[INFO] Tests run: 4, Failures: 0, Errors: 0, Skipped: 0, Time elapsed: 5.983 s - in org.apache.phoenix.util.csv.StringToArrayConverterTest
[INFO] Running org.apache.phoenix.util.PhoenixContextExecutorTest
[INFO] Tests run: 1, Failures: 0, Errors: 0, Skipped: 0, Time elapsed: 0.005 s - in org.apache.phoenix.util.PhoenixContextExecutorTest
[INFO] Tests run: 1, Failures: 0, Errors: 0, Skipped: 0, Time elapsed: 0.008 s - in org.apache.phoenix.util.LikeExpressionTest
[INFO] Running org.apache.phoenix.parse.CastParseNodeTest
[INFO] Running org.apache.phoenix.parse.QueryParserTest
[INFO] Tests run: 3, Failures: 0, Errors: 0, Skipped: 0, Time elapsed: 0.007 s - in org.apache.phoenix.parse.CastParseNodeTest
[INFO] Running org.apache.phoenix.parse.BuiltInFunctionInfoTest
[INFO] Tests run: 3, Failures: 0, Errors: 0, Skipped: 0, Time elapsed: 0.023 s - in org.apache.phoenix.parse.BuiltInFunctionInfoTest
[INFO] Running org.apache.phoenix.parse.PhoenixRowTimestampFunctionTest
[INFO] Tests run: 8, Failures: 0, Errors: 0, Skipped: 0, Time elapsed: 6.111 s - in org.apache.phoenix.util.csv.CsvUpsertExecutorTest
[INFO] Running org.apache.phoenix.parse.CursorParserTest
[INFO] Tests run: 22, Failures: 0, Errors: 0, Skipped: 0, Time elapsed: 0.27 s - in org.apache.phoenix.parse.CursorParserTest
[INFO] Running org.apache.phoenix.coprocessor.TaskMetaDataEndpointTest
[INFO] Tests run: 3, Failures: 0, Errors: 0, Skipped: 0, Time elapsed: 0.451 s - in org.apache.phoenix.parse.PhoenixRowTimestampFunctionTest
[INFO] Running org.apache.phoenix.jdbc.ParallelPhoenixUtilTest
[INFO] Tests run: 24, Failures: 0, Errors: 0, Skipped: 0, Time elapsed: 7.717 s - in org.apache.phoenix.util.ScanUtilTest
[INFO] Running org.apache.phoenix.jdbc.ClusterRoleRecordGeneratorToolTest
[INFO] Tests run: 73, Failures: 0, Errors: 0, Skipped: 0, Time elapsed: 0.849 s - in org.apache.phoenix.parse.QueryParserTest
[INFO] Running org.apache.phoenix.jdbc.PhoenixPreparedStatementTest
[INFO] Tests run: 2, Failures: 0, Errors: 0, Skipped: 0, Time elapsed: 0.291 s - in org.apache.phoenix.jdbc.ClusterRoleRecordGeneratorToolTest
[INFO] Running org.apache.phoenix.jdbc.ClusterRoleRecordTest
[INFO] Tests run: 3, Failures: 0, Errors: 0, Skipped: 0, Time elapsed: 0.949 s - in org.apache.phoenix.util.ServerUtilTest
[INFO] Running org.apache.phoenix.jdbc.PhoenixHAAdminToolTest
[INFO] Tests run: 8, Failures: 0, Errors: 0, Skipped: 0, Time elapsed: 8.038 s - in org.apache.phoenix.util.json.JsonUpsertExecutorTest
[INFO] Running org.apache.phoenix.jdbc.FailoverPhoenixConnectionTest
[INFO] Tests run: 8, Failures: 0, Errors: 0, Skipped: 0, Time elapsed: 0.195 s - in org.apache.phoenix.jdbc.FailoverPhoenixConnectionTest
[INFO] Running org.apache.phoenix.jdbc.ParallelPhoenixResultSetTest
[INFO] Tests run: 8, Failures: 0, Errors: 0, Skipped: 0, Time elapsed: 0.633 s - in org.apache.phoenix.jdbc.PhoenixPreparedStatementTest
[INFO] Running org.apache.phoenix.jdbc.ParallelPhoenixContextTest
[INFO] Tests run: 2, Failures: 0, Errors: 0, Skipped: 0, Time elapsed: 1.132 s - in org.apache.phoenix.coprocessor.TaskMetaDataEndpointTest
[INFO] Running org.apache.phoenix.jdbc.PhoenixHAExecutorServiceProviderTest
[INFO] Tests run: 4, Failures: 0, Errors: 0, Skipped: 0, Time elapsed: 0.043 s - in org.apache.phoenix.jdbc.PhoenixHAExecutorServiceProviderTest
[INFO] Running org.apache.phoenix.jdbc.ParallelPhoenixConnectionTest
[INFO] Tests run: 4, Failures: 0, Errors: 0, Skipped: 0, Time elapsed: 0.148 s - in org.apache.phoenix.jdbc.ParallelPhoenixContextTest
[INFO] Running org.apache.phoenix.jdbc.PhoenixResultSetMetadataTest
[INFO] Tests run: 10, Failures: 0, Errors: 0, Skipped: 0, Time elapsed: 1.49 s - in org.apache.phoenix.jdbc.ClusterRoleRecordTest
[INFO] Running org.apache.phoenix.jdbc.ParallelPhoenixPreparedStatementTest
[INFO] Tests run: 4, Failures: 0, Errors: 0, Skipped: 0, Time elapsed: 7.899 s - in org.apache.phoenix.util.PhoenixEncodeDecodeTest
[INFO] Running org.apache.phoenix.jdbc.ReadOnlyPropertiesTest
[INFO] Tests run: 4, Failures: 0, Errors: 0, Skipped: 0, Time elapsed: 0.004 s - in org.apache.phoenix.jdbc.ReadOnlyPropertiesTest
[INFO] Running org.apache.phoenix.jdbc.ParallelPhoenixNullComparingResultSetTest
[INFO] Tests run: 2, Failures: 0, Errors: 0, Skipped: 0, Time elapsed: 0.782 s - in org.apache.phoenix.jdbc.PhoenixResultSetMetadataTest
[INFO] Running org.apache.phoenix.jdbc.PhoenixDriverTest
[WARNING] Tests run: 9, Failures: 0, Errors: 0, Skipped: 1, Time elapsed: 1.897 s - in org.apache.phoenix.jdbc.PhoenixHAAdminToolTest
[INFO] Running org.apache.phoenix.jdbc.PhoenixEmbeddedDriverTest
[INFO] Tests run: 4, Failures: 0, Errors: 0, Skipped: 0, Time elapsed: 0.175 s - in org.apache.phoenix.jdbc.PhoenixEmbeddedDriverTest
[INFO] Running org.apache.phoenix.jdbc.ParallelPhoenixConnectionFailureTest
[WARNING] Tests run: 7, Failures: 0, Errors: 0, Skipped: 1, Time elapsed: 0.819 s - in org.apache.phoenix.jdbc.PhoenixDriverTest
[INFO] Running org.apache.phoenix.schema.RowKeySchemaTest
[INFO] Tests run: 7, Failures: 0, Errors: 0, Skipped: 0, Time elapsed: 0.28 s - in org.apache.phoenix.schema.RowKeySchemaTest
[INFO] Running org.apache.phoenix.schema.RowKeyValueAccessorTest
[INFO] Tests run: 12, Failures: 0, Errors: 0, Skipped: 0, Time elapsed: 10.605 s - in org.apache.phoenix.util.PhoenixRuntimeTest
[INFO] Running org.apache.phoenix.schema.ValueBitSetTest
[INFO] Tests run: 4, Failures: 0, Errors: 0, Skipped: 0, Time elapsed: 0.007 s - in org.apache.phoenix.schema.ValueBitSetTest
[INFO] Running org.apache.phoenix.schema.types.PDataTypeTest
[INFO] Tests run: 1, Failures: 0, Errors: 0, Skipped: 0, Time elapsed: 0.206 s - in org.apache.phoenix.schema.RowKeyValueAccessorTest
[INFO] Running org.apache.phoenix.schema.types.PrimitiveShortPhoenixArrayToStringTest
[INFO] Tests run: 6, Failures: 0, Errors: 0, Skipped: 0, Time elapsed: 0.006 s - in org.apache.phoenix.schema.types.PrimitiveShortPhoenixArrayToStringTest
[INFO] Running org.apache.phoenix.schema.types.PVarcharArrayToStringTest
[INFO] Tests run: 8, Failures: 0, Errors: 0, Skipped: 0, Time elapsed: 0.004 s - in org.apache.phoenix.schema.types.PVarcharArrayToStringTest
[INFO] Running org.apache.phoenix.schema.types.PDateArrayToStringTest
[INFO] Tests run: 6, Failures: 0, Errors: 0, Skipped: 0, Time elapsed: 0.008 s - in org.apache.phoenix.schema.types.PDateArrayToStringTest
[INFO] Running org.apache.phoenix.schema.types.PrimitiveIntPhoenixArrayToStringTest
[INFO] Tests run: 6, Failures: 0, Errors: 0, Skipped: 0, Time elapsed: 0.004 s - in org.apache.phoenix.schema.types.PrimitiveIntPhoenixArrayToStringTest
[INFO] Tests run: 19, Failures: 0, Errors: 0, Skipped: 0, Time elapsed: 2.209 s - in org.apache.phoenix.jdbc.ParallelPhoenixConnectionTest
[INFO] Running org.apache.phoenix.schema.types.PrimitiveFloatPhoenixArrayToStringTest
[INFO] Running org.apache.phoenix.schema.types.PrimitiveBytePhoenixArrayToStringTest
[INFO] Tests run: 6, Failures: 0, Errors: 0, Skipped: 0, Time elapsed: 0.006 s - in org.apache.phoenix.schema.types.PrimitiveFloatPhoenixArrayToStringTest
[INFO] Running org.apache.phoenix.schema.types.PrimitiveDoublePhoenixArrayToStringTest
[INFO] Tests run: 6, Failures: 0, Errors: 0, Skipped: 0, Time elapsed: 0.006 s - in org.apache.phoenix.schema.types.PrimitiveBytePhoenixArrayToStringTest
[INFO] Running org.apache.phoenix.schema.types.PrimitiveBooleanPhoenixArrayToStringTest
[INFO] Tests run: 6, Failures: 0, Errors: 0, Skipped: 0, Time elapsed: 0.005 s - in org.apache.phoenix.schema.types.PrimitiveDoublePhoenixArrayToStringTest
[INFO] Running org.apache.phoenix.schema.types.PrimitiveLongPhoenixArrayToStringTest
[INFO] Tests run: 6, Failures: 0, Errors: 0, Skipped: 0, Time elapsed: 0.005 s - in org.apache.phoenix.schema.types.PrimitiveBooleanPhoenixArrayToStringTest
[INFO] Running org.apache.phoenix.schema.types.PDataTypeForArraysTest
[INFO] Tests run: 6, Failures: 0, Errors: 0, Skipped: 0, Time elapsed: 0.006 s - in org.apache.phoenix.schema.types.PrimitiveLongPhoenixArrayToStringTest
[INFO] Running org.apache.phoenix.schema.tuple.SingleKeyValueTupleTest
[INFO] Tests run: 1, Failures: 0, Errors: 0, Skipped: 0, Time elapsed: 0.002 s - in org.apache.phoenix.schema.tuple.SingleKeyValueTupleTest
[INFO] Running org.apache.phoenix.schema.MutationTest
[INFO] Tests run: 1, Failures: 0, Errors: 0, Skipped: 0, Time elapsed: 0.91 s - in org.apache.phoenix.jdbc.ParallelPhoenixConnectionFailureTest
[INFO] Running org.apache.phoenix.schema.PMetaDataImplTest
[INFO] Tests run: 37, Failures: 0, Errors: 0, Skipped: 0, Time elapsed: 0.148 s - in org.apache.phoenix.schema.types.PDataTypeTest
[INFO] Tests run: 69, Failures: 0, Errors: 0, Skipped: 0, Time elapsed: 0.051 s - in org.apache.phoenix.schema.types.PDataTypeForArraysTest
[INFO] Running org.apache.phoenix.schema.SchemaUtilTest
[INFO] Running org.apache.phoenix.schema.PCharPadTest
[INFO] Tests run: 6, Failures: 0, Errors: 0, Skipped: 0, Time elapsed: 0.003 s - in org.apache.phoenix.schema.SchemaUtilTest
[INFO] Tests run: 9, Failures: 0, Errors: 0, Skipped: 0, Time elapsed: 0.005 s - in org.apache.phoenix.schema.PCharPadTest
[INFO] Running org.apache.phoenix.schema.ImmutableStorageSchemeTest
[INFO] Running org.apache.phoenix.schema.SaltingUtilTest
[INFO] Tests run: 5, Failures: 0, Errors: 0, Skipped: 0, Time elapsed: 0.014 s - in org.apache.phoenix.schema.PMetaDataImplTest
[INFO] Running org.apache.phoenix.schema.SequenceAllocationTest
[INFO] Tests run: 2, Failures: 0, Errors: 0, Skipped: 0, Time elapsed: 0.003 s - in org.apache.phoenix.schema.SaltingUtilTest
[INFO] Running org.apache.phoenix.schema.SystemSplitPolicyTest
[INFO] Tests run: 2, Failures: 0, Errors: 0, Skipped: 0, Time elapsed: 0.005 s - in org.apache.phoenix.schema.SequenceAllocationTest
[INFO] Running org.apache.phoenix.schema.MetaDataClientTest
[INFO] Tests run: 2, Failures: 0, Errors: 0, Skipped: 0, Time elapsed: 0.013 s - in org.apache.phoenix.schema.SystemSplitPolicyTest
[INFO] Running org.apache.phoenix.schema.stats.UpdateStatisticsToolTest
[INFO] Tests run: 9, Failures: 0, Errors: 0, Skipped: 0, Time elapsed: 0.145 s - in org.apache.phoenix.schema.stats.UpdateStatisticsToolTest
[INFO] Running org.apache.phoenix.schema.stats.StatisticsScannerTest
[INFO] Tests run: 5, Failures: 0, Errors: 0, Skipped: 0, Time elapsed: 3.639 s - in org.apache.phoenix.jdbc.ParallelPhoenixUtilTest
[INFO] Running org.apache.phoenix.schema.SortOrderTest
[INFO] Tests run: 8, Failures: 0, Errors: 0, Skipped: 0, Time elapsed: 0.01 s - in org.apache.phoenix.schema.SortOrderTest
[INFO] Running org.apache.phoenix.compile.PostIndexDDLCompilerTest
[INFO] Tests run: 2, Failures: 0, Errors: 0, Skipped: 0, Time elapsed: 0.32 s - in org.apache.phoenix.schema.MutationTest
[INFO] Running org.apache.phoenix.compile.ViewCompilerTest
[INFO] Tests run: 2, Failures: 0, Errors: 0, Skipped: 0, Time elapsed: 0.375 s - in org.apache.phoenix.schema.MetaDataClientTest
[INFO] Running org.apache.phoenix.compile.StatementHintsCompilationTest
[INFO] Tests run: 4, Failures: 0, Errors: 0, Skipped: 0, Time elapsed: 0.25 s - in org.apache.phoenix.schema.stats.StatisticsScannerTest
[INFO] Running org.apache.phoenix.compile.RVCOffsetCompilerTest
[INFO] Tests run: 7, Failures: 0, Errors: 0, Skipped: 0, Time elapsed: 0.048 s - in org.apache.phoenix.compile.RVCOffsetCompilerTest
[INFO] Running org.apache.phoenix.compile.CursorCompilerTest
[INFO] Tests run: 22, Failures: 0, Errors: 0, Skipped: 0, Time elapsed: 0.697 s - in org.apache.phoenix.schema.ImmutableStorageSchemeTest
[INFO] Running org.apache.phoenix.compile.JoinQueryCompilerTest
[INFO] Tests run: 9, Failures: 0, Errors: 0, Skipped: 0, Time elapsed: 2.238 s - in org.apache.phoenix.jdbc.ParallelPhoenixNullComparingResultSetTest
[INFO] Running org.apache.phoenix.compile.SaltedScanRangesTest
[INFO] Tests run: 9, Failures: 0, Errors: 0, Skipped: 0, Time elapsed: 0.054 s - in org.apache.phoenix.compile.SaltedScanRangesTest
[INFO] Running org.apache.phoenix.compile.SelectStatementRewriterTest
[INFO] Tests run: 3, Failures: 0, Errors: 0, Skipped: 0, Time elapsed: 1.279 s - in org.apache.phoenix.compile.ViewCompilerTest
[INFO] Running org.apache.phoenix.compile.QueryCompilerTest
[INFO] Tests run: 1, Failures: 0, Errors: 0, Skipped: 0, Time elapsed: 1.266 s - in org.apache.phoenix.compile.CursorCompilerTest
[INFO] Running org.apache.phoenix.compile.ScanRangesIntersectTest
[INFO] Tests run: 2, Failures: 0, Errors: 0, Skipped: 0, Time elapsed: 1.074 s - in org.apache.phoenix.compile.JoinQueryCompilerTest
[INFO] Running org.apache.phoenix.compile.WhereCompilerTest
[INFO] Tests run: 1, Failures: 0, Errors: 0, Skipped: 0, Time elapsed: 0.007 s - in org.apache.phoenix.compile.ScanRangesIntersectTest
[INFO] Tests run: 2, Failures: 0, Errors: 0, Skipped: 0, Time elapsed: 1.582 s - in org.apache.phoenix.compile.PostIndexDDLCompilerTest
[INFO] Running org.apache.phoenix.compile.WhereOptimizerTest
[INFO] Running org.apache.phoenix.compile.CreateTableCompilerTest
[INFO] Tests run: 1, Failures: 0, Errors: 0, Skipped: 0, Time elapsed: 0.539 s - in org.apache.phoenix.compile.CreateTableCompilerTest
[INFO] Running org.apache.phoenix.compile.QueryOptimizerTest
[INFO] Tests run: 5, Failures: 0, Errors: 0, Skipped: 0, Time elapsed: 1.831 s - in org.apache.phoenix.compile.SelectStatementRewriterTest
[INFO] Running org.apache.phoenix.compile.LimitCompilerTest
[INFO] Tests run: 6, Failures: 0, Errors: 0, Skipped: 0, Time elapsed: 5.202 s - in org.apache.phoenix.jdbc.ParallelPhoenixResultSetTest
[INFO] Running org.apache.phoenix.compile.HavingCompilerTest
[INFO] Tests run: 6, Failures: 0, Errors: 0, Skipped: 0, Time elapsed: 0.741 s - in org.apache.phoenix.compile.LimitCompilerTest
[INFO] Running org.apache.phoenix.compile.TenantSpecificViewIndexCompileTest
[WARNING] Tests run: 45, Failures: 0, Errors: 0, Skipped: 1, Time elapsed: 1.648 s - in org.apache.phoenix.compile.WhereCompilerTest
[INFO] Running org.apache.phoenix.compile.ScanRangesTest
[INFO] Tests run: 34, Failures: 0, Errors: 0, Skipped: 0, Time elapsed: 0.044 s - in org.apache.phoenix.compile.ScanRangesTest
[INFO] Running org.apache.phoenix.compile.QueryMetaDataTest
[INFO] Tests run: 4, Failures: 0, Errors: 0, Skipped: 0, Time elapsed: 3.292 s - in org.apache.phoenix.compile.StatementHintsCompilationTest
[INFO] Running org.apache.phoenix.hbase.index.write.recovery.TestPerRegionIndexWriteCache
[INFO] Tests run: 32, Failures: 0, Errors: 0, Skipped: 0, Time elapsed: 0.791 s - in org.apache.phoenix.compile.QueryMetaDataTest
[INFO] Running org.apache.phoenix.hbase.index.write.TestParalleWriterIndexCommitter
[INFO] Tests run: 2, Failures: 0, Errors: 0, Skipped: 0, Time elapsed: 0.266 s - in org.apache.phoenix.hbase.index.write.TestParalleWriterIndexCommitter
[INFO] Running org.apache.phoenix.hbase.index.write.TestParalleIndexWriter
[INFO] Tests run: 2, Failures: 0, Errors: 0, Skipped: 0, Time elapsed: 0.029 s - in org.apache.phoenix.hbase.index.write.TestParalleIndexWriter
[INFO] Running org.apache.phoenix.hbase.index.write.TestWALRecoveryCaching
[WARNING] Tests run: 1, Failures: 0, Errors: 0, Skipped: 1, Time elapsed: 0.008 s - in org.apache.phoenix.hbase.index.write.TestWALRecoveryCaching
[INFO] Running org.apache.phoenix.hbase.index.write.TestIndexWriter
[INFO] Tests run: 121, Failures: 0, Errors: 0, Skipped: 0, Time elapsed: 2.851 s - in org.apache.phoenix.compile.WhereOptimizerTest
[INFO] Running org.apache.phoenix.hbase.index.parallel.TestThreadPoolBuilder
[INFO] Tests run: 2, Failures: 0, Errors: 0, Skipped: 0, Time elapsed: 0.012 s - in org.apache.phoenix.hbase.index.parallel.TestThreadPoolBuilder
[INFO] Running org.apache.phoenix.hbase.index.parallel.TestThreadPoolManager
[INFO] Tests run: 3, Failures: 0, Errors: 0, Skipped: 0, Time elapsed: 0.009 s - in org.apache.phoenix.hbase.index.parallel.TestThreadPoolManager
[INFO] Running org.apache.phoenix.hbase.index.parallel.TestTaskRunner
[INFO] Tests run: 4, Failures: 0, Errors: 0, Skipped: 0, Time elapsed: 0.072 s - in org.apache.phoenix.hbase.index.write.TestIndexWriter
[INFO] Running org.apache.phoenix.hbase.index.util.TestIndexManagementUtil
[INFO] Tests run: 11, Failures: 0, Errors: 0, Skipped: 0, Time elapsed: 2.032 s - in org.apache.phoenix.compile.HavingCompilerTest
[INFO] Running org.apache.phoenix.hbase.index.covered.CoveredColumnsTest
[INFO] Tests run: 1, Failures: 0, Errors: 0, Skipped: 0, Time elapsed: 0.005 s - in org.apache.phoenix.hbase.index.covered.CoveredColumnsTest
[INFO] Running org.apache.phoenix.hbase.index.covered.NonTxIndexBuilderTest
[INFO] Tests run: 3, Failures: 0, Errors: 0, Skipped: 0, Time elapsed: 0.04 s - in org.apache.phoenix.hbase.index.util.TestIndexManagementUtil
[INFO] Running org.apache.phoenix.hbase.index.covered.update.TestIndexUpdateManager
[INFO] Tests run: 1, Failures: 0, Errors: 0, Skipped: 0, Time elapsed: 0.074 s - in org.apache.phoenix.hbase.index.parallel.TestTaskRunner
[INFO] Running org.apache.phoenix.hbase.index.covered.LocalTableStateTest
[INFO] Tests run: 4, Failures: 0, Errors: 0, Skipped: 0, Time elapsed: 0.108 s - in org.apache.phoenix.hbase.index.covered.LocalTableStateTest
[INFO] Running org.apache.phoenix.hbase.index.covered.TestColumnTracker
[INFO] Tests run: 3, Failures: 0, Errors: 0, Skipped: 0, Time elapsed: 0.006 s - in org.apache.phoenix.hbase.index.covered.TestColumnTracker
[INFO] Running org.apache.phoenix.hbase.index.covered.TestCoveredColumnIndexCodec
[INFO] Tests run: 3, Failures: 0, Errors: 0, Skipped: 0, Time elapsed: 0.03 s - in org.apache.phoenix.hbase.index.covered.TestCoveredColumnIndexCodec
[INFO] Running org.apache.phoenix.hbase.index.covered.filter.TestApplyAndFilterDeletesFilter
[INFO] Tests run: 6, Failures: 0, Errors: 0, Skipped: 0, Time elapsed: 0.004 s - in org.apache.phoenix.hbase.index.covered.filter.TestApplyAndFilterDeletesFilter
[INFO] Running org.apache.phoenix.hbase.index.covered.filter.TestNewerTimestampFilter
[INFO] Tests run: 1, Failures: 0, Errors: 0, Skipped: 0, Time elapsed: 0.003 s - in org.apache.phoenix.hbase.index.covered.filter.TestNewerTimestampFilter
[INFO] Running org.apache.phoenix.hbase.index.covered.TestCoveredIndexSpecifierBuilder
[INFO] Tests run: 1, Failures: 0, Errors: 0, Skipped: 0, Time elapsed: 0.005 s - in org.apache.phoenix.hbase.index.covered.TestCoveredIndexSpecifierBuilder
[INFO] Running org.apache.phoenix.hbase.index.covered.data.TestIndexMemStore
[INFO] Tests run: 2, Failures: 0, Errors: 0, Skipped: 0, Time elapsed: 0.004 s - in org.apache.phoenix.hbase.index.covered.data.TestIndexMemStore
[INFO] Running org.apache.phoenix.index.automated.MRJobSubmitterTest
[INFO] Tests run: 2, Failures: 0, Errors: 0, Skipped: 0, Time elapsed: 0.324 s - in org.apache.phoenix.hbase.index.covered.update.TestIndexUpdateManager
[INFO] Running org.apache.phoenix.index.IndexRebuildRegionScannerTest
[INFO] Tests run: 6, Failures: 0, Errors: 0, Skipped: 0, Time elapsed: 0.236 s - in org.apache.phoenix.index.automated.MRJobSubmitterTest
[INFO] Running org.apache.phoenix.index.IndexScrutinyMapperTest
[INFO] Tests run: 8, Failures: 0, Errors: 0, Skipped: 0, Time elapsed: 0.858 s - in org.apache.phoenix.index.IndexScrutinyMapperTest
[INFO] Running org.apache.phoenix.index.PrepareIndexMutationsForRebuildTest
[INFO] Tests run: 6, Failures: 0, Errors: 0, Skipped: 0, Time elapsed: 3.72 s - in org.apache.phoenix.compile.TenantSpecificViewIndexCompileTest
[INFO] Running org.apache.phoenix.index.IndexUpgradeToolTest
[INFO] Tests run: 3, Failures: 0, Errors: 0, Skipped: 0, Time elapsed: 2.383 s - in org.apache.phoenix.hbase.index.covered.NonTxIndexBuilderTest
[INFO] Running org.apache.phoenix.index.ShouldVerifyTest
[INFO] Tests run: 1, Failures: 0, Errors: 0, Skipped: 0, Time elapsed: 2.201 s - in org.apache.phoenix.index.IndexRebuildRegionScannerTest
[INFO] Running org.apache.phoenix.index.VerifySingleIndexRowTest
[INFO] Tests run: 5, Failures: 0, Errors: 0, Skipped: 0, Time elapsed: 0.199 s - in org.apache.phoenix.index.ShouldVerifyTest
[INFO] Running org.apache.phoenix.index.IndexToolTest
[INFO] Tests run: 11, Failures: 0, Errors: 0, Skipped: 0, Time elapsed: 1.222 s - in org.apache.phoenix.index.PrepareIndexMutationsForRebuildTest
[INFO] Running org.apache.phoenix.index.IndexMaintainerTest
[INFO] Tests run: 16, Failures: 0, Errors: 0, Skipped: 0, Time elapsed: 0.319 s - in org.apache.phoenix.index.IndexUpgradeToolTest
[INFO] Running org.apache.phoenix.execute.DescVarLengthFastByteComparisonsTest
[INFO] Tests run: 2, Failures: 0, Errors: 0, Skipped: 0, Time elapsed: 0.007 s - in org.apache.phoenix.execute.DescVarLengthFastByteComparisonsTest
[INFO] Running org.apache.phoenix.execute.UnnestArrayPlanTest
[INFO] Tests run: 6, Failures: 0, Errors: 0, Skipped: 0, Time elapsed: 0.028 s - in org.apache.phoenix.execute.UnnestArrayPlanTest
[INFO] Running org.apache.phoenix.execute.MutationStateTest
[INFO] Tests run: 20, Failures: 0, Errors: 0, Skipped: 0, Time elapsed: 0.423 s - in org.apache.phoenix.index.IndexToolTest
[INFO] Running org.apache.phoenix.execute.LiteralResultIteratorPlanTest
[INFO] Tests run: 49, Failures: 0, Errors: 0, Skipped: 0, Time elapsed: 5.443 s - in org.apache.phoenix.compile.QueryOptimizerTest
[INFO] Running org.apache.phoenix.execute.SortMergeJoinTest
[INFO] Tests run: 5, Failures: 0, Errors: 0, Skipped: 0, Time elapsed: 0.448 s - in org.apache.phoenix.execute.MutationStateTest
[INFO] Running org.apache.phoenix.expression.ArrayFillFunctionTest
[INFO] Tests run: 14, Failures: 0, Errors: 0, Skipped: 0, Time elapsed: 0.051 s - in org.apache.phoenix.expression.ArrayFillFunctionTest
[INFO] Running org.apache.phoenix.expression.AndExpressionTest
[INFO] Tests run: 7, Failures: 0, Errors: 0, Skipped: 0, Time elapsed: 0.016 s - in org.apache.phoenix.expression.AndExpressionTest
[INFO] Running org.apache.phoenix.expression.ColumnExpressionTest
[INFO] Tests run: 4, Failures: 0, Errors: 0, Skipped: 0, Time elapsed: 0.004 s - in org.apache.phoenix.expression.ColumnExpressionTest
[INFO] Running org.apache.phoenix.expression.rewrite.RowValueConstructorExpressionRewriterTest
[INFO] Tests run: 1, Failures: 0, Errors: 0, Skipped: 0, Time elapsed: 0.083 s - in org.apache.phoenix.expression.rewrite.RowValueConstructorExpressionRewriterTest
[INFO] Running org.apache.phoenix.expression.LnLogFunctionTest
[INFO] Tests run: 1, Failures: 0, Errors: 0, Skipped: 0, Time elapsed: 0.051 s - in org.apache.phoenix.expression.LnLogFunctionTest
[INFO] Running org.apache.phoenix.expression.RegexpSplitFunctionTest
[INFO] Tests run: 2, Failures: 0, Errors: 0, Skipped: 0, Time elapsed: 0.429 s - in org.apache.phoenix.execute.SortMergeJoinTest
[INFO] Running org.apache.phoenix.expression.util.regex.PatternPerformanceTest
[INFO] Tests run: 1, Failures: 0, Errors: 0, Skipped: 0, Time elapsed: 0.005 s - in org.apache.phoenix.expression.util.regex.PatternPerformanceTest
[INFO] Running org.apache.phoenix.expression.ArrayAppendFunctionTest
[INFO] Tests run: 3, Failures: 0, Errors: 0, Skipped: 0, Time elapsed: 0.703 s - in org.apache.phoenix.execute.LiteralResultIteratorPlanTest
[INFO] Running org.apache.phoenix.expression.RoundFloorCeilExpressionsTest
[INFO] Tests run: 1, Failures: 0, Errors: 0, Skipped: 0, Time elapsed: 0.473 s - in org.apache.phoenix.expression.RegexpSplitFunctionTest
[INFO] Running org.apache.phoenix.expression.ArrayConstructorExpressionTest
[INFO] Tests run: 1, Failures: 0, Errors: 0, Skipped: 0, Time elapsed: 0.005 s - in org.apache.phoenix.expression.ArrayConstructorExpressionTest
[INFO] Running org.apache.phoenix.expression.RegexpSubstrFunctionTest
[INFO] Tests run: 1, Failures: 0, Errors: 0, Skipped: 0, Time elapsed: 0.008 s - in org.apache.phoenix.expression.RegexpSubstrFunctionTest
[INFO] Tests run: 25, Failures: 0, Errors: 0, Skipped: 0, Time elapsed: 0.452 s - in org.apache.phoenix.expression.ArrayAppendFunctionTest
[INFO] Running org.apache.phoenix.expression.ArrayConcatFunctionTest
[INFO] Running org.apache.phoenix.expression.SignFunctionTest
[INFO] Tests run: 1, Failures: 0, Errors: 0, Skipped: 0, Time elapsed: 0.007 s - in org.apache.phoenix.expression.SignFunctionTest
[INFO] Running org.apache.phoenix.expression.SortOrderExpressionTest
[INFO] Tests run: 24, Failures: 0, Errors: 0, Skipped: 0, Time elapsed: 0.132 s - in org.apache.phoenix.expression.SortOrderExpressionTest
[INFO] Running org.apache.phoenix.expression.function.ExternalSqlTypeIdFunctionTest
[INFO] Tests run: 3, Failures: 0, Errors: 0, Skipped: 0, Time elapsed: 0.004 s - in org.apache.phoenix.expression.function.ExternalSqlTypeIdFunctionTest
[INFO] Running org.apache.phoenix.expression.function.LowerFunctionTest
[INFO] Tests run: 3, Failures: 0, Errors: 0, Skipped: 0, Time elapsed: 0.026 s - in org.apache.phoenix.expression.function.LowerFunctionTest
[INFO] Running org.apache.phoenix.expression.function.UpperFunctionTest
[INFO] Tests run: 3, Failures: 0, Errors: 0, Skipped: 0, Time elapsed: 0.004 s - in org.apache.phoenix.expression.function.UpperFunctionTest
[INFO] Running org.apache.phoenix.expression.function.CollationKeyFunctionTest
[INFO] Tests run: 24, Failures: 0, Errors: 0, Skipped: 0, Time elapsed: 1.781 s - in org.apache.phoenix.index.IndexMaintainerTest
[INFO] Running org.apache.phoenix.expression.function.InstrFunctionTest
[INFO] Tests run: 1, Failures: 0, Errors: 0, Skipped: 0, Time elapsed: 0.003 s - in org.apache.phoenix.expression.function.InstrFunctionTest
[INFO] Running org.apache.phoenix.expression.function.BuiltinFunctionConstructorTest
[INFO] Tests run: 13, Failures: 0, Errors: 0, Skipped: 0, Time elapsed: 1.933 s - in org.apache.phoenix.index.VerifySingleIndexRowTest
[INFO] Running org.apache.phoenix.expression.ArrayPrependFunctionTest
[INFO] Tests run: 2, Failures: 0, Errors: 0, Skipped: 0, Time elapsed: 0.146 s - in org.apache.phoenix.expression.function.BuiltinFunctionConstructorTest
[INFO] Running org.apache.phoenix.expression.StringToArrayFunctionTest
[INFO] Tests run: 20, Failures: 0, Errors: 0, Skipped: 0, Time elapsed: 0.016 s - in org.apache.phoenix.expression.StringToArrayFunctionTest
[INFO] Running org.apache.phoenix.expression.ArithmeticOperationTest
[INFO] Tests run: 6, Failures: 0, Errors: 0, Skipped: 0, Time elapsed: 0.017 s - in org.apache.phoenix.expression.ArithmeticOperationTest
[INFO] Running org.apache.phoenix.expression.OctetLengthFunctionTest
[INFO] Tests run: 1, Failures: 0, Errors: 0, Skipped: 0, Time elapsed: 0.011 s - in org.apache.phoenix.expression.OctetLengthFunctionTest
[INFO] Running org.apache.phoenix.expression.GetSetByteBitFunctionTest
[INFO] Tests run: 37, Failures: 0, Errors: 0, Skipped: 0, Time elapsed: 0.376 s - in org.apache.phoenix.expression.ArrayPrependFunctionTest
[INFO] Running org.apache.phoenix.expression.OrExpressionTest
[INFO] Tests run: 7, Failures: 0, Errors: 0, Skipped: 0, Time elapsed: 0.012 s - in org.apache.phoenix.expression.OrExpressionTest
[INFO] Running org.apache.phoenix.expression.ArrayToStringFunctionTest
[INFO] Tests run: 24, Failures: 0, Errors: 0, Skipped: 0, Time elapsed: 0.063 s - in org.apache.phoenix.expression.ArrayToStringFunctionTest
[INFO] Running org.apache.phoenix.expression.DeterminismTest
[INFO] Tests run: 1, Failures: 0, Errors: 0, Skipped: 0, Time elapsed: 0.002 s - in org.apache.phoenix.expression.DeterminismTest
[INFO] Running org.apache.phoenix.expression.ExpFunctionTest
[INFO] Tests run: 1, Failures: 0, Errors: 0, Skipped: 0, Time elapsed: 0.008 s - in org.apache.phoenix.expression.ExpFunctionTest
[INFO] Running org.apache.phoenix.expression.ArrayRemoveFunctionTest
[INFO] Tests run: 15, Failures: 0, Errors: 0, Skipped: 0, Time elapsed: 0.008 s - in org.apache.phoenix.expression.ArrayRemoveFunctionTest
[INFO] Running org.apache.phoenix.expression.CbrtFunctionTest
[INFO] Tests run: 1, Failures: 0, Errors: 0, Skipped: 0, Time elapsed: 0.007 s - in org.apache.phoenix.expression.CbrtFunctionTest
[INFO] Running org.apache.phoenix.expression.PowerFunctionTest
[INFO] Tests run: 1, Failures: 0, Errors: 0, Skipped: 0, Time elapsed: 0.011 s - in org.apache.phoenix.expression.PowerFunctionTest
[INFO] Running org.apache.phoenix.expression.CoerceExpressionTest
[INFO] Tests run: 5, Failures: 0, Errors: 0, Skipped: 0, Time elapsed: 0.005 s - in org.apache.phoenix.expression.CoerceExpressionTest
[INFO] Running org.apache.phoenix.expression.MathTrigFunctionTest
[INFO] Tests run: 13, Failures: 0, Errors: 0, Skipped: 0, Time elapsed: 0.02 s - in org.apache.phoenix.expression.MathTrigFunctionTest
[INFO] Running org.apache.phoenix.expression.InListExpressionTest
[INFO] Tests run: 23, Failures: 0, Errors: 0, Skipped: 0, Time elapsed: 1.452 s - in org.apache.phoenix.expression.RoundFloorCeilExpressionsTest
[INFO] Running org.apache.phoenix.expression.MathPIFunctionTest
[INFO] Tests run: 1, Failures: 0, Errors: 0, Skipped: 0, Time elapsed: 0.002 s - in org.apache.phoenix.expression.MathPIFunctionTest
[INFO] Running org.apache.phoenix.expression.ILikeExpressionTest
[INFO] Tests run: 35, Failures: 0, Errors: 0, Skipped: 0, Time elapsed: 1.297 s - in org.apache.phoenix.expression.ArrayConcatFunctionTest
[INFO] Running org.apache.phoenix.expression.SqrtFunctionTest
[INFO] Tests run: 1, Failures: 0, Errors: 0, Skipped: 0, Time elapsed: 0.014 s - in org.apache.phoenix.expression.SqrtFunctionTest
[INFO] Running org.apache.phoenix.expression.LikeExpressionTest
[INFO] Tests run: 3, Failures: 0, Errors: 0, Skipped: 0, Time elapsed: 0.394 s - in org.apache.phoenix.expression.ILikeExpressionTest
[INFO] Running org.apache.phoenix.expression.RegexpReplaceFunctionTest
[INFO] Tests run: 1, Failures: 0, Errors: 0, Skipped: 0, Time elapsed: 0.045 s - in org.apache.phoenix.expression.RegexpReplaceFunctionTest
[INFO] Running org.apache.phoenix.expression.NullValueTest
[INFO] Tests run: 6, Failures: 0, Errors: 0, Skipped: 0, Time elapsed: 0.4 s - in org.apache.phoenix.expression.LikeExpressionTest
[INFO] Running org.apache.phoenix.expression.AbsFunctionTest
[INFO] Tests run: 1, Failures: 0, Errors: 0, Skipped: 0, Time elapsed: 0.017 s - in org.apache.phoenix.expression.AbsFunctionTest
[INFO] Running org.apache.phoenix.filter.DistinctPrefixFilterTest
[INFO] Tests run: 8, Failures: 0, Errors: 0, Skipped: 0, Time elapsed: 0.065 s - in org.apache.phoenix.filter.DistinctPrefixFilterTest
[INFO] Running org.apache.phoenix.filter.EncodedQualifiersColumnProjectionFilterTest
[INFO] Tests run: 1, Failures: 0, Errors: 0, Skipped: 0, Time elapsed: 0.003 s - in org.apache.phoenix.filter.EncodedQualifiersColumnProjectionFilterTest
[INFO] Running org.apache.phoenix.filter.SkipScanFilterTest
[INFO] Tests run: 2, Failures: 0, Errors: 0, Skipped: 0, Time elapsed: 1.25 s - in org.apache.phoenix.expression.GetSetByteBitFunctionTest
[INFO] Running org.apache.phoenix.filter.SkipScanBigFilterTest
[INFO] Tests run: 21, Failures: 0, Errors: 0, Skipped: 0, Time elapsed: 0.129 s - in org.apache.phoenix.filter.SkipScanFilterTest
[INFO] Running org.apache.phoenix.filter.SkipScanFilterIntersectTest
[INFO] Tests run: 19, Failures: 0, Errors: 0, Skipped: 0, Time elapsed: 0.037 s - in org.apache.phoenix.filter.SkipScanFilterIntersectTest
[INFO] Running org.apache.phoenix.monitoring.TableMetricsManagerTest
[INFO] Tests run: 3, Failures: 0, Errors: 0, Skipped: 0, Time elapsed: 0.56 s - in org.apache.phoenix.expression.NullValueTest
[INFO] Running org.apache.phoenix.monitoring.TableHistogramsTest
[INFO] Tests run: 1, Failures: 0, Errors: 0, Skipped: 0, Time elapsed: 0.146 s - in org.apache.phoenix.monitoring.TableHistogramsTest
[INFO] Running org.apache.phoenix.monitoring.OverAllQueryMetricsTest
[INFO] Tests run: 6, Failures: 0, Errors: 0, Skipped: 0, Time elapsed: 0.008 s - in org.apache.phoenix.monitoring.OverAllQueryMetricsTest
[INFO] Running org.apache.phoenix.monitoring.SizeHistogramTest
[INFO] Tests run: 2, Failures: 0, Errors: 0, Skipped: 0, Time elapsed: 0.128 s - in org.apache.phoenix.monitoring.SizeHistogramTest
[INFO] Running org.apache.phoenix.monitoring.MetricUtilTest
[INFO] Tests run: 3, Failures: 0, Errors: 0, Skipped: 0, Time elapsed: 0.026 s - in org.apache.phoenix.monitoring.MetricUtilTest
[INFO] Running org.apache.phoenix.monitoring.PhoenixTableMetricImplTest
[INFO] Tests run: 6, Failures: 0, Errors: 0, Skipped: 0, Time elapsed: 0.007 s - in org.apache.phoenix.monitoring.PhoenixTableMetricImplTest
[INFO] Running org.apache.phoenix.monitoring.TableClientMetricsTest
[INFO] Tests run: 2, Failures: 0, Errors: 0, Skipped: 0, Time elapsed: 0.676 s - in org.apache.phoenix.filter.SkipScanBigFilterTest
[INFO] Running org.apache.phoenix.monitoring.LatencyHistogramTest
[INFO] Tests run: 8, Failures: 0, Errors: 0, Skipped: 0, Time elapsed: 0.608 s - in org.apache.phoenix.monitoring.TableMetricsManagerTest
[INFO] Running org.apache.phoenix.query.KeyRangeCoalesceTest
[INFO] Tests run: 13, Failures: 0, Errors: 0, Skipped: 0, Time elapsed: 0.009 s - in org.apache.phoenix.query.KeyRangeCoalesceTest
[INFO] Running org.apache.phoenix.query.ScannerLeaseRenewalTest
[INFO] Tests run: 11, Failures: 0, Errors: 0, Skipped: 0, Time elapsed: 2.43 s - in org.apache.phoenix.expression.function.CollationKeyFunctionTest
[INFO] Running org.apache.phoenix.query.EncodedColumnQualifierCellsListTest
[INFO] Tests run: 2, Failures: 0, Errors: 0, Skipped: 0, Time elapsed: 0.079 s - in org.apache.phoenix.monitoring.TableClientMetricsTest
[INFO] Running org.apache.phoenix.query.KeyRangeClipTest
[INFO] Tests run: 22, Failures: 0, Errors: 0, Skipped: 0, Time elapsed: 0.036 s - in org.apache.phoenix.query.EncodedColumnQualifierCellsListTest
[INFO] Running org.apache.phoenix.query.PhoenixStatsCacheRemovalListenerTest
[INFO] Tests run: 1, Failures: 0, Errors: 0, Skipped: 0, Time elapsed: 0.002 s - in org.apache.phoenix.query.PhoenixStatsCacheRemovalListenerTest
[INFO] Running org.apache.phoenix.query.ParallelIteratorsSplitTest
[INFO] Tests run: 2, Failures: 0, Errors: 0, Skipped: 0, Time elapsed: 0.127 s - in org.apache.phoenix.monitoring.LatencyHistogramTest
[INFO] Running org.apache.phoenix.query.KeyRangeUnionTest
[INFO] Tests run: 8, Failures: 0, Errors: 0, Skipped: 0, Time elapsed: 0.012 s - in org.apache.phoenix.query.KeyRangeUnionTest
[INFO] Running org.apache.phoenix.query.GuidePostsCacheWrapperTest
[INFO] Tests run: 4, Failures: 0, Errors: 0, Skipped: 0, Time elapsed: 0.061 s - in org.apache.phoenix.query.GuidePostsCacheWrapperTest
[INFO] Running org.apache.phoenix.query.PhoenixStatsCacheLoaderTest
[INFO] Tests run: 1, Failures: 0, Errors: 0, Skipped: 0, Time elapsed: 0.426 s - in org.apache.phoenix.query.PhoenixStatsCacheLoaderTest
[INFO] Running org.apache.phoenix.query.KeyRangeIntersectTest
[INFO] Tests run: 9, Failures: 0, Errors: 0, Skipped: 0, Time elapsed: 0.007 s - in org.apache.phoenix.query.KeyRangeIntersectTest
[INFO] Running org.apache.phoenix.query.OrderByTest
[INFO] Tests run: 8, Failures: 0, Errors: 0, Skipped: 0, Time elapsed: 0.773 s - in org.apache.phoenix.query.KeyRangeClipTest
[INFO] Running org.apache.phoenix.query.QueryPlanTest
[INFO] Tests run: 4, Failures: 0, Errors: 0, Skipped: 0, Time elapsed: 0.375 s - in org.apache.phoenix.query.OrderByTest
[INFO] Running org.apache.phoenix.query.ConnectionlessTest
[INFO] Tests run: 8, Failures: 0, Errors: 0, Skipped: 0, Time elapsed: 0.979 s - in org.apache.phoenix.query.ParallelIteratorsSplitTest
[INFO] Running org.apache.phoenix.query.HBaseFactoryProviderTest
[INFO] Tests run: 3, Failures: 0, Errors: 0, Skipped: 0, Time elapsed: 0.004 s - in org.apache.phoenix.query.HBaseFactoryProviderTest
[INFO] Running org.apache.phoenix.query.GuidePostsCacheProviderTest
[INFO] Tests run: 6, Failures: 0, Errors: 0, Skipped: 0, Time elapsed: 0.171 s - in org.apache.phoenix.query.GuidePostsCacheProviderTest
[INFO] Running org.apache.phoenix.query.ConnectionQueryServicesImplTest
[WARNING] Tests run: 203, Failures: 0, Errors: 0, Skipped: 2, Time elapsed: 11.267 s - in org.apache.phoenix.compile.QueryCompilerTest
[INFO] Tests run: 3, Failures: 0, Errors: 0, Skipped: 0, Time elapsed: 0.406 s - in org.apache.phoenix.query.ConnectionlessTest
[INFO] Running org.apache.phoenix.query.ExplainPlanTextTest
[INFO] Running org.apache.phoenix.query.KeyRangeMoreTest
[INFO] Tests run: 2, Failures: 0, Errors: 0, Skipped: 0, Time elapsed: 0.488 s - in org.apache.phoenix.query.ExplainPlanTextTest
[INFO] Running org.apache.phoenix.query.PropertyPolicyProviderTest
[INFO] Tests run: 5, Failures: 0, Errors: 0, Skipped: 0, Time elapsed: 15.176 s - in org.apache.phoenix.jdbc.ParallelPhoenixPreparedStatementTest
[INFO] Running org.apache.phoenix.mapreduce.CsvToKeyValueMapperTest
[INFO] Tests run: 2, Failures: 0, Errors: 0, Skipped: 0, Time elapsed: 0.023 s - in org.apache.phoenix.mapreduce.CsvToKeyValueMapperTest
[INFO] Running org.apache.phoenix.mapreduce.CsvBulkImportUtilTest
[INFO] Tests run: 4, Failures: 0, Errors: 0, Skipped: 0, Time elapsed: 0.297 s - in org.apache.phoenix.query.PropertyPolicyProviderTest
[INFO] Running org.apache.phoenix.mapreduce.util.PhoenixConfigurationUtilTest
[INFO] Tests run: 9, Failures: 0, Errors: 0, Skipped: 0, Time elapsed: 0.989 s - in org.apache.phoenix.query.ConnectionQueryServicesImplTest
[INFO] Running org.apache.phoenix.mapreduce.util.IndexColumnNamesTest
[INFO] Tests run: 7, Failures: 0, Errors: 0, Skipped: 0, Time elapsed: 3.846 s - in org.apache.phoenix.expression.InListExpressionTest
[INFO] Running org.apache.phoenix.mapreduce.util.ColumnInfoToStringEncoderDecoderTest
[INFO] Tests run: 2, Failures: 0, Errors: 0, Skipped: 0, Time elapsed: 0.035 s - in org.apache.phoenix.mapreduce.util.ColumnInfoToStringEncoderDecoderTest
[INFO] Running org.apache.phoenix.mapreduce.FormatToBytesWritableMapperTest
[INFO] Tests run: 5, Failures: 0, Errors: 0, Skipped: 0, Time elapsed: 0.164 s - in org.apache.phoenix.mapreduce.FormatToBytesWritableMapperTest
[INFO] Running org.apache.phoenix.mapreduce.PhoenixMultiViewInputFormatTest
[INFO] Tests run: 5, Failures: 0, Errors: 0, Skipped: 0, Time elapsed: 0.569 s - in org.apache.phoenix.mapreduce.CsvBulkImportUtilTest
[INFO] Running org.apache.phoenix.mapreduce.bulkload.TestTableRowkeyPair
[INFO] Tests run: 1, Failures: 0, Errors: 0, Skipped: 0, Time elapsed: 0.01 s - in org.apache.phoenix.mapreduce.bulkload.TestTableRowkeyPair
[INFO] Running org.apache.phoenix.mapreduce.PhoenixTTLToolTest
[INFO] Tests run: 3, Failures: 0, Errors: 0, Skipped: 0, Time elapsed: 0.135 s - in org.apache.phoenix.mapreduce.PhoenixMultiViewInputFormatTest
[INFO] Running org.apache.phoenix.mapreduce.DefaultMultiViewSplitStrategyTest
[INFO] Tests run: 3, Failures: 0, Errors: 0, Skipped: 0, Time elapsed: 0.084 s - in org.apache.phoenix.mapreduce.DefaultMultiViewSplitStrategyTest
[INFO] Running org.apache.phoenix.mapreduce.index.IndexScrutinyTableOutputTest
[INFO] Tests run: 2, Failures: 0, Errors: 0, Skipped: 0, Time elapsed: 0.783 s - in org.apache.phoenix.mapreduce.util.IndexColumnNamesTest
[INFO] Running org.apache.phoenix.mapreduce.PhoenixMultiViewReaderTest
[INFO] Tests run: 1, Failures: 0, Errors: 0, Skipped: 0, Time elapsed: 0.051 s - in org.apache.phoenix.mapreduce.PhoenixMultiViewReaderTest
[INFO] Running org.apache.phoenix.mapreduce.BulkLoadToolTest
[INFO] Tests run: 2, Failures: 0, Errors: 0, Skipped: 0, Time elapsed: 0.36 s - in org.apache.phoenix.mapreduce.PhoenixTTLToolTest
[INFO] Running org.apache.phoenix.TestJVMExit
[INFO] Tests run: 2, Failures: 0, Errors: 0, Skipped: 0, Time elapsed: 0.006 s - in org.apache.phoenix.TestJVMExit
[INFO] Running org.apache.hadoop.hbase.regionserver.wal.IndexedKeyValueTest
[INFO] Tests run: 12, Failures: 0, Errors: 0, Skipped: 0, Time elapsed: 0.057 s - in org.apache.phoenix.mapreduce.BulkLoadToolTest
[INFO] Running org.apache.hadoop.hbase.regionserver.wal.ReadWriteKeyValuesWithCodecTest
[INFO] Tests run: 5, Failures: 0, Errors: 0, Skipped: 0, Time elapsed: 2.38 s - in org.apache.phoenix.query.QueryPlanTest
[INFO] Running org.apache.hadoop.hbase.regionserver.wal.IndexedWALEditCodecTest
[INFO] Tests run: 1, Failures: 0, Errors: 0, Skipped: 0, Time elapsed: 0.028 s - in org.apache.hadoop.hbase.regionserver.wal.IndexedWALEditCodecTest
[INFO] Running org.apache.hadoop.hbase.regionserver.PhoenixRpcSchedulerFactoryTest
[INFO] Tests run: 2, Failures: 0, Errors: 0, Skipped: 0, Time elapsed: 0.056 s - in org.apache.hadoop.hbase.regionserver.PhoenixRpcSchedulerFactoryTest
[INFO] Running org.apache.hadoop.hbase.ipc.PhoenixIndexRpcSchedulerTest
[INFO] Tests run: 13, Failures: 0, Errors: 0, Skipped: 0, Time elapsed: 1.132 s - in org.apache.phoenix.mapreduce.util.PhoenixConfigurationUtilTest
[INFO] Tests run: 2, Failures: 0, Errors: 0, Skipped: 0, Time elapsed: 0.472 s - in org.apache.hadoop.hbase.regionserver.wal.IndexedKeyValueTest
[INFO] Tests run: 6, Failures: 0, Errors: 0, Skipped: 0, Time elapsed: 0.758 s - in org.apache.phoenix.mapreduce.index.IndexScrutinyTableOutputTest
[INFO] Tests run: 2, Failures: 0, Errors: 0, Skipped: 0, Time elapsed: 1.005 s - in org.apache.hadoop.hbase.regionserver.wal.ReadWriteKeyValuesWithCodecTest
[INFO] Tests run: 3, Failures: 0, Errors: 0, Skipped: 0, Time elapsed: 1.262 s - in org.apache.hadoop.hbase.ipc.PhoenixIndexRpcSchedulerTest
[INFO] Tests run: 5, Failures: 0, Errors: 0, Skipped: 0, Time elapsed: 3.985 s - in org.apache.phoenix.query.KeyRangeMoreTest
[INFO] Tests run: 2, Failures: 0, Errors: 0, Skipped: 0, Time elapsed: 5.848 s - in org.apache.phoenix.query.ScannerLeaseRenewalTest
[INFO] Tests run: 3, Failures: 0, Errors: 0, Skipped: 0, Time elapsed: 13.729 s - in org.apache.phoenix.hbase.index.write.recovery.TestPerRegionIndexWriteCache
[INFO] 
[INFO] Results:
[INFO] 
[WARNING] Tests run: 2001, Failures: 0, Errors: 0, Skipped: 6
[INFO] 
[INFO] 
[INFO] --- maven-source-plugin:3.2.1:jar-no-fork (attach-sources) @ phoenix-core ---
[INFO] Building jar: /Users/p.chauhan/Desktop/big-data/phoenix-1/phoenix-core/target/phoenix-core-5.2.0-SNAPSHOT-sources.jar
[INFO] 
[INFO] --- maven-jar-plugin:3.2.0:test-jar (default) @ phoenix-core ---
[INFO] Building jar: /Users/p.chauhan/Desktop/big-data/phoenix-1/phoenix-core/target/phoenix-core-5.2.0-SNAPSHOT-tests.jar
[INFO] 
[INFO] --- maven-jar-plugin:3.2.0:jar (default-jar) @ phoenix-core ---
[INFO] Building jar: /Users/p.chauhan/Desktop/big-data/phoenix-1/phoenix-core/target/phoenix-core-5.2.0-SNAPSHOT.jar
[INFO] 
[INFO] --- maven-site-plugin:3.7.1:attach-descriptor (attach-descriptor) @ phoenix-core ---
[INFO] Skipping because packaging 'jar' is not pom.
[INFO] 
[INFO] --- maven-failsafe-plugin:3.0.0-M6:integration-test (ParallelStatsEnabledTest) @ phoenix-core ---
[INFO] Using auto detected provider org.apache.maven.surefire.junitcore.JUnitCoreProvider
[INFO] 
[INFO] -------------------------------------------------------
[INFO]  T E S T S
[INFO] -------------------------------------------------------
[INFO] Running org.apache.phoenix.coprocessor.StatisticsCollectionRunTrackerIT
[INFO] Running org.apache.phoenix.end2end.QueryWithTableSampleIT
[INFO] Running org.apache.phoenix.end2end.ParallelIteratorsIT
[INFO] Running org.apache.phoenix.end2end.MultiCfQueryExecIT
[INFO] Running org.apache.phoenix.end2end.ConfigurableCacheIT
[INFO] Tests run: 4, Failures: 0, Errors: 0, Skipped: 0, Time elapsed: 0.761 s - in org.apache.phoenix.end2end.ConfigurableCacheIT
[INFO] Running org.apache.phoenix.end2end.ReadIsolationLevelIT
[INFO] Running org.apache.phoenix.end2end.KeyOnlyIT
[INFO] Tests run: 2, Failures: 0, Errors: 0, Skipped: 0, Time elapsed: 3.399 s - in org.apache.phoenix.end2end.ReadIsolationLevelIT
[INFO] Running org.apache.phoenix.end2end.TenantSpecificTablesDDLIT
[INFO] Running org.apache.phoenix.end2end.ExplainPlanWithStatsEnabledIT
[INFO] Tests run: 3, Failures: 0, Errors: 0, Skipped: 0, Time elapsed: 9.793 s - in org.apache.phoenix.end2end.ParallelIteratorsIT
[INFO] Running org.apache.phoenix.end2end.TenantSpecificTablesDMLIT
[INFO] Tests run: 3, Failures: 0, Errors: 0, Skipped: 0, Time elapsed: 12.484 s - in org.apache.phoenix.end2end.KeyOnlyIT
[INFO] Running org.apache.phoenix.end2end.TransactionalViewIT
[INFO] Tests run: 2, Failures: 0, Errors: 0, Skipped: 0, Time elapsed: 6.237 s - in org.apache.phoenix.end2end.TransactionalViewIT
[INFO] Running org.apache.phoenix.end2end.index.ImmutableIndexWithStatsIT
[INFO] Tests run: 1, Failures: 0, Errors: 0, Skipped: 0, Time elapsed: 4.639 s - in org.apache.phoenix.end2end.index.ImmutableIndexWithStatsIT
[INFO] Running org.apache.phoenix.query.ConnectionCachingIT
[INFO] Tests run: 4, Failures: 0, Errors: 0, Skipped: 0, Time elapsed: 44.21 s - in org.apache.phoenix.coprocessor.StatisticsCollectionRunTrackerIT
[INFO] Running org.apache.phoenix.schema.tool.SchemaToolExtractionIT
[INFO] Tests run: 12, Failures: 0, Errors: 0, Skipped: 0, Time elapsed: 48.501 s - in org.apache.phoenix.end2end.QueryWithTableSampleIT
[INFO] Tests run: 14, Failures: 0, Errors: 0, Skipped: 0, Time elapsed: 58.47 s - in org.apache.phoenix.end2end.MultiCfQueryExecIT
[INFO] Tests run: 28, Failures: 0, Errors: 0, Skipped: 0, Time elapsed: 71.268 s - in org.apache.phoenix.end2end.ExplainPlanWithStatsEnabledIT
[INFO] Tests run: 2, Failures: 0, Errors: 0, Skipped: 0, Time elapsed: 76.089 s - in org.apache.phoenix.query.ConnectionCachingIT
[INFO] Tests run: 23, Failures: 0, Errors: 0, Skipped: 0, Time elapsed: 107.393 s - in org.apache.phoenix.schema.tool.SchemaToolExtractionIT
[INFO] Tests run: 16, Failures: 0, Errors: 0, Skipped: 0, Time elapsed: 140.842 s - in org.apache.phoenix.end2end.TenantSpecificTablesDMLIT
[INFO] Tests run: 17, Failures: 0, Errors: 0, Skipped: 0, Time elapsed: 157.956 s - in org.apache.phoenix.end2end.TenantSpecificTablesDDLIT
[INFO] 
[INFO] Results:
[INFO] 
[INFO] Tests run: 131, Failures: 0, Errors: 0, Skipped: 0
[INFO] 
[INFO] 
[INFO] --- maven-failsafe-plugin:3.0.0-M6:integration-test (ParallelStatsDisabledTest) @ phoenix-core ---
[INFO] Using auto detected provider org.apache.maven.surefire.junitcore.JUnitCoreProvider
[INFO] 
[INFO] -------------------------------------------------------
[INFO]  T E S T S
[INFO] -------------------------------------------------------
[INFO] Running org.apache.phoenix.end2end.AppendOnlySchemaIT
[INFO] Running org.apache.phoenix.end2end.AlterAddCascadeIndexIT
[INFO] Running org.apache.phoenix.end2end.AlterSessionIT
[INFO] Running org.apache.phoenix.end2end.AbsFunctionEnd2EndIT
[INFO] Running org.apache.phoenix.end2end.AggregateIT
[INFO] Running org.apache.phoenix.end2end.AlterTableIT
[INFO] Tests run: 1, Failures: 0, Errors: 0, Skipped: 0, Time elapsed: 2.539 s - in org.apache.phoenix.end2end.AbsFunctionEnd2EndIT
[INFO] Running org.apache.phoenix.end2end.ArithmeticQueryIT
[INFO] Tests run: 2, Failures: 0, Errors: 0, Skipped: 0, Time elapsed: 3.487 s - in org.apache.phoenix.end2end.AlterSessionIT
[INFO] Running org.apache.phoenix.end2end.Array1IT
[INFO] Running org.apache.phoenix.end2end.AggregateQueryIT
[INFO] Tests run: 8, Failures: 0, Errors: 0, Skipped: 0, Time elapsed: 30.607 s - in org.apache.phoenix.end2end.AppendOnlySchemaIT
[INFO] Running org.apache.phoenix.end2end.Array2IT
[INFO] Tests run: 26, Failures: 0, Errors: 0, Skipped: 0, Time elapsed: 55.243 s - in org.apache.phoenix.end2end.ArithmeticQueryIT
[INFO] Running org.apache.phoenix.end2end.Array3IT
[INFO] Tests run: 27, Failures: 0, Errors: 0, Skipped: 0, Time elapsed: 64.669 s - in org.apache.phoenix.end2end.Array1IT
[INFO] Tests run: 42, Failures: 0, Errors: 0, Skipped: 0, Time elapsed: 65.742 s - in org.apache.phoenix.end2end.AggregateQueryIT
[INFO] Running org.apache.phoenix.end2end.ArrayConcatFunctionIT
[INFO] Tests run: 29, Failures: 0, Errors: 0, Skipped: 0, Time elapsed: 57.638 s - in org.apache.phoenix.end2end.Array2IT
[INFO] Running org.apache.phoenix.end2end.ArrayAppendFunctionIT
[INFO] Running org.apache.phoenix.end2end.ArrayFillFunctionIT
[INFO] Tests run: 24, Failures: 0, Errors: 0, Skipped: 0, Time elapsed: 111.702 s - in org.apache.phoenix.end2end.AggregateIT
[INFO] Tests run: 26, Failures: 0, Errors: 0, Skipped: 0, Time elapsed: 58.904 s - in org.apache.phoenix.end2end.Array3IT
[INFO] Running org.apache.phoenix.end2end.ArrayPrependFunctionIT
[INFO] Running org.apache.phoenix.end2end.ArrayRemoveFunctionIT
[INFO] Tests run: 31, Failures: 0, Errors: 0, Skipped: 0, Time elapsed: 76.012 s - in org.apache.phoenix.end2end.ArrayConcatFunctionIT
[INFO] Running org.apache.phoenix.end2end.ArrayToStringFunctionIT
[INFO] Tests run: 37, Failures: 0, Errors: 0, Skipped: 0, Time elapsed: 87.02 s - in org.apache.phoenix.end2end.ArrayAppendFunctionIT
[INFO] Tests run: 26, Failures: 0, Errors: 0, Skipped: 0, Time elapsed: 73.443 s - in org.apache.phoenix.end2end.ArrayFillFunctionIT
[INFO] Running org.apache.phoenix.end2end.ArraysWithNullsIT
[INFO] Running org.apache.phoenix.end2end.AuditLoggingIT
[INFO] Tests run: 28, Failures: 0, Errors: 0, Skipped: 0, Time elapsed: 73.762 s - in org.apache.phoenix.end2end.ArrayRemoveFunctionIT
[INFO] Tests run: 34, Failures: 0, Errors: 0, Skipped: 0, Time elapsed: 80.068 s - in org.apache.phoenix.end2end.ArrayPrependFunctionIT
[INFO] Tests run: 16, Failures: 0, Errors: 0, Skipped: 0, Time elapsed: 22.038 s - in org.apache.phoenix.end2end.ArraysWithNullsIT
[INFO] Running org.apache.phoenix.end2end.BinaryRowKeyIT
[INFO] Tests run: 6, Failures: 0, Errors: 0, Skipped: 0, Time elapsed: 19.751 s - in org.apache.phoenix.end2end.AuditLoggingIT
[INFO] Running org.apache.phoenix.end2end.BinaryStringLiteralIT
[INFO] Tests run: 3, Failures: 0, Errors: 0, Skipped: 0, Time elapsed: 4.488 s - in org.apache.phoenix.end2end.BinaryRowKeyIT
[INFO] Running org.apache.phoenix.end2end.CSVCommonsLoaderIT
[INFO] Tests run: 2, Failures: 0, Errors: 0, Skipped: 0, Time elapsed: 4.316 s - in org.apache.phoenix.end2end.BinaryStringLiteralIT
[INFO] Running org.apache.phoenix.end2end.CaseStatementIT
[INFO] Running org.apache.phoenix.end2end.AutoCommitIT
[INFO] Tests run: 1, Failures: 0, Errors: 0, Skipped: 0, Time elapsed: 2.262 s - in org.apache.phoenix.end2end.AutoCommitIT
[INFO] Running org.apache.phoenix.end2end.AutoPartitionViewsIT
[INFO] Running org.apache.phoenix.end2end.CastAndCoerceIT
[INFO] Tests run: 17, Failures: 0, Errors: 0, Skipped: 0, Time elapsed: 32.392 s - in org.apache.phoenix.end2end.CSVCommonsLoaderIT
[INFO] Tests run: 36, Failures: 0, Errors: 0, Skipped: 0, Time elapsed: 93.008 s - in org.apache.phoenix.end2end.ArrayToStringFunctionIT
[INFO] Tests run: 63, Failures: 0, Errors: 0, Skipped: 0, Time elapsed: 33.351 s - in org.apache.phoenix.end2end.CaseStatementIT
[INFO] Running org.apache.phoenix.end2end.CoalesceFunctionIT
[INFO] Running org.apache.phoenix.end2end.CbrtFunctionEnd2EndIT
[INFO] Tests run: 49, Failures: 0, Errors: 0, Skipped: 0, Time elapsed: 35.926 s - in org.apache.phoenix.end2end.CastAndCoerceIT
[INFO] Running org.apache.phoenix.end2end.CollationKeyFunctionIT
[INFO] Running org.apache.phoenix.end2end.ClientHashAggregateIT
[INFO] Tests run: 2, Failures: 0, Errors: 0, Skipped: 0, Time elapsed: 7.749 s - in org.apache.phoenix.end2end.CbrtFunctionEnd2EndIT
[INFO] Running org.apache.phoenix.end2end.ColumnEncodedBytesPropIT
[INFO] Tests run: 13, Failures: 0, Errors: 0, Skipped: 0, Time elapsed: 19.096 s - in org.apache.phoenix.end2end.CoalesceFunctionIT
[INFO] Running org.apache.phoenix.end2end.ColumnProjectionOptimizationIT
[INFO] Tests run: 2, Failures: 0, Errors: 0, Skipped: 0, Time elapsed: 5.021 s - in org.apache.phoenix.end2end.ClientHashAggregateIT
[INFO] Running org.apache.phoenix.end2end.ConcurrentMutationsIT
[INFO] Tests run: 12, Failures: 0, Errors: 0, Skipped: 0, Time elapsed: 54.25 s - in org.apache.phoenix.end2end.AutoPartitionViewsIT
[INFO] Tests run: 12, Failures: 0, Errors: 0, Skipped: 0, Time elapsed: 17.657 s - in org.apache.phoenix.end2end.CollationKeyFunctionIT
[INFO] Running org.apache.phoenix.end2end.CountDistinctApproximateHyperLogLogIT
[INFO] Tests run: 3, Failures: 0, Errors: 0, Skipped: 0, Time elapsed: 13.939 s - in org.apache.phoenix.end2end.ColumnEncodedBytesPropIT
[INFO] Running org.apache.phoenix.end2end.CreateSchemaIT
[INFO] Tests run: 1, Failures: 0, Errors: 0, Skipped: 0, Time elapsed: 0.492 s - in org.apache.phoenix.end2end.CreateSchemaIT
[INFO] Running org.apache.phoenix.end2end.CreateTableIT
[WARNING] Tests run: 5, Failures: 0, Errors: 0, Skipped: 2, Time elapsed: 15.173 s - in org.apache.phoenix.end2end.ConcurrentMutationsIT
[INFO] Running org.apache.phoenix.end2end.CursorWithRowValueConstructorIT
[INFO] Tests run: 3, Failures: 0, Errors: 0, Skipped: 0, Time elapsed: 20.106 s - in org.apache.phoenix.end2end.ColumnProjectionOptimizationIT
[INFO] Tests run: 6, Failures: 0, Errors: 0, Skipped: 0, Time elapsed: 14.033 s - in org.apache.phoenix.end2end.CountDistinctApproximateHyperLogLogIT
[INFO] Running org.apache.phoenix.end2end.ConvertTimezoneFunctionIT
[INFO] Tests run: 8, Failures: 0, Errors: 0, Skipped: 0, Time elapsed: 13.364 s - in org.apache.phoenix.end2end.ConvertTimezoneFunctionIT
[INFO] Running org.apache.phoenix.end2end.DateTimeIT
[INFO] Running org.apache.phoenix.end2end.CustomEntityDataIT
[INFO] Running org.apache.phoenix.end2end.DateArithmeticIT
[INFO] Tests run: 3, Failures: 0, Errors: 0, Skipped: 0, Time elapsed: 6.608 s - in org.apache.phoenix.end2end.CustomEntityDataIT
[INFO] Running org.apache.phoenix.end2end.DecodeFunctionIT
[INFO] Tests run: 6, Failures: 0, Errors: 0, Skipped: 0, Time elapsed: 11.379 s - in org.apache.phoenix.end2end.DecodeFunctionIT
[INFO] Running org.apache.phoenix.end2end.DefaultColumnValueIT
[INFO] Tests run: 9, Failures: 0, Errors: 0, Skipped: 0, Time elapsed: 17.631 s - in org.apache.phoenix.end2end.DateArithmeticIT
[INFO] Running org.apache.phoenix.end2end.DeleteIT
[INFO] Tests run: 18, Failures: 0, Errors: 0, Skipped: 0, Time elapsed: 53.535 s - in org.apache.phoenix.end2end.CursorWithRowValueConstructorIT
[INFO] Tests run: 32, Failures: 0, Errors: 0, Skipped: 0, Time elapsed: 366.471 s - in org.apache.phoenix.end2end.AlterAddCascadeIndexIT
[INFO] Running org.apache.phoenix.end2end.DerivedTableIT
[INFO] Running org.apache.phoenix.end2end.DescOrderKeysIT
[INFO] Tests run: 5, Failures: 0, Errors: 0, Skipped: 0, Time elapsed: 10.95 s - in org.apache.phoenix.end2end.DescOrderKeysIT
[INFO] Running org.apache.phoenix.end2end.DisableLocalIndexIT
[INFO] Tests run: 1, Failures: 0, Errors: 0, Skipped: 0, Time elapsed: 4.455 s - in org.apache.phoenix.end2end.DisableLocalIndexIT
[INFO] Running org.apache.phoenix.end2end.DistinctCountIT
[INFO] Tests run: 24, Failures: 0, Errors: 0, Skipped: 0, Time elapsed: 69.727 s - in org.apache.phoenix.end2end.DefaultColumnValueIT
[INFO] Tests run: 11, Failures: 0, Errors: 0, Skipped: 0, Time elapsed: 21.635 s - in org.apache.phoenix.end2end.DistinctCountIT
[INFO] Running org.apache.phoenix.end2end.DropTableIT
[INFO] Tests run: 1, Failures: 0, Errors: 0, Skipped: 0, Time elapsed: 0.689 s - in org.apache.phoenix.end2end.DropTableIT
[INFO] Running org.apache.phoenix.end2end.DynamicColumnIT
[INFO] Tests run: 18, Failures: 0, Errors: 0, Skipped: 0, Time elapsed: 50.68 s - in org.apache.phoenix.end2end.DerivedTableIT
[INFO] Running org.apache.phoenix.end2end.DynamicFamilyIT
[INFO] Running org.apache.phoenix.end2end.DistinctPrefixFilterIT
[INFO] Tests run: 4, Failures: 0, Errors: 0, Skipped: 0, Time elapsed: 3.323 s - in org.apache.phoenix.end2end.DynamicFamilyIT
[INFO] Running org.apache.phoenix.end2end.DynamicUpsertIT
[INFO] Tests run: 7, Failures: 0, Errors: 0, Skipped: 0, Time elapsed: 14.068 s - in org.apache.phoenix.end2end.DynamicUpsertIT
[INFO] Running org.apache.phoenix.end2end.EmptyColumnIT
[INFO] Tests run: 33, Failures: 0, Errors: 0, Skipped: 0, Time elapsed: 149.281 s - in org.apache.phoenix.end2end.CreateTableIT
[INFO] Running org.apache.phoenix.end2end.EncodeFunctionIT
[INFO] Tests run: 7, Failures: 0, Errors: 0, Skipped: 0, Time elapsed: 9.124 s - in org.apache.phoenix.end2end.EncodeFunctionIT
[INFO] Running org.apache.phoenix.end2end.EvaluationOfORIT
[INFO] Tests run: 6, Failures: 0, Errors: 0, Skipped: 0, Time elapsed: 49.743 s - in org.apache.phoenix.end2end.DynamicColumnIT
[INFO] Running org.apache.phoenix.end2end.ExecuteStatementsIT
[INFO] Tests run: 2, Failures: 0, Errors: 0, Skipped: 0, Time elapsed: 1.22 s - in org.apache.phoenix.end2end.EvaluationOfORIT
[INFO] Running org.apache.phoenix.end2end.ExpFunctionEnd2EndIT
[INFO] Tests run: 3, Failures: 0, Errors: 0, Skipped: 0, Time elapsed: 6.092 s - in org.apache.phoenix.end2end.ExpFunctionEnd2EndIT
[INFO] Running org.apache.phoenix.end2end.ExplainPlanWithStatsDisabledIT
[INFO] Tests run: 2, Failures: 0, Errors: 0, Skipped: 0, Time elapsed: 11.698 s - in org.apache.phoenix.end2end.ExecuteStatementsIT
[INFO] Tests run: 76, Failures: 0, Errors: 0, Skipped: 0, Time elapsed: 491.308 s - in org.apache.phoenix.end2end.AlterTableIT
[INFO] Tests run: 61, Failures: 0, Errors: 0, Skipped: 0, Time elapsed: 180.268 s - in org.apache.phoenix.end2end.DateTimeIT
[INFO] Running org.apache.phoenix.end2end.ExtendedQueryExecIT
[INFO] Tests run: 5, Failures: 0, Errors: 0, Skipped: 0, Time elapsed: 76.544 s - in org.apache.phoenix.end2end.DistinctPrefixFilterIT
[INFO] Running org.apache.phoenix.end2end.FlappingAlterTableIT
[INFO] Running org.apache.phoenix.end2end.FirstValueFunctionIT
[INFO] Tests run: 13, Failures: 0, Errors: 0, Skipped: 0, Time elapsed: 28.623 s - in org.apache.phoenix.end2end.ExplainPlanWithStatsDisabledIT
[INFO] Tests run: 4, Failures: 0, Errors: 0, Skipped: 0, Time elapsed: 8.971 s - in org.apache.phoenix.end2end.ExtendedQueryExecIT
[INFO] Running org.apache.phoenix.end2end.GetSetByteBitFunctionEnd2EndIT
[INFO] Tests run: 1, Failures: 0, Errors: 0, Skipped: 0, Time elapsed: 0.67 s - in org.apache.phoenix.end2end.GetSetByteBitFunctionEnd2EndIT
[INFO] Running org.apache.phoenix.end2end.GroupByIT
[INFO] Running org.apache.phoenix.end2end.FirstValuesFunctionIT
[INFO] Tests run: 7, Failures: 0, Errors: 0, Skipped: 0, Time elapsed: 7.847 s - in org.apache.phoenix.end2end.FirstValueFunctionIT
[INFO] Running org.apache.phoenix.end2end.ImmutableTableIT
[INFO] Tests run: 1, Failures: 0, Errors: 0, Skipped: 0, Time elapsed: 2.292 s - in org.apache.phoenix.end2end.FirstValuesFunctionIT
[INFO] Running org.apache.phoenix.end2end.ImmutableTablePropertiesIT
[INFO] Tests run: 2, Failures: 0, Errors: 0, Skipped: 0, Time elapsed: 1.822 s - in org.apache.phoenix.end2end.ImmutableTableIT
[INFO] Running org.apache.phoenix.end2end.InListIT
[INFO] Tests run: 2, Failures: 0, Errors: 0, Skipped: 0, Time elapsed: 13.791 s - in org.apache.phoenix.end2end.FlappingAlterTableIT
[INFO] Tests run: 4, Failures: 0, Errors: 0, Skipped: 0, Time elapsed: 3.11 s - in org.apache.phoenix.end2end.ImmutableTablePropertiesIT
[INFO] Running org.apache.phoenix.end2end.IndexToolForDeleteBeforeRebuildIT
[INFO] Running org.apache.phoenix.end2end.InQueryIT
[INFO] Running org.apache.phoenix.end2end.FunkyNamesIT
[INFO] Tests run: 3, Failures: 0, Errors: 0, Skipped: 0, Time elapsed: 5.574 s - in org.apache.phoenix.end2end.FunkyNamesIT
[INFO] Running org.apache.phoenix.end2end.InstrFunctionIT
[INFO] Tests run: 10, Failures: 0, Errors: 0, Skipped: 0, Time elapsed: 10.785 s - in org.apache.phoenix.end2end.InstrFunctionIT
[INFO] Running org.apache.phoenix.end2end.IntArithmeticIT
[INFO] Tests run: 3, Failures: 0, Errors: 0, Skipped: 0, Time elapsed: 33.996 s - in org.apache.phoenix.end2end.IndexToolForDeleteBeforeRebuildIT
[INFO] Running org.apache.phoenix.end2end.IsNullIT
[INFO] Tests run: 3, Failures: 0, Errors: 0, Skipped: 0, Time elapsed: 1.961 s - in org.apache.phoenix.end2end.IsNullIT
[INFO] Running org.apache.phoenix.end2end.LastValueFunctionIT
[INFO] Tests run: 63, Failures: 0, Errors: 0, Skipped: 0, Time elapsed: 38.781 s - in org.apache.phoenix.end2end.InQueryIT
[INFO] Tests run: 11, Failures: 0, Errors: 0, Skipped: 0, Time elapsed: 14.725 s - in org.apache.phoenix.end2end.LastValueFunctionIT
[INFO] Tests run: 63, Failures: 0, Errors: 0, Skipped: 0, Time elapsed: 61.815 s - in org.apache.phoenix.end2end.GroupByIT
[INFO] Tests run: 70, Failures: 0, Errors: 0, Skipped: 0, Time elapsed: 33.09 s - in org.apache.phoenix.end2end.IntArithmeticIT
[INFO] Running org.apache.phoenix.end2end.MD5FunctionIT
[INFO] Tests run: 3, Failures: 0, Errors: 0, Skipped: 0, Time elapsed: 3.478 s - in org.apache.phoenix.end2end.MD5FunctionIT
[INFO] Running org.apache.phoenix.end2end.MapReduceIT
[INFO] Running org.apache.phoenix.end2end.LastValuesFunctionIT
[INFO] Running org.apache.phoenix.end2end.LikeExpressionIT
[INFO] Running org.apache.phoenix.end2end.LnLogFunctionEnd2EndIT
[INFO] Tests run: 1, Failures: 0, Errors: 0, Skipped: 0, Time elapsed: 2.663 s - in org.apache.phoenix.end2end.LnLogFunctionEnd2EndIT
[INFO] Running org.apache.phoenix.end2end.MappingTableDataTypeIT
[INFO] Tests run: 6, Failures: 0, Errors: 0, Skipped: 0, Time elapsed: 153.887 s - in org.apache.phoenix.end2end.EmptyColumnIT
[INFO] Running org.apache.phoenix.end2end.MathPIFunctionEnd2EndIT
[INFO] Tests run: 3, Failures: 0, Errors: 0, Skipped: 0, Time elapsed: 0.031 s - in org.apache.phoenix.end2end.MathPIFunctionEnd2EndIT
[INFO] Running org.apache.phoenix.end2end.MathTrigFunctionEnd2EndIT
[INFO] Tests run: 1, Failures: 0, Errors: 0, Skipped: 0, Time elapsed: 0.693 s - in org.apache.phoenix.end2end.MathTrigFunctionEnd2EndIT
[INFO] Running org.apache.phoenix.end2end.MetaDataEndPointIT
[INFO] Tests run: 18, Failures: 0, Errors: 0, Skipped: 0, Time elapsed: 16.673 s - in org.apache.phoenix.end2end.LastValuesFunctionIT
[INFO] Running org.apache.phoenix.end2end.MetaDataEndpointImplIT
[INFO] Tests run: 1, Failures: 0, Errors: 0, Skipped: 0, Time elapsed: 6.916 s - in org.apache.phoenix.end2end.MappingTableDataTypeIT
[INFO] Running org.apache.phoenix.end2end.MinMaxAggregateFunctionIT
[INFO] Tests run: 1, Failures: 0, Errors: 0, Skipped: 0, Time elapsed: 1.274 s - in org.apache.phoenix.end2end.MinMaxAggregateFunctionIT
[INFO] Running org.apache.phoenix.end2end.ModulusExpressionIT
[INFO] Tests run: 3, Failures: 0, Errors: 0, Skipped: 0, Time elapsed: 22.705 s - in org.apache.phoenix.end2end.MapReduceIT
[INFO] Tests run: 10, Failures: 0, Errors: 0, Skipped: 0, Time elapsed: 17.461 s - in org.apache.phoenix.end2end.LikeExpressionIT
[INFO] Running org.apache.phoenix.end2end.NamespaceSchemaMappingIT
[INFO] Tests run: 11, Failures: 0, Errors: 0, Skipped: 0, Time elapsed: 10.686 s - in org.apache.phoenix.end2end.ModulusExpressionIT
[INFO] Running org.apache.phoenix.end2end.NativeHBaseTypesIT
[INFO] Tests run: 1, Failures: 0, Errors: 0, Skipped: 0, Time elapsed: 8.021 s - in org.apache.phoenix.end2end.NamespaceSchemaMappingIT
[INFO] Tests run: 1, Failures: 0, Errors: 0, Skipped: 0, Time elapsed: 16.969 s - in org.apache.phoenix.end2end.MetaDataEndPointIT
[INFO] Running org.apache.phoenix.end2end.NotQueryWithGlobalImmutableIndexesIT
[INFO] Tests run: 114, Failures: 0, Errors: 0, Skipped: 0, Time elapsed: 100.178 s - in org.apache.phoenix.end2end.InListIT
[INFO] Running org.apache.phoenix.end2end.MutationStateIT
[INFO] Tests run: 44, Failures: 0, Errors: 0, Skipped: 0, Time elapsed: 7.107 s - in org.apache.phoenix.end2end.NotQueryWithGlobalImmutableIndexesIT
[INFO] Running org.apache.phoenix.end2end.NullIT
[INFO] Tests run: 10, Failures: 0, Errors: 0, Skipped: 0, Time elapsed: 25.746 s - in org.apache.phoenix.end2end.MetaDataEndpointImplIT
[INFO] Running org.apache.phoenix.end2end.NthValueFunctionIT
[INFO] Running org.apache.phoenix.end2end.NotQueryWithLocalImmutableIndexesIT
[INFO] Tests run: 74, Failures: 0, Errors: 0, Skipped: 0, Time elapsed: 300.356 s - in org.apache.phoenix.end2end.DeleteIT
[INFO] Tests run: 14, Failures: 0, Errors: 0, Skipped: 0, Time elapsed: 11.083 s - in org.apache.phoenix.end2end.NthValueFunctionIT
[INFO] Running org.apache.phoenix.end2end.OnDuplicateKeyIT
[INFO] Running org.apache.phoenix.end2end.NumericArithmeticIT
[INFO] Tests run: 33, Failures: 0, Errors: 0, Skipped: 0, Time elapsed: 14.913 s - in org.apache.phoenix.end2end.NotQueryWithLocalImmutableIndexesIT
[INFO] Running org.apache.phoenix.end2end.OperationTimeoutWithReasonIT
[INFO] Running org.apache.phoenix.end2end.OctetLengthFunctionEnd2EndIT
[INFO] Tests run: 1, Failures: 0, Errors: 0, Skipped: 0, Time elapsed: 2.155 s - in org.apache.phoenix.end2end.OperationTimeoutWithReasonIT
[INFO] Running org.apache.phoenix.end2end.OrderByIT
[INFO] Tests run: 1, Failures: 0, Errors: 0, Skipped: 0, Time elapsed: 0.771 s - in org.apache.phoenix.end2end.OctetLengthFunctionEnd2EndIT
[INFO] Running org.apache.phoenix.end2end.PartialScannerResultsDisabledIT
[INFO] Tests run: 7, Failures: 0, Errors: 0, Skipped: 0, Time elapsed: 51.496 s - in org.apache.phoenix.end2end.NativeHBaseTypesIT
[INFO] Running org.apache.phoenix.end2end.PercentileIT
[INFO] Tests run: 2, Failures: 0, Errors: 0, Skipped: 0, Time elapsed: 18.135 s - in org.apache.phoenix.end2end.PartialScannerResultsDisabledIT
[INFO] Running org.apache.phoenix.end2end.PhoenixRowTimestampFunctionIT
[INFO] Tests run: 21, Failures: 0, Errors: 0, Skipped: 0, Time elapsed: 37.727 s - in org.apache.phoenix.end2end.NumericArithmeticIT
[INFO] Running org.apache.phoenix.end2end.PhoenixRuntimeIT
[INFO] Tests run: 18, Failures: 0, Errors: 0, Skipped: 0, Time elapsed: 29.863 s - in org.apache.phoenix.end2end.PercentileIT
[INFO] Tests run: 2, Failures: 0, Errors: 0, Skipped: 0, Time elapsed: 20.666 s - in org.apache.phoenix.end2end.PhoenixRuntimeIT
[INFO] Tests run: 70, Failures: 0, Errors: 0, Skipped: 0, Time elapsed: 82.233 s - in org.apache.phoenix.end2end.NullIT
[INFO] Running org.apache.phoenix.end2end.PowerFunctionEnd2EndIT
[INFO] Tests run: 1, Failures: 0, Errors: 0, Skipped: 0, Time elapsed: 2.041 s - in org.apache.phoenix.end2end.PowerFunctionEnd2EndIT
[INFO] Running org.apache.phoenix.end2end.ProjectArrayElemAfterHashJoinIT
[INFO] Tests run: 9, Failures: 0, Errors: 0, Skipped: 0, Time elapsed: 60.819 s - in org.apache.phoenix.end2end.OrderByIT
[INFO] Tests run: 2, Failures: 0, Errors: 0, Skipped: 0, Time elapsed: 2.611 s - in org.apache.phoenix.end2end.ProjectArrayElemAfterHashJoinIT
[INFO] Running org.apache.phoenix.end2end.QueryDatabaseMetaDataIT
[INFO] Running org.apache.phoenix.end2end.ProductMetricsIT
[INFO] Running org.apache.phoenix.end2end.PrimitiveTypeIT
[INFO] Running org.apache.phoenix.end2end.PropertiesInSyncIT
[INFO] Tests run: 9, Failures: 0, Errors: 0, Skipped: 0, Time elapsed: 12.001 s - in org.apache.phoenix.end2end.PrimitiveTypeIT
[INFO] Running org.apache.phoenix.end2end.QueryExecWithoutSCNIT
[INFO] Tests run: 1, Failures: 0, Errors: 0, Skipped: 0, Time elapsed: 2.209 s - in org.apache.phoenix.end2end.QueryExecWithoutSCNIT
[INFO] Running org.apache.phoenix.end2end.QueryIT
[INFO] Tests run: 42, Failures: 0, Errors: 0, Skipped: 0, Time elapsed: 30.641 s - in org.apache.phoenix.end2end.QueryIT
[INFO] Running org.apache.phoenix.end2end.QueryMoreIT
[INFO] Tests run: 20, Failures: 0, Errors: 0, Skipped: 0, Time elapsed: 68.843 s - in org.apache.phoenix.end2end.QueryDatabaseMetaDataIT
[INFO] Tests run: 55, Failures: 0, Errors: 0, Skipped: 0, Time elapsed: 69.696 s - in org.apache.phoenix.end2end.ProductMetricsIT
[INFO] Tests run: 130, Failures: 0, Errors: 0, Skipped: 0, Time elapsed: 122.814 s - in org.apache.phoenix.end2end.PhoenixRowTimestampFunctionIT
[INFO] Running org.apache.phoenix.end2end.QueryWithOffsetIT
[INFO] Running org.apache.phoenix.end2end.RTrimFunctionIT
[INFO] Tests run: 2, Failures: 0, Errors: 0, Skipped: 0, Time elapsed: 2.095 s - in org.apache.phoenix.end2end.RTrimFunctionIT
[INFO] Running org.apache.phoenix.end2end.ReadOnlyIT
[INFO] Tests run: 1, Failures: 0, Errors: 0, Skipped: 0, Time elapsed: 6.334 s - in org.apache.phoenix.end2end.ReadOnlyIT
[INFO] Running org.apache.phoenix.end2end.RegexpReplaceFunctionIT
[INFO] Running org.apache.phoenix.end2end.RangeScanIT
[INFO] Tests run: 2, Failures: 0, Errors: 0, Skipped: 0, Time elapsed: 2.823 s - in org.apache.phoenix.end2end.RegexpReplaceFunctionIT
[INFO] Running org.apache.phoenix.end2end.RegexpSplitFunctionIT
[INFO] Tests run: 11, Failures: 0, Errors: 0, Skipped: 0, Time elapsed: 39.904 s - in org.apache.phoenix.end2end.QueryMoreIT
[INFO] Tests run: 19, Failures: 0, Errors: 0, Skipped: 0, Time elapsed: 203.236 s - in org.apache.phoenix.end2end.MutationStateIT
[INFO] Tests run: 8, Failures: 0, Errors: 0, Skipped: 0, Time elapsed: 17.759 s - in org.apache.phoenix.end2end.QueryWithOffsetIT
[INFO] Running org.apache.phoenix.end2end.ReverseScanIT
[INFO] Tests run: 12, Failures: 0, Errors: 0, Skipped: 0, Time elapsed: 12.221 s - in org.apache.phoenix.end2end.RegexpSplitFunctionIT
[INFO] Running org.apache.phoenix.end2end.RoundFloorCeilFuncIT
[INFO] Tests run: 4, Failures: 0, Errors: 0, Skipped: 0, Time elapsed: 9.177 s - in org.apache.phoenix.end2end.ReverseScanIT
[INFO] Running org.apache.phoenix.end2end.RowKeyBytesStringFunctionIT
[INFO] Tests run: 1, Failures: 0, Errors: 0, Skipped: 0, Time elapsed: 2.253 s - in org.apache.phoenix.end2end.RowKeyBytesStringFunctionIT
[INFO] Running org.apache.phoenix.end2end.RowTimestampIT
[INFO] Running org.apache.phoenix.end2end.RegexpSubstrFunctionIT
[INFO] Running org.apache.phoenix.end2end.ReverseFunctionIT
[INFO] Tests run: 2, Failures: 0, Errors: 0, Skipped: 0, Time elapsed: 2.518 s - in org.apache.phoenix.end2end.RegexpSubstrFunctionIT
[INFO] Running org.apache.phoenix.end2end.RowValueConstructorIT
[INFO] Tests run: 5, Failures: 0, Errors: 0, Skipped: 0, Time elapsed: 6.45 s - in org.apache.phoenix.end2end.ReverseFunctionIT
[INFO] Tests run: 56, Failures: 0, Errors: 0, Skipped: 0, Time elapsed: 29.1 s - in org.apache.phoenix.end2end.RangeScanIT
[INFO] Running org.apache.phoenix.end2end.RowValueConstructorOffsetOptionalIT
[WARNING] Tests run: 5, Failures: 0, Errors: 0, Skipped: 5, Time elapsed: 0.003 s - in org.apache.phoenix.end2end.RowValueConstructorOffsetOptionalIT
[INFO] Running org.apache.phoenix.end2end.SCNIT
[INFO] Running org.apache.phoenix.end2end.RowValueConstructorOffsetIT
[INFO] Tests run: 2, Failures: 0, Errors: 0, Skipped: 0, Time elapsed: 4.567 s - in org.apache.phoenix.end2end.SCNIT
[INFO] Running org.apache.phoenix.end2end.SequenceBulkAllocationIT
[INFO] Tests run: 56, Failures: 0, Errors: 0, Skipped: 0, Time elapsed: 6.386 s - in org.apache.phoenix.end2end.SequenceBulkAllocationIT
[INFO] Running org.apache.phoenix.end2end.SequenceIT
[INFO] Tests run: 33, Failures: 0, Errors: 0, Skipped: 0, Time elapsed: 33.838 s - in org.apache.phoenix.end2end.RoundFloorCeilFuncIT
[INFO] Tests run: 31, Failures: 0, Errors: 0, Skipped: 0, Time elapsed: 26.448 s - in org.apache.phoenix.end2end.RowValueConstructorOffsetIT
[INFO] Running org.apache.phoenix.end2end.ServerExceptionIT
[INFO] Tests run: 1, Failures: 0, Errors: 0, Skipped: 0, Time elapsed: 1.21 s - in org.apache.phoenix.end2end.ServerExceptionIT
[INFO] Running org.apache.phoenix.end2end.SetPropertyOnEncodedTableIT
[INFO] Tests run: 56, Failures: 0, Errors: 0, Skipped: 0, Time elapsed: 23.277 s - in org.apache.phoenix.end2end.SequenceIT
[INFO] Tests run: 11, Failures: 0, Errors: 0, Skipped: 0, Time elapsed: 142.749 s - in org.apache.phoenix.end2end.PropertiesInSyncIT
[INFO] Tests run: 24, Failures: 0, Errors: 0, Skipped: 0, Time elapsed: 49.599 s - in org.apache.phoenix.end2end.RowTimestampIT
[INFO] Running org.apache.phoenix.end2end.SerialIteratorsIT
[INFO] Tests run: 1, Failures: 0, Errors: 0, Skipped: 0, Time elapsed: 1.286 s - in org.apache.phoenix.end2end.SerialIteratorsIT
[INFO] Running org.apache.phoenix.end2end.SkipScanAfterManualSplitIT
[INFO] Running org.apache.phoenix.end2end.SetPropertyOnNonEncodedTableIT
[INFO] Running org.apache.phoenix.end2end.ShowCreateTableIT
[INFO] Running org.apache.phoenix.end2end.SignFunctionEnd2EndIT
[INFO] Tests run: 2, Failures: 0, Errors: 0, Skipped: 0, Time elapsed: 4.323 s - in org.apache.phoenix.end2end.SignFunctionEnd2EndIT
[INFO] Running org.apache.phoenix.end2end.SkipScanQueryIT
[INFO] Tests run: 5, Failures: 0, Errors: 0, Skipped: 0, Time elapsed: 6.095 s - in org.apache.phoenix.end2end.ShowCreateTableIT
[INFO] Running org.apache.phoenix.end2end.SortMergeJoinMoreIT
[INFO] Tests run: 3, Failures: 0, Errors: 0, Skipped: 0, Time elapsed: 23.033 s - in org.apache.phoenix.end2end.SkipScanAfterManualSplitIT
[INFO] Running org.apache.phoenix.end2end.SortOrderIT
[INFO] Tests run: 48, Failures: 0, Errors: 0, Skipped: 0, Time elapsed: 83.246 s - in org.apache.phoenix.end2end.RowValueConstructorIT
[INFO] Tests run: 24, Failures: 0, Errors: 0, Skipped: 0, Time elapsed: 29.508 s - in org.apache.phoenix.end2end.SkipScanQueryIT
[INFO] Running org.apache.phoenix.end2end.SpooledTmpFileDeleteIT
[INFO] Tests run: 1, Failures: 0, Errors: 0, Skipped: 0, Time elapsed: 1.447 s - in org.apache.phoenix.end2end.SpooledTmpFileDeleteIT
[INFO] Running org.apache.phoenix.end2end.StatementHintsIT
[INFO] Tests run: 2, Failures: 0, Errors: 0, Skipped: 0, Time elapsed: 0.707 s - in org.apache.phoenix.end2end.StatementHintsIT
[INFO] Running org.apache.phoenix.end2end.StddevIT
[INFO] Tests run: 10, Failures: 0, Errors: 0, Skipped: 0, Time elapsed: 43.068 s - in org.apache.phoenix.end2end.SortMergeJoinMoreIT
[INFO] Tests run: 4, Failures: 0, Errors: 0, Skipped: 0, Time elapsed: 6.95 s - in org.apache.phoenix.end2end.StddevIT
[INFO] Running org.apache.phoenix.end2end.StringIT
[INFO] Running org.apache.phoenix.end2end.SqrtFunctionEnd2EndIT
[INFO] Tests run: 2, Failures: 0, Errors: 0, Skipped: 0, Time elapsed: 3.866 s - in org.apache.phoenix.end2end.SqrtFunctionEnd2EndIT
[INFO] Running org.apache.phoenix.end2end.StringToArrayFunctionIT
[INFO] Running org.apache.phoenix.end2end.StoreNullsPropIT
[INFO] Tests run: 1, Failures: 0, Errors: 0, Skipped: 0, Time elapsed: 0.755 s - in org.apache.phoenix.end2end.StoreNullsPropIT
[INFO] Running org.apache.phoenix.end2end.SumFunctionIT
[INFO] Tests run: 1, Failures: 0, Errors: 0, Skipped: 0, Time elapsed: 0.712 s - in org.apache.phoenix.end2end.SumFunctionIT
[INFO] Running org.apache.phoenix.end2end.TenantIdTypeIT
[INFO] Tests run: 15, Failures: 0, Errors: 0, Skipped: 0, Time elapsed: 22.713 s - in org.apache.phoenix.end2end.StringIT
[INFO] Running org.apache.phoenix.end2end.TimezoneOffsetFunctionIT
[INFO] Tests run: 46, Failures: 0, Errors: 0, Skipped: 0, Time elapsed: 65.94 s - in org.apache.phoenix.end2end.SortOrderIT
[INFO] Tests run: 7, Failures: 0, Errors: 0, Skipped: 0, Time elapsed: 5.53 s - in org.apache.phoenix.end2end.TimezoneOffsetFunctionIT
[INFO] Running org.apache.phoenix.end2end.ToDateFunctionIT
[INFO] Tests run: 12, Failures: 0, Errors: 0, Skipped: 0, Time elapsed: 6.832 s - in org.apache.phoenix.end2end.ToDateFunctionIT
[INFO] Tests run: 22, Failures: 0, Errors: 0, Skipped: 0, Time elapsed: 26.635 s - in org.apache.phoenix.end2end.StringToArrayFunctionIT
[INFO] Running org.apache.phoenix.end2end.ToCharFunctionIT
[INFO] Tests run: 15, Failures: 0, Errors: 0, Skipped: 0, Time elapsed: 29.658 s - in org.apache.phoenix.end2end.TenantIdTypeIT
[INFO] Running org.apache.phoenix.end2end.TruncateFunctionIT
[INFO] Tests run: 1, Failures: 0, Errors: 0, Skipped: 0, Time elapsed: 0.652 s - in org.apache.phoenix.end2end.TruncateFunctionIT
[INFO] Running org.apache.phoenix.end2end.UngroupedIT
[INFO] Running org.apache.phoenix.end2end.ToNumberFunctionIT
[INFO] Tests run: 18, Failures: 0, Errors: 0, Skipped: 0, Time elapsed: 0.147 s - in org.apache.phoenix.end2end.ToNumberFunctionIT
[INFO] Running org.apache.phoenix.end2end.UnionAllIT
[INFO] Running org.apache.phoenix.end2end.TopNIT
[INFO] Tests run: 4, Failures: 0, Errors: 0, Skipped: 0, Time elapsed: 5.706 s - in org.apache.phoenix.end2end.TopNIT
[INFO] Tests run: 13, Failures: 0, Errors: 0, Skipped: 0, Time elapsed: 15.94 s - in org.apache.phoenix.end2end.ToCharFunctionIT
[INFO] Running org.apache.phoenix.end2end.UpsertBigValuesIT
[INFO] Running org.apache.phoenix.end2end.UpperLowerFunctionIT
[INFO] Tests run: 4, Failures: 0, Errors: 0, Skipped: 0, Time elapsed: 0.022 s - in org.apache.phoenix.end2end.UpperLowerFunctionIT
[INFO] Running org.apache.phoenix.end2end.UpsertSelectAutoCommitIT
[INFO] Tests run: 6, Failures: 0, Errors: 0, Skipped: 0, Time elapsed: 7.698 s - in org.apache.phoenix.end2end.UpsertBigValuesIT
[INFO] Running org.apache.phoenix.end2end.UpsertSelectIT
[INFO] Tests run: 21, Failures: 0, Errors: 0, Skipped: 0, Time elapsed: 34.436 s - in org.apache.phoenix.end2end.UngroupedIT
[INFO] Tests run: 105, Failures: 0, Errors: 0, Skipped: 0, Time elapsed: 389.954 s - in org.apache.phoenix.end2end.OnDuplicateKeyIT
[INFO] Tests run: 17, Failures: 0, Errors: 0, Skipped: 0, Time elapsed: 36.506 s - in org.apache.phoenix.end2end.UnionAllIT
[WARNING] Tests run: 32, Failures: 0, Errors: 0, Skipped: 1, Time elapsed: 160.548 s - in org.apache.phoenix.end2end.SetPropertyOnEncodedTableIT
[INFO] Running org.apache.phoenix.end2end.UpsertWithSCNIT
[INFO] Running org.apache.phoenix.end2end.UseSchemaIT
[INFO] Running org.apache.phoenix.end2end.UpsertValuesIT
[INFO] Running org.apache.phoenix.end2end.VariableLengthPKIT
[WARNING] Tests run: 32, Failures: 0, Errors: 0, Skipped: 1, Time elapsed: 161.413 s - in org.apache.phoenix.end2end.SetPropertyOnNonEncodedTableIT
[INFO] Tests run: 5, Failures: 0, Errors: 0, Skipped: 0, Time elapsed: 13.654 s - in org.apache.phoenix.end2end.UseSchemaIT
[INFO] Running org.apache.phoenix.end2end.index.AlterIndexIT
[INFO] Tests run: 17, Failures: 0, Errors: 0, Skipped: 0, Time elapsed: 14.989 s - in org.apache.phoenix.end2end.UpsertValuesIT
[INFO] Running org.apache.phoenix.end2end.index.AsyncIndexDisabledIT
[INFO] Tests run: 1, Failures: 0, Errors: 0, Skipped: 0, Time elapsed: 2.777 s - in org.apache.phoenix.end2end.index.AlterIndexIT
[INFO] Running org.apache.phoenix.end2end.index.ChildViewsUseParentViewIndexIT
[INFO] Tests run: 1, Failures: 0, Errors: 0, Skipped: 0, Time elapsed: 1.816 s - in org.apache.phoenix.end2end.index.AsyncIndexDisabledIT
[INFO] Running org.apache.phoenix.end2end.index.DropColumnIT
[INFO] Tests run: 2, Failures: 0, Errors: 0, Skipped: 0, Time elapsed: 4.845 s - in org.apache.phoenix.end2end.index.ChildViewsUseParentViewIndexIT
[INFO] Running org.apache.phoenix.end2end.index.DropMetadataIT
[INFO] Running org.apache.phoenix.end2end.ViewUtilIT
[INFO] Tests run: 8, Failures: 0, Errors: 0, Skipped: 0, Time elapsed: 26.866 s - in org.apache.phoenix.end2end.UpsertWithSCNIT
[INFO] Running org.apache.phoenix.end2end.index.GlobalImmutableNonTxIndexIT
[INFO] Tests run: 2, Failures: 0, Errors: 0, Skipped: 0, Time elapsed: 8.49 s - in org.apache.phoenix.end2end.index.DropMetadataIT
[INFO] Running org.apache.phoenix.end2end.index.GlobalImmutableTxIndexIT
[INFO] Tests run: 7, Failures: 0, Errors: 0, Skipped: 0, Time elapsed: 9.855 s - in org.apache.phoenix.end2end.ViewUtilIT
[INFO] Running org.apache.phoenix.end2end.index.GlobalMutableNonTxIndexIT
[INFO] Tests run: 50, Failures: 0, Errors: 0, Skipped: 0, Time elapsed: 54.207 s - in org.apache.phoenix.end2end.VariableLengthPKIT
[INFO] Running org.apache.phoenix.end2end.index.GlobalMutableNonTxIndexWithLazyPostBatchWriteIT
[INFO] Tests run: 19, Failures: 0, Errors: 0, Skipped: 0, Time elapsed: 55.477 s - in org.apache.phoenix.end2end.index.GlobalImmutableTxIndexIT
[INFO] Running org.apache.phoenix.end2end.index.GlobalMutableTxIndexIT
[INFO] Tests run: 52, Failures: 0, Errors: 0, Skipped: 0, Time elapsed: 146.498 s - in org.apache.phoenix.end2end.UpsertSelectIT
[INFO] Tests run: 38, Failures: 0, Errors: 0, Skipped: 0, Time elapsed: 86.376 s - in org.apache.phoenix.end2end.index.GlobalImmutableNonTxIndexIT
[INFO] Running org.apache.phoenix.end2end.index.ImmutableIndexExtendedIT
[INFO] Running org.apache.phoenix.end2end.index.IndexCoprocIT
[INFO] Tests run: 10, Failures: 0, Errors: 0, Skipped: 0, Time elapsed: 186.642 s - in org.apache.phoenix.end2end.UpsertSelectAutoCommitIT
[INFO] Running org.apache.phoenix.end2end.index.IndexMaintenanceIT
[INFO] Tests run: 19, Failures: 0, Errors: 0, Skipped: 0, Time elapsed: 52.584 s - in org.apache.phoenix.end2end.index.GlobalMutableTxIndexIT
[INFO] Running org.apache.phoenix.end2end.index.IndexMetadataIT
[INFO] Tests run: 6, Failures: 0, Errors: 0, Skipped: 0, Time elapsed: 44.484 s - in org.apache.phoenix.end2end.index.IndexCoprocIT
[INFO] Running org.apache.phoenix.end2end.index.IndexUsageIT
[INFO] Tests run: 6, Failures: 0, Errors: 0, Skipped: 0, Time elapsed: 47.422 s - in org.apache.phoenix.end2end.index.ImmutableIndexExtendedIT
[INFO] Running org.apache.phoenix.end2end.index.IndexVerificationOutputRepositoryIT
[INFO] Tests run: 7, Failures: 0, Errors: 0, Skipped: 0, Time elapsed: 6.813 s - in org.apache.phoenix.end2end.index.IndexVerificationOutputRepositoryIT
[INFO] Running org.apache.phoenix.end2end.index.IndexVerificationResultRepositoryIT
[INFO] Tests run: 2, Failures: 0, Errors: 0, Skipped: 0, Time elapsed: 4.636 s - in org.apache.phoenix.end2end.index.IndexVerificationResultRepositoryIT
[INFO] Running org.apache.phoenix.end2end.index.IndexWithTableSchemaChangeIT
[INFO] Tests run: 14, Failures: 0, Errors: 0, Skipped: 0, Time elapsed: 76.298 s - in org.apache.phoenix.end2end.index.IndexMaintenanceIT
[INFO] Tests run: 76, Failures: 0, Errors: 0, Skipped: 0, Time elapsed: 176.5 s - in org.apache.phoenix.end2end.index.GlobalMutableNonTxIndexIT
[INFO] Running org.apache.phoenix.end2end.index.InvalidIndexStateClientSideIT
[INFO] Tests run: 1, Failures: 0, Errors: 0, Skipped: 0, Time elapsed: 1.514 s - in org.apache.phoenix.end2end.index.InvalidIndexStateClientSideIT
[INFO] Running org.apache.phoenix.end2end.index.LocalImmutableTxIndexIT
[WARNING] Tests run: 1, Failures: 0, Errors: 0, Skipped: 1, Time elapsed: 0.007 s - in org.apache.phoenix.end2end.index.LocalImmutableTxIndexIT
[INFO] Running org.apache.phoenix.end2end.index.LocalMutableNonTxIndexIT
[INFO] Tests run: 36, Failures: 0, Errors: 0, Skipped: 0, Time elapsed: 223.824 s - in org.apache.phoenix.end2end.index.DropColumnIT
[INFO] Running org.apache.phoenix.end2end.index.LocalMutableTxIndexIT
[WARNING] Tests run: 1, Failures: 0, Errors: 0, Skipped: 1, Time elapsed: 0.002 s - in org.apache.phoenix.end2end.index.LocalMutableTxIndexIT
[INFO] Running org.apache.phoenix.end2end.index.LocalImmutableNonTxIndexIT
[INFO] Tests run: 76, Failures: 0, Errors: 0, Skipped: 0, Time elapsed: 175.972 s - in org.apache.phoenix.end2end.index.GlobalMutableNonTxIndexWithLazyPostBatchWriteIT
[INFO] Running org.apache.phoenix.end2end.index.MutableIndexIT
[INFO] Running org.apache.phoenix.end2end.index.MutableIndexSplitForwardScanIT
[INFO] Tests run: 21, Failures: 0, Errors: 0, Skipped: 0, Time elapsed: 104.989 s - in org.apache.phoenix.end2end.index.IndexMetadataIT
[INFO] Tests run: 4, Failures: 0, Errors: 0, Skipped: 0, Time elapsed: 27.761 s - in org.apache.phoenix.end2end.index.MutableIndexSplitForwardScanIT
[INFO] Running org.apache.phoenix.end2end.index.SaltedIndexIT
[INFO] Tests run: 2, Failures: 0, Errors: 0, Skipped: 0, Time elapsed: 4.308 s - in org.apache.phoenix.end2end.index.SaltedIndexIT
[INFO] Running org.apache.phoenix.end2end.index.SingleCellIndexIT
[INFO] Running org.apache.phoenix.end2end.index.MutableIndexSplitReverseScanIT
[INFO] Tests run: 18, Failures: 0, Errors: 0, Skipped: 0, Time elapsed: 130.019 s - in org.apache.phoenix.end2end.index.IndexWithTableSchemaChangeIT
[INFO] Tests run: 4, Failures: 0, Errors: 0, Skipped: 0, Time elapsed: 29.865 s - in org.apache.phoenix.end2end.index.MutableIndexSplitReverseScanIT
[INFO] Running org.apache.phoenix.end2end.index.txn.RollbackIT
[INFO] Tests run: 4, Failures: 0, Errors: 0, Skipped: 0, Time elapsed: 6.906 s - in org.apache.phoenix.end2end.index.txn.RollbackIT
[INFO] Running org.apache.phoenix.end2end.join.HashJoinGlobalIndexIT
[INFO] Running org.apache.phoenix.end2end.index.txn.MutableRollbackIT
[INFO] Tests run: 39, Failures: 0, Errors: 0, Skipped: 0, Time elapsed: 161.532 s - in org.apache.phoenix.end2end.index.IndexUsageIT
[INFO] Tests run: 14, Failures: 0, Errors: 0, Skipped: 0, Time elapsed: 45.387 s - in org.apache.phoenix.end2end.index.SingleCellIndexIT
[INFO] Tests run: 33, Failures: 0, Errors: 0, Skipped: 0, Time elapsed: 15.56 s - in org.apache.phoenix.end2end.join.HashJoinGlobalIndexIT
[INFO] Tests run: 3, Failures: 0, Errors: 0, Skipped: 0, Time elapsed: 13 s - in org.apache.phoenix.end2end.index.txn.MutableRollbackIT
[INFO] Running org.apache.phoenix.end2end.join.HashJoinPersistentCacheIT
[INFO] Tests run: 1, Failures: 0, Errors: 0, Skipped: 0, Time elapsed: 2.529 s - in org.apache.phoenix.end2end.join.HashJoinPersistentCacheIT
[INFO] Running org.apache.phoenix.end2end.join.SortMergeJoinGlobalIndexIT
[INFO] Running org.apache.phoenix.end2end.join.HashJoinMoreIT
[INFO] Running org.apache.phoenix.end2end.join.HashJoinLocalIndexIT
[INFO] Tests run: 35, Failures: 0, Errors: 0, Skipped: 0, Time elapsed: 13.394 s - in org.apache.phoenix.end2end.join.SortMergeJoinGlobalIndexIT
[INFO] Running org.apache.phoenix.end2end.join.HashJoinNoIndexIT
[INFO] Tests run: 33, Failures: 0, Errors: 0, Skipped: 0, Time elapsed: 11.7 s - in org.apache.phoenix.end2end.join.HashJoinNoIndexIT
[INFO] Running org.apache.phoenix.end2end.join.SortMergeJoinLocalIndexIT
[INFO] Tests run: 10, Failures: 0, Errors: 0, Skipped: 0, Time elapsed: 29.776 s - in org.apache.phoenix.end2end.join.HashJoinMoreIT
[INFO] Running org.apache.phoenix.end2end.join.SubqueryIT
[INFO] Tests run: 34, Failures: 0, Errors: 0, Skipped: 0, Time elapsed: 30.896 s - in org.apache.phoenix.end2end.join.HashJoinLocalIndexIT
[INFO] Running org.apache.phoenix.end2end.join.SortMergeJoinNoIndexIT
[INFO] Tests run: 35, Failures: 0, Errors: 0, Skipped: 0, Time elapsed: 9.203 s - in org.apache.phoenix.end2end.join.SortMergeJoinNoIndexIT
[INFO] Running org.apache.phoenix.end2end.join.SubqueryUsingSortMergeJoinIT
[INFO] Tests run: 35, Failures: 0, Errors: 0, Skipped: 0, Time elapsed: 27.215 s - in org.apache.phoenix.end2end.join.SortMergeJoinLocalIndexIT
[INFO] Running org.apache.phoenix.end2end.join.WhereOptimizerForJoinFiltersIT
[INFO] Tests run: 1, Failures: 0, Errors: 0, Skipped: 0, Time elapsed: 2.478 s - in org.apache.phoenix.end2end.join.WhereOptimizerForJoinFiltersIT
[INFO] Running org.apache.phoenix.end2end.salted.SaltedTableUpsertSelectIT
[INFO] Running org.apache.phoenix.end2end.salted.SaltedTableIT
[INFO] Tests run: 9, Failures: 0, Errors: 0, Skipped: 0, Time elapsed: 12.809 s - in org.apache.phoenix.end2end.salted.SaltedTableIT
[INFO] Running org.apache.phoenix.end2end.salted.SaltedTableVarLengthRowKeyIT
[INFO] Tests run: 6, Failures: 0, Errors: 0, Skipped: 0, Time elapsed: 18.001 s - in org.apache.phoenix.end2end.salted.SaltedTableUpsertSelectIT
[INFO] Running org.apache.phoenix.iterate.ChunkedResultIteratorIT
[INFO] Tests run: 1, Failures: 0, Errors: 0, Skipped: 0, Time elapsed: 0.67 s - in org.apache.phoenix.iterate.ChunkedResultIteratorIT
[INFO] Running org.apache.phoenix.iterate.PhoenixQueryTimeoutIT
[INFO] Tests run: 3, Failures: 0, Errors: 0, Skipped: 0, Time elapsed: 3.74 s - in org.apache.phoenix.end2end.salted.SaltedTableVarLengthRowKeyIT
[INFO] Running org.apache.phoenix.iterate.RoundRobinResultIteratorIT
[INFO] Tests run: 2, Failures: 0, Errors: 0, Skipped: 0, Time elapsed: 2.485 s - in org.apache.phoenix.iterate.PhoenixQueryTimeoutIT
[INFO] Running org.apache.phoenix.mapreduce.PhoenixServerBuildIndexInputFormatIT
[INFO] Tests run: 1, Failures: 0, Errors: 0, Skipped: 0, Time elapsed: 3.087 s - in org.apache.phoenix.mapreduce.PhoenixServerBuildIndexInputFormatIT
[INFO] Running org.apache.phoenix.monitoring.IndexMetricsIT
[INFO] Tests run: 4, Failures: 0, Errors: 0, Skipped: 0, Time elapsed: 0.763 s - in org.apache.phoenix.monitoring.IndexMetricsIT
[INFO] Running org.apache.phoenix.monitoring.MetadataMetricsIT
[INFO] Tests run: 2, Failures: 0, Errors: 0, Skipped: 0, Time elapsed: 0.002 s - in org.apache.phoenix.monitoring.MetadataMetricsIT
[INFO] Running org.apache.phoenix.query.SkipSystemTablesExistenceCheckIT
[INFO] Tests run: 1, Failures: 0, Errors: 0, Skipped: 0, Time elapsed: 0.688 s - in org.apache.phoenix.query.SkipSystemTablesExistenceCheckIT
[INFO] Running org.apache.phoenix.replication.SystemCatalogWALEntryFilterIT
[INFO] Tests run: 4, Failures: 0, Errors: 0, Skipped: 0, Time elapsed: 0.528 s - in org.apache.phoenix.replication.SystemCatalogWALEntryFilterIT
[INFO] Running org.apache.phoenix.rpc.UpdateCacheConnectionLevelPropIT
[INFO] Tests run: 4, Failures: 0, Errors: 0, Skipped: 0, Time elapsed: 10.993 s - in org.apache.phoenix.rpc.UpdateCacheConnectionLevelPropIT
[INFO] Running org.apache.phoenix.rpc.UpdateCacheIT
[INFO] Tests run: 9, Failures: 0, Errors: 0, Skipped: 0, Time elapsed: 40.902 s - in org.apache.phoenix.iterate.RoundRobinResultIteratorIT
[INFO] Running org.apache.phoenix.trace.PhoenixTableMetricsWriterIT
[INFO] Tests run: 2, Failures: 0, Errors: 0, Skipped: 0, Time elapsed: 11.28 s - in org.apache.phoenix.trace.PhoenixTableMetricsWriterIT
[INFO] Running org.apache.phoenix.trace.PhoenixTracingEndToEndIT
[WARNING] Tests run: 1, Failures: 0, Errors: 0, Skipped: 1, Time elapsed: 0.002 s - in org.apache.phoenix.trace.PhoenixTracingEndToEndIT
[INFO] Running org.apache.phoenix.tx.FlappingTransactionIT
[INFO] Tests run: 4, Failures: 0, Errors: 0, Skipped: 0, Time elapsed: 3.587 s - in org.apache.phoenix.tx.FlappingTransactionIT
[INFO] Running org.apache.phoenix.tx.ParameterizedTransactionIT
[INFO] Tests run: 9, Failures: 0, Errors: 0, Skipped: 0, Time elapsed: 42.984 s - in org.apache.phoenix.rpc.UpdateCacheIT
[INFO] Tests run: 38, Failures: 0, Errors: 0, Skipped: 0, Time elapsed: 273.149 s - in org.apache.phoenix.end2end.index.LocalMutableNonTxIndexIT
[INFO] Tests run: 38, Failures: 0, Errors: 0, Skipped: 0, Time elapsed: 274.611 s - in org.apache.phoenix.end2end.index.LocalImmutableNonTxIndexIT
[INFO] Running org.apache.phoenix.tx.TransactionIT
[INFO] Tests run: 22, Failures: 0, Errors: 0, Skipped: 0, Time elapsed: 29.451 s - in org.apache.phoenix.tx.ParameterizedTransactionIT
[INFO] Running org.apache.phoenix.util.IndexScrutinyIT
[INFO] Tests run: 21, Failures: 0, Errors: 0, Skipped: 0, Time elapsed: 134.042 s - in org.apache.phoenix.end2end.join.SubqueryUsingSortMergeJoinIT
[INFO] Running org.apache.phoenix.tx.TxCheckpointIT
[INFO] Tests run: 3, Failures: 0, Errors: 0, Skipped: 0, Time elapsed: 9.859 s - in org.apache.phoenix.util.IndexScrutinyIT
[INFO] Tests run: 90, Failures: 0, Errors: 0, Skipped: 0, Time elapsed: 298.134 s - in org.apache.phoenix.end2end.index.MutableIndexIT
[INFO] Tests run: 14, Failures: 0, Errors: 0, Skipped: 0, Time elapsed: 32.179 s - in org.apache.phoenix.tx.TransactionIT
[INFO] Tests run: 10, Failures: 0, Errors: 0, Skipped: 0, Time elapsed: 32.191 s - in org.apache.phoenix.tx.TxCheckpointIT
[INFO] Tests run: 33, Failures: 0, Errors: 0, Skipped: 0, Time elapsed: 206.169 s - in org.apache.phoenix.end2end.join.SubqueryIT
[INFO] 
[INFO] Results:
[INFO] 
[WARNING] Tests run: 3865, Failures: 0, Errors: 0, Skipped: 12
[INFO] 
[INFO] 
[INFO] --- maven-failsafe-plugin:3.0.0-M6:integration-test (NeedTheirOwnClusterTests) @ phoenix-core ---
[INFO] Using auto detected provider org.apache.maven.surefire.junitcore.JUnitCoreProvider
[INFO] 
[INFO] -------------------------------------------------------
[INFO]  T E S T S
[INFO] -------------------------------------------------------
[INFO] Running org.apache.hadoop.hbase.regionserver.wal.WALReplayWithIndexWritesAndCompressedWALIT
[WARNING] Tests run: 1, Failures: 0, Errors: 0, Skipped: 1, Time elapsed: 0.043 s - in org.apache.hadoop.hbase.regionserver.wal.WALReplayWithIndexWritesAndCompressedWALIT
[INFO] Running org.apache.phoenix.end2end.BackwardCompatibilityIT
[INFO] Running org.apache.hadoop.hbase.regionserver.wal.WALRecoveryRegionPostOpenIT
[INFO] Tests run: 1, Failures: 0, Errors: 0, Skipped: 0, Time elapsed: 6.048 s - in org.apache.hadoop.hbase.regionserver.wal.WALRecoveryRegionPostOpenIT
[INFO] Running org.apache.phoenix.end2end.ConcurrentMutationsExtendedIT
[INFO] Running org.apache.phoenix.end2end.ConcurrentUpsertsWithoutIndexedColsIT
[INFO] Running org.apache.phoenix.end2end.ConnectionUtilIT
[INFO] Running org.apache.phoenix.end2end.AlterTableWithViewsIT
[INFO] Running org.apache.phoenix.end2end.AlterMultiTenantTableWithViewsIT
[INFO] Running org.apache.phoenix.end2end.BackwardCompatibilityForSplittableSyscatIT
[INFO] Tests run: 1, Failures: 0, Errors: 0, Skipped: 0, Time elapsed: 23.794 s - in org.apache.phoenix.end2end.ConnectionUtilIT
[INFO] Tests run: 1, Failures: 0, Errors: 0, Skipped: 0, Time elapsed: 41.175 s - in org.apache.phoenix.end2end.ConcurrentUpsertsWithoutIndexedColsIT
[INFO] Tests run: 10, Failures: 0, Errors: 0, Skipped: 0, Time elapsed: 77.115 s - in org.apache.phoenix.end2end.AlterMultiTenantTableWithViewsIT
[INFO] Running org.apache.phoenix.end2end.ContextClassloaderIT
[INFO] Tests run: 3, Failures: 0, Errors: 0, Skipped: 0, Time elapsed: 1.064 s - in org.apache.phoenix.end2end.ContextClassloaderIT
[WARNING] Tests run: 8, Failures: 0, Errors: 0, Skipped: 4, Time elapsed: 72.999 s - in org.apache.phoenix.end2end.BackwardCompatibilityForSplittableSyscatIT
[INFO] Running org.apache.phoenix.end2end.CostBasedDecisionIT
[INFO] Tests run: 5, Failures: 0, Errors: 0, Skipped: 0, Time elapsed: 124.45 s - in org.apache.phoenix.end2end.ConcurrentMutationsExtendedIT
[INFO] Running org.apache.phoenix.end2end.CountDistinctCompressionIT
[INFO] Tests run: 1, Failures: 0, Errors: 0, Skipped: 0, Time elapsed: 1.558 s - in org.apache.phoenix.end2end.CountDistinctCompressionIT
[INFO] Running org.apache.phoenix.end2end.CsvBulkLoadToolIT
[INFO] Running org.apache.phoenix.end2end.DefaultPhoenixMultiViewListProviderIT
[INFO] Tests run: 1, Failures: 0, Errors: 0, Skipped: 0, Time elapsed: 5.2 s - in org.apache.phoenix.end2end.DefaultPhoenixMultiViewListProviderIT
[INFO] Running org.apache.phoenix.end2end.DropSchemaIT
[INFO] Tests run: 2, Failures: 0, Errors: 0, Skipped: 0, Time elapsed: 3.73 s - in org.apache.phoenix.end2end.DropSchemaIT
[INFO] Running org.apache.phoenix.end2end.DropIndexedColsIT
[INFO] Tests run: 4, Failures: 0, Errors: 0, Skipped: 0, Time elapsed: 20.264 s - in org.apache.phoenix.end2end.DropIndexedColsIT
[INFO] Running org.apache.phoenix.end2end.DropTableWithViewsIT
[INFO] Tests run: 4, Failures: 0, Errors: 0, Skipped: 0, Time elapsed: 13.068 s - in org.apache.phoenix.end2end.DropTableWithViewsIT
[ERROR] Tests run: 72, Failures: 0, Errors: 1, Skipped: 2, Time elapsed: 300.71 s <<< FAILURE! - in org.apache.phoenix.end2end.AlterTableWithViewsIT
[ERROR] org.apache.phoenix.end2end.AlterTableWithViewsIT.testCreateViewWithPropsMaintainsOwnProps[AlterTableWithViewsIT_columnEncoded=true, multiTenant=true, salted=false]  Time elapsed: 1.318 s  <<< ERROR!
java.lang.NullPointerException
	at org.apache.phoenix.end2end.AlterTableWithViewsIT.testCreateViewWithPropsMaintainsOwnProps(AlterTableWithViewsIT.java:307)
	at sun.reflect.NativeMethodAccessorImpl.invoke0(Native Method)
	at sun.reflect.NativeMethodAccessorImpl.invoke(NativeMethodAccessorImpl.java:62)
	at sun.reflect.DelegatingMethodAccessorImpl.invoke(DelegatingMethodAccessorImpl.java:43)
	at java.lang.reflect.Method.invoke(Method.java:498)
	at org.junit.runners.model.FrameworkMethod$1.runReflectiveCall(FrameworkMethod.java:59)
	at org.junit.internal.runners.model.ReflectiveCallable.run(ReflectiveCallable.java:12)
	at org.junit.runners.model.FrameworkMethod.invokeExplosively(FrameworkMethod.java:56)
	at org.junit.internal.runners.statements.InvokeMethod.evaluate(InvokeMethod.java:17)
	at org.junit.runners.ParentRunner$3.evaluate(ParentRunner.java:306)
	at org.junit.runners.BlockJUnit4ClassRunner$1.evaluate(BlockJUnit4ClassRunner.java:100)
	at org.junit.runners.ParentRunner.runLeaf(ParentRunner.java:366)
	at org.junit.runners.BlockJUnit4ClassRunner.runChild(BlockJUnit4ClassRunner.java:103)
	at org.junit.runners.BlockJUnit4ClassRunner.runChild(BlockJUnit4ClassRunner.java:63)
	at org.junit.runners.ParentRunner$4.run(ParentRunner.java:331)
	at org.junit.runners.ParentRunner$1.schedule(ParentRunner.java:79)
	at org.junit.runners.ParentRunner.runChildren(ParentRunner.java:329)
	at org.junit.runners.ParentRunner.access$100(ParentRunner.java:66)
	at org.junit.runners.ParentRunner$2.evaluate(ParentRunner.java:293)
	at org.junit.runners.ParentRunner.run(ParentRunner.java:413)
	at org.junit.runners.Suite.runChild(Suite.java:128)
	at org.junit.runners.Suite.runChild(Suite.java:27)
	at org.junit.runners.ParentRunner$4.run(ParentRunner.java:331)
	at org.junit.runners.ParentRunner$1.schedule(ParentRunner.java:79)
	at org.junit.runners.ParentRunner.runChildren(ParentRunner.java:329)
	at org.junit.runners.ParentRunner.access$100(ParentRunner.java:66)
	at org.junit.runners.ParentRunner$2.evaluate(ParentRunner.java:293)
	at org.junit.internal.runners.statements.RunBefores.evaluate(RunBefores.java:26)
	at org.apache.phoenix.SystemExitRule$1.evaluate(SystemExitRule.java:40)
	at org.junit.rules.ExternalResource$1.evaluate(ExternalResource.java:54)
	at org.junit.rules.RunRules.evaluate(RunRules.java:20)
	at org.junit.runners.ParentRunner$3.evaluate(ParentRunner.java:306)
	at org.junit.runners.ParentRunner.run(ParentRunner.java:413)
	at org.junit.runners.Suite.runChild(Suite.java:128)
	at org.junit.runners.Suite.runChild(Suite.java:27)
	at org.junit.runners.ParentRunner$4.run(ParentRunner.java:331)
	at org.junit.runners.ParentRunner$1.schedule(ParentRunner.java:79)
	at org.junit.runners.ParentRunner.runChildren(ParentRunner.java:329)
	at org.junit.runners.ParentRunner.access$100(ParentRunner.java:66)
	at org.junit.runners.ParentRunner$2.evaluate(ParentRunner.java:293)
	at org.junit.runners.ParentRunner$3.evaluate(ParentRunner.java:306)
	at org.junit.runners.ParentRunner.run(ParentRunner.java:413)
	at org.apache.maven.surefire.junitcore.JUnitCore.run(JUnitCore.java:55)
	at org.apache.maven.surefire.junitcore.JUnitCoreWrapper.createRequestAndRun(JUnitCoreWrapper.java:137)
	at org.apache.maven.surefire.junitcore.JUnitCoreWrapper.executeEager(JUnitCoreWrapper.java:107)
	at org.apache.maven.surefire.junitcore.JUnitCoreWrapper.execute(JUnitCoreWrapper.java:83)
	at org.apache.maven.surefire.junitcore.JUnitCoreWrapper.execute(JUnitCoreWrapper.java:75)
	at org.apache.maven.surefire.junitcore.JUnitCoreProvider.invoke(JUnitCoreProvider.java:158)
	at org.apache.maven.surefire.booter.ForkedBooter.runSuitesInProcess(ForkedBooter.java:456)
	at org.apache.maven.surefire.booter.ForkedBooter.execute(ForkedBooter.java:169)
	at org.apache.maven.surefire.booter.ForkedBooter.run(ForkedBooter.java:595)
	at org.apache.maven.surefire.booter.ForkedBooter.main(ForkedBooter.java:581)

[INFO] Running org.apache.phoenix.end2end.IndexBuildTimestampIT
[INFO] Running org.apache.phoenix.end2end.IndexExtendedIT
[INFO] Running org.apache.phoenix.end2end.IndexRebuildTaskIT
[INFO] Tests run: 1, Failures: 0, Errors: 0, Skipped: 0, Time elapsed: 16.945 s - in org.apache.phoenix.end2end.IndexRebuildTaskIT
[INFO] Tests run: 19, Failures: 0, Errors: 0, Skipped: 0, Time elapsed: 201.101 s - in org.apache.phoenix.end2end.CsvBulkLoadToolIT
[INFO] Running org.apache.phoenix.end2end.IndexRepairRegionScannerIT
[INFO] Running org.apache.phoenix.end2end.IndexScrutinyToolForTenantIT
[INFO] Running org.apache.phoenix.end2end.IndexScrutinyToolIT
[INFO] Tests run: 16, Failures: 0, Errors: 0, Skipped: 0, Time elapsed: 120.55 s - in org.apache.phoenix.end2end.IndexBuildTimestampIT
[INFO] Tests run: 6, Failures: 0, Errors: 0, Skipped: 0, Time elapsed: 40.877 s - in org.apache.phoenix.end2end.IndexScrutinyToolForTenantIT
[INFO] Tests run: 48, Failures: 0, Errors: 0, Skipped: 0, Time elapsed: 132.012 s - in org.apache.phoenix.end2end.IndexExtendedIT
[INFO] Tests run: 20, Failures: 0, Errors: 0, Skipped: 0, Time elapsed: 369.884 s - in org.apache.phoenix.end2end.CostBasedDecisionIT
[INFO] Running org.apache.phoenix.end2end.IndexToolForNonTxGlobalIndexIT
[INFO] Running org.apache.phoenix.end2end.IndexToolForPartialBuildIT
[INFO] Running org.apache.phoenix.end2end.IndexToolForPartialBuildWithNamespaceEnabledIT
[INFO] Tests run: 1, Failures: 0, Errors: 0, Skipped: 0, Time elapsed: 17.258 s - in org.apache.phoenix.end2end.IndexToolForPartialBuildIT
[INFO] Running org.apache.phoenix.end2end.IndexToolIT
[INFO] Tests run: 2, Failures: 0, Errors: 0, Skipped: 0, Time elapsed: 30.578 s - in org.apache.phoenix.end2end.IndexToolForPartialBuildWithNamespaceEnabledIT
[INFO] Running org.apache.phoenix.end2end.IndexToolTimeRangeIT
[INFO] Running org.apache.phoenix.end2end.IndexVerificationOldDesignIT
[INFO] Tests run: 6, Failures: 0, Errors: 0, Skipped: 0, Time elapsed: 30.013 s - in org.apache.phoenix.end2end.IndexToolTimeRangeIT
[INFO] Tests run: 2, Failures: 0, Errors: 0, Skipped: 0, Time elapsed: 23.921 s - in org.apache.phoenix.end2end.IndexVerificationOldDesignIT
[INFO] Running org.apache.phoenix.end2end.LoadSystemTableSnapshotIT
[INFO] Running org.apache.phoenix.end2end.LocalIndexSplitMergeIT
[WARNING] Tests run: 44, Failures: 0, Errors: 0, Skipped: 4, Time elapsed: 307.332 s - in org.apache.phoenix.end2end.IndexScrutinyToolIT
[INFO] Tests run: 44, Failures: 0, Errors: 0, Skipped: 0, Time elapsed: 352.884 s - in org.apache.phoenix.end2end.IndexRepairRegionScannerIT
[INFO] Tests run: 3, Failures: 0, Errors: 0, Skipped: 0, Time elapsed: 53.034 s - in org.apache.phoenix.end2end.LocalIndexSplitMergeIT
[INFO] Running org.apache.phoenix.end2end.LogicalTableNameExtendedIT
[INFO] Running org.apache.phoenix.end2end.LogicalTableNameIT
[INFO] Running org.apache.phoenix.end2end.MaxLookbackIT
[INFO] Tests run: 4, Failures: 0, Errors: 0, Skipped: 0, Time elapsed: 24.396 s - in org.apache.phoenix.end2end.MaxLookbackIT
[INFO] Running org.apache.phoenix.end2end.MergeViewIndexIdSequencesToolIT
[INFO] Tests run: 2, Failures: 0, Errors: 0, Skipped: 0, Time elapsed: 1.129 s - in org.apache.phoenix.end2end.MergeViewIndexIdSequencesToolIT
[INFO] Running org.apache.phoenix.end2end.MigrateSystemTablesToSystemNamespaceIT
[INFO] Tests run: 1, Failures: 0, Errors: 0, Skipped: 0, Time elapsed: 215.752 s - in org.apache.phoenix.end2end.LoadSystemTableSnapshotIT
[INFO] Tests run: 7, Failures: 0, Errors: 0, Skipped: 0, Time elapsed: 177.563 s - in org.apache.phoenix.end2end.LogicalTableNameExtendedIT
[INFO] Running org.apache.phoenix.end2end.NoLookbackMutableIndexExtendedIT
[INFO] Tests run: 5, Failures: 0, Errors: 0, Skipped: 0, Time elapsed: 9.476 s - in org.apache.phoenix.end2end.NoLookbackMutableIndexExtendedIT
[INFO] Running org.apache.phoenix.end2end.OrderByWithServerClientSpoolingDisabledIT
[INFO] Running org.apache.phoenix.end2end.OrderByWithServerMemoryLimitIT
[INFO] Tests run: 1, Failures: 0, Errors: 0, Skipped: 0, Time elapsed: 1.514 s - in org.apache.phoenix.end2end.OrderByWithServerMemoryLimitIT
[INFO] Tests run: 105, Failures: 0, Errors: 0, Skipped: 0, Time elapsed: 500.196 s - in org.apache.phoenix.end2end.IndexToolIT
[INFO] Running org.apache.phoenix.end2end.OrderByWithSpillingIT
[INFO] Tests run: 4, Failures: 0, Errors: 0, Skipped: 0, Time elapsed: 203.728 s - in org.apache.phoenix.end2end.MigrateSystemTablesToSystemNamespaceIT
[INFO] Running org.apache.phoenix.end2end.OrphanViewToolIT
[INFO] Running org.apache.phoenix.end2end.ParameterizedIndexUpgradeToolIT
[INFO] Tests run: 9, Failures: 0, Errors: 0, Skipped: 0, Time elapsed: 81.648 s - in org.apache.phoenix.end2end.OrderByWithServerClientSpoolingDisabledIT
[INFO] Running org.apache.phoenix.end2end.PartialResultServerConfigurationIT
[WARNING] Tests run: 76, Failures: 0, Errors: 0, Skipped: 7, Time elapsed: 647.812 s - in org.apache.phoenix.end2end.IndexToolForNonTxGlobalIndexIT
[INFO] Tests run: 1, Failures: 0, Errors: 0, Skipped: 0, Time elapsed: 35.465 s - in org.apache.phoenix.end2end.PartialResultServerConfigurationIT
[INFO] Tests run: 9, Failures: 0, Errors: 0, Skipped: 0, Time elapsed: 104.497 s - in org.apache.phoenix.end2end.OrderByWithSpillingIT
[INFO] Running org.apache.phoenix.end2end.PermissionNSDisabledIT
[INFO] Running org.apache.phoenix.end2end.PermissionNSDisabledWithCustomAccessControllerIT
[INFO] Running org.apache.phoenix.end2end.PermissionNSEnabledIT
[WARNING] Tests run: 34, Failures: 0, Errors: 0, Skipped: 17, Time elapsed: 1,504.814 s - in org.apache.phoenix.end2end.BackwardCompatibilityIT
[INFO] Running org.apache.phoenix.end2end.PermissionNSEnabledWithCustomAccessControllerIT
[WARNING] Tests run: 36, Failures: 0, Errors: 0, Skipped: 4, Time elapsed: 664.207 s - in org.apache.phoenix.end2end.LogicalTableNameIT
[INFO] Tests run: 14, Failures: 0, Errors: 0, Skipped: 0, Time elapsed: 401.254 s - in org.apache.phoenix.end2end.OrphanViewToolIT
[INFO] Running org.apache.phoenix.end2end.PermissionsCacheIT
[INFO] Tests run: 16, Failures: 0, Errors: 0, Skipped: 0, Time elapsed: 411.682 s - in org.apache.phoenix.end2end.ParameterizedIndexUpgradeToolIT
[INFO] Running org.apache.phoenix.end2end.PhoenixDriverIT
[INFO] Running org.apache.phoenix.end2end.PhoenixTTLToolIT
[INFO] Tests run: 4, Failures: 0, Errors: 0, Skipped: 0, Time elapsed: 61.061 s - in org.apache.phoenix.end2end.PhoenixDriverIT
[INFO] Tests run: 11, Failures: 0, Errors: 0, Skipped: 0, Time elapsed: 433.713 s - in org.apache.phoenix.end2end.PermissionNSDisabledIT
[INFO] Running org.apache.phoenix.end2end.PointInTimeQueryIT
[INFO] Tests run: 15, Failures: 0, Errors: 0, Skipped: 0, Time elapsed: 454.428 s - in org.apache.phoenix.end2end.PermissionNSEnabledIT
[INFO] Running org.apache.phoenix.end2end.PointInTimeScanQueryIT
[INFO] Tests run: 11, Failures: 0, Errors: 0, Skipped: 0, Time elapsed: 141.668 s - in org.apache.phoenix.end2end.PhoenixTTLToolIT
[INFO] Running org.apache.phoenix.end2end.QueryLoggerIT
[INFO] Running org.apache.phoenix.end2end.QueryTimeoutIT
[INFO] Tests run: 2, Failures: 0, Errors: 0, Skipped: 0, Time elapsed: 7.348 s - in org.apache.phoenix.end2end.QueryTimeoutIT
[INFO] Tests run: 7, Failures: 0, Errors: 0, Skipped: 0, Time elapsed: 50.868 s - in org.apache.phoenix.end2end.QueryLoggerIT
[INFO] Tests run: 11, Failures: 0, Errors: 0, Skipped: 0, Time elapsed: 584.179 s - in org.apache.phoenix.end2end.PermissionNSDisabledWithCustomAccessControllerIT
[INFO] Running org.apache.phoenix.end2end.QueryWithLimitIT
[INFO] Tests run: 2, Failures: 0, Errors: 0, Skipped: 0, Time elapsed: 3.043 s - in org.apache.phoenix.end2end.QueryWithLimitIT
[INFO] Running org.apache.phoenix.end2end.RebuildIndexConnectionPropsIT
[INFO] Tests run: 1, Failures: 0, Errors: 0, Skipped: 0, Time elapsed: 0.213 s - in org.apache.phoenix.end2end.RebuildIndexConnectionPropsIT
[INFO] Running org.apache.phoenix.end2end.RegexBulkLoadToolIT
[INFO] Running org.apache.phoenix.end2end.RenewLeaseIT
[INFO] Tests run: 1, Failures: 0, Errors: 0, Skipped: 0, Time elapsed: 25.531 s - in org.apache.phoenix.end2end.RenewLeaseIT
[INFO] Running org.apache.phoenix.end2end.SchemaRegistryFailureIT
[INFO] Tests run: 2, Failures: 0, Errors: 0, Skipped: 0, Time elapsed: 4.238 s - in org.apache.phoenix.end2end.SchemaRegistryFailureIT
[WARNING] Tests run: 10, Failures: 0, Errors: 0, Skipped: 2, Time elapsed: 66.304 s - in org.apache.phoenix.end2end.RegexBulkLoadToolIT
[INFO] Tests run: 12, Failures: 0, Errors: 0, Skipped: 0, Time elapsed: 431.822 s - in org.apache.phoenix.end2end.PermissionsCacheIT
[INFO] Tests run: 28, Failures: 0, Errors: 0, Skipped: 0, Time elapsed: 240.045 s - in org.apache.phoenix.end2end.PointInTimeScanQueryIT
[INFO] Running org.apache.phoenix.end2end.SequencePointInTimeIT
[INFO] Tests run: 1, Failures: 0, Errors: 0, Skipped: 0, Time elapsed: 0.201 s - in org.apache.phoenix.end2end.SequencePointInTimeIT
[INFO] Running org.apache.phoenix.end2end.SpillableGroupByIT
[INFO] Running org.apache.phoenix.end2end.StatsEnabledSplitSystemCatalogIT
[INFO] Tests run: 3, Failures: 0, Errors: 0, Skipped: 0, Time elapsed: 7.801 s - in org.apache.phoenix.end2end.SpillableGroupByIT
[INFO] Running org.apache.phoenix.end2end.StoreNullsIT
[INFO] Running org.apache.phoenix.end2end.SystemTablesCreationOnConnectionIT
[INFO] Running org.apache.phoenix.end2end.SystemCatalogRegionObserverIT
[INFO] Tests run: 1, Failures: 0, Errors: 0, Skipped: 0, Time elapsed: 0.012 s - in org.apache.phoenix.end2end.SystemCatalogRegionObserverIT
[INFO] Tests run: 15, Failures: 0, Errors: 0, Skipped: 0, Time elapsed: 568.099 s - in org.apache.phoenix.end2end.PermissionNSEnabledWithCustomAccessControllerIT
[INFO] Tests run: 12, Failures: 0, Errors: 0, Skipped: 0, Time elapsed: 45.66 s - in org.apache.phoenix.end2end.StatsEnabledSplitSystemCatalogIT
[INFO] Running org.apache.phoenix.end2end.SystemCatalogRollbackEnabledIT
[INFO] Tests run: 56, Failures: 0, Errors: 0, Skipped: 0, Time elapsed: 401.992 s - in org.apache.phoenix.end2end.PointInTimeQueryIT
[INFO] Running org.apache.phoenix.end2end.TableSnapshotReadsMapReduceIT
[INFO] Tests run: 4, Failures: 0, Errors: 0, Skipped: 0, Time elapsed: 38.681 s - in org.apache.phoenix.end2end.SystemCatalogRollbackEnabledIT
[INFO] Running org.apache.phoenix.end2end.UpdateCacheAcrossDifferentClientsIT
[INFO] Running org.apache.phoenix.end2end.UpgradeIT
[INFO] Running org.apache.phoenix.end2end.TenantSpecificViewIndexIT
[INFO] Running org.apache.phoenix.end2end.TenantSpecificViewIndexSaltedIT
[INFO] Tests run: 4, Failures: 0, Errors: 0, Skipped: 0, Time elapsed: 21.469 s - in org.apache.phoenix.end2end.TenantSpecificViewIndexSaltedIT
[INFO] Tests run: 10, Failures: 0, Errors: 0, Skipped: 0, Time elapsed: 94.798 s - in org.apache.phoenix.end2end.TableSnapshotReadsMapReduceIT
[INFO] Tests run: 6, Failures: 0, Errors: 0, Skipped: 0, Time elapsed: 50.996 s - in org.apache.phoenix.end2end.UpdateCacheAcrossDifferentClientsIT
[INFO] Tests run: 11, Failures: 0, Errors: 0, Skipped: 0, Time elapsed: 45.234 s - in org.apache.phoenix.end2end.TenantSpecificViewIndexIT
[INFO] Tests run: 11, Failures: 0, Errors: 0, Skipped: 0, Time elapsed: 72.445 s - in org.apache.phoenix.end2end.UpgradeIT
[INFO] Running org.apache.phoenix.end2end.UpgradeNamespaceIT
[INFO] Running org.apache.phoenix.end2end.UserDefinedFunctionsIT
[INFO] Tests run: 32, Failures: 0, Errors: 0, Skipped: 0, Time elapsed: 213.32 s - in org.apache.phoenix.end2end.StoreNullsIT
[INFO] Running org.apache.phoenix.end2end.ViewConcurrencyAndFailureIT
[INFO] Running org.apache.phoenix.end2end.ViewIndexIdRetrieveIT
[INFO] Tests run: 3, Failures: 0, Errors: 0, Skipped: 0, Time elapsed: 7.866 s - in org.apache.phoenix.end2end.ViewIndexIdRetrieveIT
[INFO] Running org.apache.phoenix.end2end.ViewIT
[INFO] Tests run: 2, Failures: 0, Errors: 0, Skipped: 0, Time elapsed: 56.943 s - in org.apache.phoenix.end2end.UpgradeNamespaceIT
[INFO] Tests run: 24, Failures: 0, Errors: 0, Skipped: 0, Time elapsed: 32.121 s - in org.apache.phoenix.end2end.ViewConcurrencyAndFailureIT
[INFO] Running org.apache.phoenix.end2end.ViewMetadataIT
[INFO] Running org.apache.phoenix.end2end.ViewTTLIT
[INFO] Running org.apache.phoenix.end2end.WALAnnotationIT
[INFO] Running org.apache.phoenix.end2end.index.GlobalIndexCheckerIT
[INFO] Tests run: 51, Failures: 0, Errors: 0, Skipped: 0, Time elapsed: 94.968 s - in org.apache.phoenix.end2end.ViewIT
[INFO] Tests run: 16, Failures: 0, Errors: 0, Skipped: 0, Time elapsed: 157.574 s - in org.apache.phoenix.end2end.UserDefinedFunctionsIT
[INFO] Tests run: 25, Failures: 0, Errors: 0, Skipped: 0, Time elapsed: 96.013 s - in org.apache.phoenix.end2end.ViewMetadataIT
[INFO] Running org.apache.phoenix.end2end.index.GlobalIndexOptimizationIT
[INFO] Running org.apache.phoenix.end2end.index.ImmutableIndexIT
[INFO] Running org.apache.phoenix.end2end.index.IndexAsyncThresholdIT
[WARNING] Tests run: 15, Failures: 0, Errors: 0, Skipped: 1, Time elapsed: 444.587 s - in org.apache.phoenix.end2end.SystemTablesCreationOnConnectionIT
[INFO] Tests run: 7, Failures: 0, Errors: 0, Skipped: 0, Time elapsed: 43.926 s - in org.apache.phoenix.end2end.index.GlobalIndexOptimizationIT
[WARNING] Tests run: 52, Failures: 0, Errors: 0, Skipped: 8, Time elapsed: 163.281 s - in org.apache.phoenix.end2end.WALAnnotationIT
[INFO] Running org.apache.phoenix.end2end.index.IndexRebuildIncrementDisableCountIT
[INFO] Tests run: 2, Failures: 0, Errors: 0, Skipped: 0, Time elapsed: 9.804 s - in org.apache.phoenix.end2end.index.IndexRebuildIncrementDisableCountIT
[INFO] Running org.apache.phoenix.end2end.index.MutableIndexFailureIT
[INFO] Running org.apache.phoenix.end2end.index.MutableIndexExtendedIT
[WARNING] Tests run: 10, Failures: 0, Errors: 0, Skipped: 5, Time elapsed: 6.375 s - in org.apache.phoenix.end2end.index.MutableIndexExtendedIT
[INFO] Running org.apache.phoenix.end2end.index.MutableIndexRebuilderIT
[INFO] Running org.apache.phoenix.end2end.index.MutableIndexFailureWithNamespaceIT
[INFO] Tests run: 6, Failures: 0, Errors: 0, Skipped: 0, Time elapsed: 174.833 s - in org.apache.phoenix.end2end.index.IndexAsyncThresholdIT
[INFO] Tests run: 72, Failures: 0, Errors: 0, Skipped: 0, Time elapsed: 313.764 s - in org.apache.phoenix.end2end.index.GlobalIndexCheckerIT
[INFO] Tests run: 1, Failures: 0, Errors: 0, Skipped: 0, Time elapsed: 82.565 s - in org.apache.phoenix.end2end.index.MutableIndexRebuilderIT
[INFO] Running org.apache.phoenix.end2end.index.MutableIndexReplicationIT
[INFO] Tests run: 6, Failures: 0, Errors: 0, Skipped: 0, Time elapsed: 96.19 s - in org.apache.phoenix.end2end.index.MutableIndexFailureWithNamespaceIT
[INFO] Tests run: 1, Failures: 0, Errors: 0, Skipped: 0, Time elapsed: 16.902 s - in org.apache.phoenix.end2end.index.MutableIndexReplicationIT
[INFO] Tests run: 12, Failures: 0, Errors: 0, Skipped: 0, Time elapsed: 164.582 s - in org.apache.phoenix.end2end.index.MutableIndexFailureIT
[INFO] Running org.apache.phoenix.end2end.index.PartialIndexRebuilderIT
[INFO] Running org.apache.phoenix.end2end.index.PhoenixMRJobSubmitterIT
[INFO] Tests run: 1, Failures: 0, Errors: 0, Skipped: 0, Time elapsed: 3.874 s - in org.apache.phoenix.end2end.index.PhoenixMRJobSubmitterIT
[INFO] Running org.apache.phoenix.end2end.index.ShortViewIndexIdIT
[INFO] Running org.apache.phoenix.end2end.index.UncoveredGlobalIndexRegionScannerIT
[INFO] Tests run: 2, Failures: 0, Errors: 0, Skipped: 0, Time elapsed: 16.132 s - in org.apache.phoenix.end2end.index.ShortViewIndexIdIT
[INFO] Running org.apache.phoenix.end2end.index.txn.TxWriteFailureIT
[INFO] Tests run: 4, Failures: 0, Errors: 0, Skipped: 0, Time elapsed: 13.384 s - in org.apache.phoenix.end2end.index.txn.TxWriteFailureIT
[INFO] Running org.apache.phoenix.end2end.index.ViewIndexIT
[INFO] Tests run: 4, Failures: 0, Errors: 0, Skipped: 0, Time elapsed: 55.138 s - in org.apache.phoenix.end2end.index.UncoveredGlobalIndexRegionScannerIT
[INFO] Running org.apache.phoenix.end2end.join.HashJoinCacheIT
[INFO] Tests run: 3, Failures: 0, Errors: 0, Skipped: 0, Time elapsed: 14.323 s - in org.apache.phoenix.end2end.join.HashJoinCacheIT
[INFO] Tests run: 26, Failures: 0, Errors: 0, Skipped: 0, Time elapsed: 613.948 s - in org.apache.phoenix.end2end.ViewTTLIT
[INFO] Running org.apache.phoenix.end2end.join.SortMergeJoinNoSpoolingIT
[INFO] Tests run: 21, Failures: 0, Errors: 0, Skipped: 0, Time elapsed: 232.842 s - in org.apache.phoenix.end2end.index.PartialIndexRebuilderIT
[INFO] Tests run: 36, Failures: 0, Errors: 0, Skipped: 0, Time elapsed: 14.978 s - in org.apache.phoenix.end2end.join.SortMergeJoinNoSpoolingIT
[INFO] Running org.apache.phoenix.hbase.index.FailForUnsupportedHBaseVersionsIT
[INFO] Running org.apache.phoenix.end2end.transform.TransformMonitorExtendedIT
[INFO] Running org.apache.phoenix.execute.PartialCommitIT
[INFO] Running org.apache.phoenix.execute.UpsertSelectOverlappingBatchesIT
[INFO] Tests run: 2, Failures: 0, Errors: 0, Skipped: 0, Time elapsed: 27.491 s - in org.apache.phoenix.hbase.index.FailForUnsupportedHBaseVersionsIT
[INFO] Tests run: 6, Failures: 0, Errors: 0, Skipped: 0, Time elapsed: 32.999 s - in org.apache.phoenix.execute.PartialCommitIT
[WARNING] Tests run: 32, Failures: 0, Errors: 0, Skipped: 2, Time elapsed: 166.921 s - in org.apache.phoenix.end2end.index.ViewIndexIT
[INFO] Running org.apache.phoenix.iterate.RoundRobinResultIteratorWithStatsIT
[INFO] Tests run: 1, Failures: 0, Errors: 0, Skipped: 0, Time elapsed: 5.07 s - in org.apache.phoenix.iterate.RoundRobinResultIteratorWithStatsIT
[INFO] Running org.apache.phoenix.jdbc.HighAvailabilityGroupTestIT
[INFO] Tests run: 3, Failures: 0, Errors: 0, Skipped: 0, Time elapsed: 73.04 s - in org.apache.phoenix.end2end.transform.TransformMonitorExtendedIT
[INFO] Running org.apache.phoenix.jdbc.FailoverPhoenixConnectionIT
[INFO] Tests run: 9, Failures: 0, Errors: 0, Skipped: 0, Time elapsed: 4.869 s - in org.apache.phoenix.jdbc.HighAvailabilityGroupTestIT
[INFO] Running org.apache.phoenix.iterate.ScannerLeaseRenewalIT
[INFO] Tests run: 3, Failures: 0, Errors: 0, Skipped: 0, Time elapsed: 59.213 s - in org.apache.phoenix.execute.UpsertSelectOverlappingBatchesIT
[INFO] Running org.apache.phoenix.jdbc.HighAvailabilityGroupIT
[INFO] Running org.apache.phoenix.jdbc.HighAvailabilityTestingUtilityIT
[INFO] Running org.apache.phoenix.jdbc.ParallelPhoenixConnectionIT
[INFO] Running org.apache.phoenix.jdbc.ParallelPhoenixConnectionFallbackIT
[INFO] Tests run: 1, Failures: 0, Errors: 0, Skipped: 0, Time elapsed: 37.829 s - in org.apache.phoenix.jdbc.ParallelPhoenixConnectionFallbackIT
[WARNING] Tests run: 55, Failures: 0, Errors: 0, Skipped: 10, Time elapsed: 772.662 s - in org.apache.phoenix.end2end.index.ImmutableIndexIT
[INFO] Tests run: 2, Failures: 0, Errors: 0, Skipped: 0, Time elapsed: 161.923 s - in org.apache.phoenix.iterate.ScannerLeaseRenewalIT
[INFO] Running org.apache.phoenix.jdbc.PhoenixHAAdminToolIT
[INFO] Running org.apache.phoenix.jdbc.ParallelPhoenixConnectionWorkflowIT
[INFO] Tests run: 3, Failures: 0, Errors: 0, Skipped: 0, Time elapsed: 206.867 s - in org.apache.phoenix.jdbc.HighAvailabilityTestingUtilityIT
[INFO] Running org.apache.phoenix.jdbc.SecureUserConnectionsIT
[ERROR] Tests run: 8, Failures: 0, Errors: 1, Skipped: 0, Time elapsed: 1.741 s <<< FAILURE! - in org.apache.phoenix.jdbc.SecureUserConnectionsIT
[ERROR] org.apache.phoenix.jdbc.SecureUserConnectionsIT.testMultipleConnectionsAsSameUserWithoutLogin  Time elapsed: 0.467 s  <<< ERROR!
java.lang.RuntimeException: Couldn't get the current user!!
	at org.apache.phoenix.jdbc.PhoenixEmbeddedDriver$ConnectionInfo.<init>(PhoenixEmbeddedDriver.java:518)
	at org.apache.phoenix.jdbc.PhoenixEmbeddedDriver$ConnectionInfo.<init>(PhoenixEmbeddedDriver.java:527)
	at org.apache.phoenix.jdbc.PhoenixEmbeddedDriver$ConnectionInfo.create(PhoenixEmbeddedDriver.java:319)
	at org.apache.phoenix.jdbc.SecureUserConnectionsIT.testMultipleConnectionsAsSameUserWithoutLogin(SecureUserConnectionsIT.java:381)
	at sun.reflect.NativeMethodAccessorImpl.invoke0(Native Method)
	at sun.reflect.NativeMethodAccessorImpl.invoke(NativeMethodAccessorImpl.java:62)
	at sun.reflect.DelegatingMethodAccessorImpl.invoke(DelegatingMethodAccessorImpl.java:43)
	at java.lang.reflect.Method.invoke(Method.java:498)
	at org.junit.runners.model.FrameworkMethod$1.runReflectiveCall(FrameworkMethod.java:59)
	at org.junit.internal.runners.model.ReflectiveCallable.run(ReflectiveCallable.java:12)
	at org.junit.runners.model.FrameworkMethod.invokeExplosively(FrameworkMethod.java:56)
	at org.junit.internal.runners.statements.InvokeMethod.evaluate(InvokeMethod.java:17)
	at org.junit.runners.ParentRunner$3.evaluate(ParentRunner.java:306)
	at org.junit.runners.BlockJUnit4ClassRunner$1.evaluate(BlockJUnit4ClassRunner.java:100)
	at org.junit.runners.ParentRunner.runLeaf(ParentRunner.java:366)
	at org.junit.runners.BlockJUnit4ClassRunner.runChild(BlockJUnit4ClassRunner.java:103)
	at org.junit.runners.BlockJUnit4ClassRunner.runChild(BlockJUnit4ClassRunner.java:63)
	at org.junit.runners.ParentRunner$4.run(ParentRunner.java:331)
	at org.junit.runners.ParentRunner$1.schedule(ParentRunner.java:79)
	at org.junit.runners.ParentRunner.runChildren(ParentRunner.java:329)
	at org.junit.runners.ParentRunner.access$100(ParentRunner.java:66)
	at org.junit.runners.ParentRunner$2.evaluate(ParentRunner.java:293)
	at org.junit.internal.runners.statements.RunBefores.evaluate(RunBefores.java:26)
	at org.junit.internal.runners.statements.RunAfters.evaluate(RunAfters.java:27)
	at org.junit.runners.ParentRunner$3.evaluate(ParentRunner.java:306)
	at org.junit.runners.ParentRunner.run(ParentRunner.java:413)
	at org.junit.runners.Suite.runChild(Suite.java:128)
	at org.junit.runners.Suite.runChild(Suite.java:27)
	at org.junit.runners.ParentRunner$4.run(ParentRunner.java:331)
	at org.junit.runners.ParentRunner$1.schedule(ParentRunner.java:79)
	at org.junit.runners.ParentRunner.runChildren(ParentRunner.java:329)
	at org.junit.runners.ParentRunner.access$100(ParentRunner.java:66)
	at org.junit.runners.ParentRunner$2.evaluate(ParentRunner.java:293)
	at org.junit.runners.ParentRunner$3.evaluate(ParentRunner.java:306)
	at org.junit.runners.ParentRunner.run(ParentRunner.java:413)
	at org.apache.maven.surefire.junitcore.JUnitCore.run(JUnitCore.java:55)
	at org.apache.maven.surefire.junitcore.JUnitCoreWrapper.createRequestAndRun(JUnitCoreWrapper.java:137)
	at org.apache.maven.surefire.junitcore.JUnitCoreWrapper.executeEager(JUnitCoreWrapper.java:107)
	at org.apache.maven.surefire.junitcore.JUnitCoreWrapper.execute(JUnitCoreWrapper.java:83)
	at org.apache.maven.surefire.junitcore.JUnitCoreWrapper.execute(JUnitCoreWrapper.java:75)
	at org.apache.maven.surefire.junitcore.JUnitCoreProvider.invoke(JUnitCoreProvider.java:158)
	at org.apache.maven.surefire.booter.ForkedBooter.runSuitesInProcess(ForkedBooter.java:456)
	at org.apache.maven.surefire.booter.ForkedBooter.execute(ForkedBooter.java:169)
	at org.apache.maven.surefire.booter.ForkedBooter.run(ForkedBooter.java:595)
	at org.apache.maven.surefire.booter.ForkedBooter.main(ForkedBooter.java:581)
Caused by: org.apache.hadoop.security.KerberosAuthException: failure to login: javax.security.auth.login.LoginException: java.lang.IllegalArgumentException: Illegal principal name p.chauhan@INTERNAL.SALESFORCE.COM: org.apache.hadoop.security.authentication.util.KerberosName$NoMatchingRule: No rules applied to p.chauhan@INTERNAL.SALESFORCE.COM
	at org.apache.hadoop.security.UserGroupInformation.doSubjectLogin(UserGroupInformation.java:1846)
	at org.apache.hadoop.security.UserGroupInformation.createLoginUser(UserGroupInformation.java:709)
	at org.apache.hadoop.security.UserGroupInformation.getLoginUser(UserGroupInformation.java:659)
	at org.apache.hadoop.security.UserGroupInformation.getCurrentUser(UserGroupInformation.java:570)
	at org.apache.hadoop.hbase.security.User$SecureHadoopUser.<init>(User.java:281)
	at org.apache.hadoop.hbase.security.User.getCurrent(User.java:164)
	at org.apache.phoenix.jdbc.PhoenixEmbeddedDriver$ConnectionInfo.<init>(PhoenixEmbeddedDriver.java:516)
	... 44 more
Caused by: javax.security.auth.login.LoginException: java.lang.IllegalArgumentException: Illegal principal name p.chauhan@INTERNAL.SALESFORCE.COM: org.apache.hadoop.security.authentication.util.KerberosName$NoMatchingRule: No rules applied to p.chauhan@INTERNAL.SALESFORCE.COM
	at org.apache.hadoop.security.UserGroupInformation$HadoopLoginModule.commit(UserGroupInformation.java:231)
	at sun.reflect.NativeMethodAccessorImpl.invoke0(Native Method)
	at sun.reflect.NativeMethodAccessorImpl.invoke(NativeMethodAccessorImpl.java:62)
	at sun.reflect.DelegatingMethodAccessorImpl.invoke(DelegatingMethodAccessorImpl.java:43)
	at java.lang.reflect.Method.invoke(Method.java:498)
	at javax.security.auth.login.LoginContext.invoke(LoginContext.java:755)
	at javax.security.auth.login.LoginContext.access$000(LoginContext.java:195)
	at javax.security.auth.login.LoginContext$4.run(LoginContext.java:682)
	at javax.security.auth.login.LoginContext$4.run(LoginContext.java:680)
	at java.security.AccessController.doPrivileged(Native Method)
	at javax.security.auth.login.LoginContext.invokePriv(LoginContext.java:680)
	at javax.security.auth.login.LoginContext.login(LoginContext.java:588)
	at org.apache.hadoop.security.UserGroupInformation$HadoopLoginContext.login(UserGroupInformation.java:1924)
	at org.apache.hadoop.security.UserGroupInformation.doSubjectLogin(UserGroupInformation.java:1836)
	... 50 more
Caused by: java.lang.IllegalArgumentException: Illegal principal name p.chauhan@INTERNAL.SALESFORCE.COM: org.apache.hadoop.security.authentication.util.KerberosName$NoMatchingRule: No rules applied to p.chauhan@INTERNAL.SALESFORCE.COM
	at org.apache.hadoop.security.User.<init>(User.java:51)
	at org.apache.hadoop.security.UserGroupInformation$HadoopLoginModule.commit(UserGroupInformation.java:229)
	... 63 more
Caused by: org.apache.hadoop.security.authentication.util.KerberosName$NoMatchingRule: No rules applied to p.chauhan@INTERNAL.SALESFORCE.COM
	at org.apache.hadoop.security.authentication.util.KerberosName.getShortName(KerberosName.java:429)
	at org.apache.hadoop.security.User.<init>(User.java:48)
	... 64 more

[INFO] Tests run: 9, Failures: 0, Errors: 0, Skipped: 0, Time elapsed: 46.476 s - in org.apache.phoenix.jdbc.PhoenixHAAdminToolIT
[INFO] Running org.apache.phoenix.jdbc.ParallelPhoenixNullComparingResultSetIT
[INFO] Running org.apache.phoenix.monitoring.PhoenixLoggingMetricsIT
[INFO] Running org.apache.phoenix.monitoring.PhoenixMetricsDisabledIT
[INFO] Tests run: 1, Failures: 0, Errors: 0, Skipped: 0, Time elapsed: 0.017 s - in org.apache.phoenix.monitoring.PhoenixMetricsDisabledIT
[INFO] Tests run: 5, Failures: 0, Errors: 0, Skipped: 0, Time elapsed: 33.484 s - in org.apache.phoenix.jdbc.ParallelPhoenixNullComparingResultSetIT
[INFO] Tests run: 4, Failures: 0, Errors: 0, Skipped: 0, Time elapsed: 13.598 s - in org.apache.phoenix.monitoring.PhoenixLoggingMetricsIT
[INFO] Tests run: 18, Failures: 0, Errors: 0, Skipped: 0, Time elapsed: 102.524 s - in org.apache.phoenix.jdbc.ParallelPhoenixConnectionWorkflowIT
[INFO] Running org.apache.phoenix.monitoring.PhoenixMetricsIT
[INFO] Running org.apache.phoenix.query.MaxConcurrentConnectionsIT
[INFO] Running org.apache.phoenix.monitoring.PhoenixTableLevelAllowedTablesIT
[INFO] Running org.apache.phoenix.monitoring.PhoenixTableLevelMetricsIT
[INFO] Tests run: 1, Failures: 0, Errors: 0, Skipped: 0, Time elapsed: 5.709 s - in org.apache.phoenix.monitoring.PhoenixTableLevelAllowedTablesIT
[INFO] Tests run: 2, Failures: 0, Errors: 0, Skipped: 0, Time elapsed: 51.269 s - in org.apache.phoenix.query.MaxConcurrentConnectionsIT
[INFO] Running org.apache.phoenix.query.MetaDataCachingIT
[WARNING] Tests run: 3, Failures: 0, Errors: 0, Skipped: 1, Time elapsed: 21.428 s - in org.apache.phoenix.query.MetaDataCachingIT
[INFO] Running org.apache.phoenix.rpc.PhoenixClientRpcIT
[INFO] Tests run: 2, Failures: 0, Errors: 0, Skipped: 0, Time elapsed: 2.472 s - in org.apache.phoenix.rpc.PhoenixClientRpcIT
[INFO] Tests run: 21, Failures: 0, Errors: 0, Skipped: 0, Time elapsed: 421.711 s - in org.apache.phoenix.jdbc.HighAvailabilityGroupIT
[WARNING] Tests run: 27, Failures: 0, Errors: 0, Skipped: 4, Time elapsed: 100.128 s - in org.apache.phoenix.monitoring.PhoenixTableLevelMetricsIT
[INFO] Running org.apache.phoenix.rpc.PhoenixServerRpcIT
[INFO] Tests run: 2, Failures: 0, Errors: 0, Skipped: 0, Time elapsed: 3.509 s - in org.apache.phoenix.rpc.PhoenixServerRpcIT
[INFO] Tests run: 25, Failures: 0, Errors: 0, Skipped: 0, Time elapsed: 128.612 s - in org.apache.phoenix.monitoring.PhoenixMetricsIT
[INFO] Running org.apache.phoenix.schema.stats.NamespaceDisabledStatsCollectorIT
[INFO] Running org.apache.phoenix.schema.stats.NamespaceEnabledStatsCollectorIT
[INFO] Running org.apache.phoenix.schema.stats.NoOpStatsCollectorIT
[INFO] Tests run: 2, Failures: 0, Errors: 0, Skipped: 0, Time elapsed: 11.435 s - in org.apache.phoenix.schema.stats.NoOpStatsCollectorIT
[INFO] Running org.apache.phoenix.schema.stats.NonTxStatsCollectorIT
[INFO] Running org.apache.phoenix.schema.stats.TxStatsCollectorIT
[INFO] Running org.apache.phoenix.util.CoprocessorHConnectionTableFactoryIT
[INFO] Tests run: 1, Failures: 0, Errors: 0, Skipped: 0, Time elapsed: 4.832 s - in org.apache.phoenix.util.CoprocessorHConnectionTableFactoryIT
[WARNING] Tests run: 26, Failures: 0, Errors: 0, Skipped: 4, Time elapsed: 71.54 s - in org.apache.phoenix.schema.stats.TxStatsCollectorIT
[WARNING] Tests run: 39, Failures: 0, Errors: 0, Skipped: 6, Time elapsed: 118.307 s - in org.apache.phoenix.schema.stats.NonTxStatsCollectorIT
[WARNING] Tests run: 26, Failures: 0, Errors: 0, Skipped: 4, Time elapsed: 159.817 s - in org.apache.phoenix.schema.stats.NamespaceDisabledStatsCollectorIT
[WARNING] Tests run: 26, Failures: 0, Errors: 0, Skipped: 4, Time elapsed: 161.622 s - in org.apache.phoenix.schema.stats.NamespaceEnabledStatsCollectorIT
[INFO] Tests run: 11, Failures: 0, Errors: 0, Skipped: 0, Time elapsed: 995.533 s - in org.apache.phoenix.jdbc.ParallelPhoenixConnectionIT
[ERROR] Tests run: 25, Failures: 0, Errors: 1, Skipped: 0, Time elapsed: 1,258.819 s <<< FAILURE! - in org.apache.phoenix.jdbc.FailoverPhoenixConnectionIT
[ERROR] org.apache.phoenix.jdbc.FailoverPhoenixConnectionIT.testConnectionWhenActiveZKRestarts  Time elapsed: 105.489 s  <<< ERROR!
java.lang.IllegalStateException: Connection to the cluster is closed
	at org.apache.phoenix.query.ConnectionQueryServicesImpl.throwConnectionClosedException(ConnectionQueryServicesImpl.java:5705)
	at org.apache.phoenix.query.ConnectionQueryServicesImpl.checkClosed(ConnectionQueryServicesImpl.java:5694)
	at org.apache.phoenix.query.ConnectionQueryServicesImpl.connect(ConnectionQueryServicesImpl.java:882)
	at org.apache.phoenix.jdbc.HighAvailabilityGroup.connectToOneCluster(HighAvailabilityGroup.java:596)
	at org.apache.phoenix.jdbc.HighAvailabilityGroup.connectActive(HighAvailabilityGroup.java:509)
	at org.apache.phoenix.jdbc.FailoverPhoenixConnection.<init>(FailoverPhoenixConnection.java:112)
	at org.apache.phoenix.jdbc.HighAvailabilityPolicy$1.provide(HighAvailabilityPolicy.java:44)
	at org.apache.phoenix.jdbc.HighAvailabilityGroup.connect(HighAvailabilityGroup.java:493)
	at org.apache.phoenix.jdbc.PhoenixEmbeddedDriver.createConnection(PhoenixEmbeddedDriver.java:149)
	at org.apache.phoenix.jdbc.PhoenixDriver.connect(PhoenixDriver.java:227)
	at java.sql.DriverManager.getConnection(DriverManager.java:664)
	at java.sql.DriverManager.getConnection(DriverManager.java:208)
	at org.apache.phoenix.jdbc.FailoverPhoenixConnectionIT.createFailoverConnection(FailoverPhoenixConnectionIT.java:839)
	at org.apache.phoenix.jdbc.FailoverPhoenixConnectionIT.testConnectionWhenActiveZKRestarts(FailoverPhoenixConnectionIT.java:289)
	at sun.reflect.NativeMethodAccessorImpl.invoke0(Native Method)
	at sun.reflect.NativeMethodAccessorImpl.invoke(NativeMethodAccessorImpl.java:62)
	at sun.reflect.DelegatingMethodAccessorImpl.invoke(DelegatingMethodAccessorImpl.java:43)
	at java.lang.reflect.Method.invoke(Method.java:498)
	at org.junit.runners.model.FrameworkMethod$1.runReflectiveCall(FrameworkMethod.java:59)
	at org.junit.internal.runners.model.ReflectiveCallable.run(ReflectiveCallable.java:12)
	at org.junit.runners.model.FrameworkMethod.invokeExplosively(FrameworkMethod.java:56)
	at org.junit.internal.runners.statements.InvokeMethod.evaluate(InvokeMethod.java:17)
	at org.junit.internal.runners.statements.FailOnTimeout$CallableStatement.call(FailOnTimeout.java:288)
	at org.junit.internal.runners.statements.FailOnTimeout$CallableStatement.call(FailOnTimeout.java:282)
	at java.util.concurrent.FutureTask.run(FutureTask.java:266)
	at java.lang.Thread.run(Thread.java:748)

[INFO] 
[INFO] Results:
[INFO] 
[ERROR] Errors: 
[ERROR]   AlterTableWithViewsIT.testCreateViewWithPropsMaintainsOwnProps:307 NullPointer
[ERROR]   FailoverPhoenixConnectionIT.testConnectionWhenActiveZKRestarts:289->createFailoverConnection:839 » IllegalState Connection to the cluster is closed
[ERROR]   SecureUserConnectionsIT.testMultipleConnectionsAsSameUserWithoutLogin:381 » Runtime Couldn't get the current user!!
[INFO] 
[ERROR] Tests run: 1736, Failures: 0, Errors: 3, Skipped: 90
[INFO] 
[INFO] 
[INFO] --- jacoco-maven-plugin:0.8.8:report (report) @ phoenix-core ---
[INFO] Loading execution data file /Users/p.chauhan/Desktop/big-data/phoenix-1/phoenix-core/target/jacoco.exec
[INFO] Analyzed bundle 'Phoenix Core' with 2204 classes
[WARNING] Classes in bundle 'Phoenix Core' do not match with execution data. For report generation the same class files must be used as at runtime.
[WARNING] Execution data for class org/apache/phoenix/coprocessor/generated/PFunctionProtos$PFunctionArg does not match.
[WARNING] Execution data for class org/apache/phoenix/coprocessor/generated/ServerCachingProtos$1 does not match.
[WARNING] Execution data for class org/apache/phoenix/coprocessor/generated/ServerCachingProtos$ServerCachingService does not match.
[WARNING] Execution data for class org/apache/phoenix/coprocessor/generated/MetaDataProtos$CreateSchemaRequest does not match.
[WARNING] Execution data for class org/apache/phoenix/coprocessor/generated/ServerCacheFactoryProtos$ServerCacheFactory$1 does not match.
[WARNING] Execution data for class org/apache/phoenix/coprocessor/generated/TaskMetaDataProtos$TaskMetaDataService$Stub does not match.
[WARNING] Execution data for class org/apache/phoenix/coprocessor/generated/MetaDataProtos$ClearTableFromCacheResponse$Builder does not match.
[WARNING] Execution data for class org/apache/phoenix/coprocessor/generated/MetaDataProtos$CreateFunctionRequest$Builder does not match.
[WARNING] Execution data for class org/apache/phoenix/coprocessor/generated/MetaDataProtos$GetSchemaRequest$1 does not match.
[WARNING] Execution data for class org/apache/phoenix/coprocessor/generated/MetaDataProtos$ClearTableFromCacheRequest does not match.
[WARNING] Execution data for class org/apache/phoenix/coprocessor/generated/ServerCachingProtos$ColumnInfo$Builder does not match.
[WARNING] Execution data for class org/apache/phoenix/coprocessor/generated/MetaDataProtos$ClearCacheResponse does not match.
[WARNING] Execution data for class org/apache/phoenix/coprocessor/generated/MetaDataProtos$DropSchemaRequest$Builder does not match.
[WARNING] Execution data for class org/apache/phoenix/coprocessor/generated/MetaDataProtos$GetVersionRequest$Builder does not match.
[WARNING] Execution data for class org/apache/phoenix/coprocessor/generated/ChildLinkMetaDataProtos$ChildLinkMetaDataService$Stub does not match.
[WARNING] Execution data for class org/apache/phoenix/coprocessor/generated/ServerCachingProtos$RemoveServerCacheRequest$1 does not match.
[WARNING] Execution data for class org/apache/phoenix/coprocessor/generated/MetaDataProtos$DropTableRequest does not match.
[WARNING] Execution data for class org/apache/phoenix/coprocessor/generated/TaskMetaDataProtos$TaskMutateRequest does not match.
[WARNING] Execution data for class org/apache/phoenix/coprocessor/generated/ServerCachingProtos$IndexMaintainer$1 does not match.
[WARNING] Execution data for class org/apache/phoenix/coprocessor/generated/ChildLinkMetaDataProtos$CreateViewAddChildLinkRequest does not match.
[WARNING] Execution data for class org/apache/phoenix/coprocessor/generated/ServerCachingProtos$AddServerCacheRequest does not match.
[WARNING] Execution data for class org/apache/phoenix/coprocessor/generated/MetaDataProtos$CreateFunctionRequest$1 does not match.
[WARNING] Execution data for class org/apache/phoenix/coprocessor/generated/MetaDataProtos$MetaDataService does not match.
[WARNING] Execution data for class org/apache/phoenix/coprocessor/generated/MetaDataProtos$ClearCacheRequest does not match.
[WARNING] Execution data for class org/apache/phoenix/coprocessor/generated/ServerCachingProtos$ImmutableBytesWritable$1 does not match.
[WARNING] Execution data for class org/apache/phoenix/coprocessor/generated/ServerCachingProtos$AddServerCacheRequest$1 does not match.
[WARNING] Execution data for class org/apache/phoenix/coprocessor/generated/MetaDataProtos$MetaDataResponse$1 does not match.
[WARNING] Execution data for class org/apache/phoenix/coprocessor/generated/MetaDataProtos$DropTableRequest$Builder does not match.
[WARNING] Execution data for class org/apache/phoenix/coprocessor/generated/MetaDataProtos$ClearTableFromCacheResponse$1 does not match.
[WARNING] Execution data for class org/apache/phoenix/coprocessor/generated/PTableProtos$PTable$1 does not match.
[WARNING] Execution data for class org/apache/phoenix/coprocessor/generated/MetaDataProtos$UpdateIndexStateRequest$1 does not match.
[WARNING] Execution data for class org/apache/phoenix/coprocessor/generated/ServerCachingProtos$TransformMaintainer does not match.
[WARNING] Execution data for class org/apache/phoenix/coprocessor/generated/MetaDataProtos$GetFunctionsRequest does not match.
[WARNING] Execution data for class org/apache/phoenix/coprocessor/generated/PFunctionProtos$1 does not match.
[WARNING] Execution data for class org/apache/phoenix/coprocessor/generated/ServerCachingProtos$ColumnInfo$1 does not match.
[WARNING] Execution data for class org/apache/phoenix/coprocessor/generated/MetaDataProtos$AddColumnRequest does not match.
[WARNING] Execution data for class org/apache/phoenix/coprocessor/generated/PTableProtos$PTableType does not match.
[WARNING] Execution data for class org/apache/phoenix/coprocessor/generated/ServerCachingProtos$ImmutableBytesWritable does not match.
[WARNING] Execution data for class org/apache/phoenix/coprocessor/generated/MetaDataProtos$SharedTableState$Builder does not match.
[WARNING] Execution data for class org/apache/phoenix/coprocessor/generated/ServerCachingProtos$ColumnReference does not match.
[WARNING] Execution data for class org/apache/phoenix/coprocessor/generated/ServerCacheFactoryProtos$ServerCacheFactory$Builder does not match.
[WARNING] Execution data for class org/apache/phoenix/coprocessor/generated/MetaDataProtos does not match.
[WARNING] Execution data for class org/apache/phoenix/coprocessor/generated/MetaDataProtos$DropFunctionRequest does not match.
[WARNING] Execution data for class org/apache/phoenix/coprocessor/generated/PTableProtos$PTable$Builder does not match.
[WARNING] Execution data for class org/apache/phoenix/coprocessor/generated/TaskMetaDataProtos$TaskMetaDataService does not match.
[WARNING] Execution data for class org/apache/phoenix/coprocessor/generated/MetaDataProtos$MetaDataResponse$Builder does not match.
[WARNING] Execution data for class org/apache/phoenix/coprocessor/generated/MetaDataProtos$GetVersionResponse$1 does not match.
[WARNING] Execution data for class org/apache/phoenix/coprocessor/generated/ServerCachingProtos$AddServerCacheResponse does not match.
[WARNING] Execution data for class org/apache/phoenix/coprocessor/generated/MetaDataProtos$DropColumnRequest$Builder does not match.
[WARNING] Execution data for class org/apache/phoenix/coprocessor/generated/ServerCacheFactoryProtos does not match.
[WARNING] Execution data for class org/apache/phoenix/coprocessor/generated/ChildLinkMetaDataProtos$1 does not match.
[WARNING] Execution data for class org/apache/phoenix/coprocessor/generated/MetaDataProtos$AddColumnRequest$Builder does not match.
[WARNING] Execution data for class org/apache/phoenix/coprocessor/generated/PFunctionProtos$PFunctionArg$1 does not match.
[WARNING] Execution data for class org/apache/phoenix/coprocessor/generated/MetaDataProtos$DropSchemaRequest$1 does not match.
[WARNING] Execution data for class org/apache/phoenix/coprocessor/generated/ServerCachingProtos does not match.
[WARNING] Execution data for class org/apache/phoenix/coprocessor/generated/MetaDataProtos$AddColumnRequest$1 does not match.
[WARNING] Execution data for class org/apache/phoenix/coprocessor/generated/ServerCachingProtos$TransformMaintainer$Builder does not match.
[WARNING] Execution data for class org/apache/phoenix/coprocessor/generated/PFunctionProtos$PFunctionArg$Builder does not match.
[WARNING] Execution data for class org/apache/phoenix/coprocessor/generated/ServerCachingProtos$AddServerCacheResponse$Builder does not match.
[WARNING] Execution data for class org/apache/phoenix/coprocessor/generated/PFunctionProtos does not match.
[WARNING] Execution data for class org/apache/phoenix/coprocessor/generated/MetaDataProtos$GetSchemaRequest$Builder does not match.
[WARNING] Execution data for class org/apache/phoenix/coprocessor/generated/PTableProtos does not match.
[WARNING] Execution data for class org/apache/phoenix/coprocessor/generated/MetaDataProtos$ClearTableFromCacheRequest$Builder does not match.
[WARNING] Execution data for class org/apache/phoenix/coprocessor/generated/PFunctionProtos$PFunction$1 does not match.
[WARNING] Execution data for class org/apache/phoenix/coprocessor/generated/MetaDataProtos$ClearCacheResponse$Builder does not match.
[WARNING] Execution data for class org/apache/phoenix/coprocessor/generated/ServerCacheFactoryProtos$1 does not match.
[WARNING] Execution data for class org/apache/phoenix/coprocessor/generated/MetaDataProtos$CreateTableRequest$Builder does not match.
[WARNING] Execution data for class org/apache/phoenix/coprocessor/generated/MetaDataProtos$GetTableRequest$Builder does not match.
[WARNING] Execution data for class org/apache/phoenix/coprocessor/generated/MetaDataProtos$CreateSchemaRequest$Builder does not match.
[WARNING] Execution data for class org/apache/phoenix/coprocessor/generated/PTableProtos$PTable does not match.
[WARNING] Execution data for class org/apache/phoenix/coprocessor/generated/PSchemaProtos$PSchema$1 does not match.
[WARNING] Execution data for class org/apache/phoenix/coprocessor/generated/ServerCachingProtos$RemoveServerCacheResponse$Builder does not match.
[WARNING] Execution data for class org/apache/phoenix/coprocessor/generated/ServerCachingProtos$RemoveServerCacheRequest does not match.
[WARNING] Execution data for class org/apache/phoenix/coprocessor/generated/PFunctionProtos$PFunction$Builder does not match.
[WARNING] Execution data for class org/apache/phoenix/coprocessor/generated/MetaDataProtos$DropFunctionRequest$Builder does not match.
[WARNING] Execution data for class org/apache/phoenix/coprocessor/generated/PTableProtos$PTableType$1 does not match.
[WARNING] Execution data for class org/apache/phoenix/coprocessor/generated/MetaDataProtos$DropFunctionRequest$1 does not match.
[WARNING] Execution data for class org/apache/phoenix/coprocessor/generated/MetaDataProtos$UpdateIndexStateRequest does not match.
[WARNING] Execution data for class org/apache/phoenix/coprocessor/generated/MetaDataProtos$ClearTableFromCacheResponse does not match.
[WARNING] Execution data for class org/apache/phoenix/coprocessor/generated/ChildLinkMetaDataProtos$CreateViewAddChildLinkRequest$1 does not match.
[WARNING] Execution data for class org/apache/phoenix/coprocessor/generated/ServerCachingProtos$ServerCachingService$Stub does not match.
[WARNING] Execution data for class org/apache/phoenix/coprocessor/generated/PTableProtos$PColumn$1 does not match.
[WARNING] Execution data for class org/apache/phoenix/coprocessor/generated/MetaDataProtos$ClearCacheRequest$1 does not match.
[WARNING] Execution data for class org/apache/phoenix/coprocessor/generated/MetaDataProtos$MetaDataResponse does not match.
[WARNING] Execution data for class org/apache/phoenix/coprocessor/generated/MetaDataProtos$GetVersionRequest does not match.
[WARNING] Execution data for class org/apache/phoenix/coprocessor/generated/MetaDataProtos$GetTableRequest does not match.
[WARNING] Execution data for class org/apache/phoenix/coprocessor/generated/MetaDataProtos$UpdateIndexStateRequest$Builder does not match.
[WARNING] Execution data for class org/apache/phoenix/coprocessor/generated/MetaDataProtos$DropSchemaRequest does not match.
[WARNING] Execution data for class org/apache/phoenix/parse/PhoenixSQLLexer$DFA30 does not match.
[WARNING] Execution data for class org/apache/phoenix/coprocessor/generated/PSchemaProtos$PSchema$Builder does not match.
[WARNING] Execution data for class org/apache/phoenix/coprocessor/generated/TaskMetaDataProtos does not match.
[WARNING] Execution data for class org/apache/phoenix/coprocessor/generated/PSchemaProtos does not match.
[WARNING] Execution data for class org/apache/phoenix/coprocessor/generated/MetaDataProtos$GetFunctionsRequest$1 does not match.
[WARNING] Execution data for class org/apache/phoenix/coprocessor/generated/ServerCacheFactoryProtos$ServerCacheFactory does not match.
[WARNING] Execution data for class org/apache/phoenix/coprocessor/generated/MetaDataProtos$ClearCacheResponse$1 does not match.
[WARNING] Execution data for class org/apache/phoenix/coprocessor/generated/MetaDataProtos$CreateTableRequest$1 does not match.
[WARNING] Execution data for class org/apache/phoenix/coprocessor/generated/ServerCachingProtos$ImmutableBytesWritable$Builder does not match.
[WARNING] Execution data for class org/apache/phoenix/coprocessor/generated/ServerCachingProtos$RemoveServerCacheResponse does not match.
[WARNING] Execution data for class org/apache/phoenix/coprocessor/generated/PTableProtos$EncodedCQCounter$1 does not match.
[WARNING] Execution data for class org/apache/phoenix/coprocessor/generated/MetaDataProtos$CreateTableRequest does not match.
[WARNING] Execution data for class org/apache/phoenix/coprocessor/generated/PTableProtos$PColumn$Builder does not match.
[WARNING] Execution data for class org/apache/phoenix/parse/PhoenixSQLLexer does not match.
[WARNING] Execution data for class org/apache/phoenix/coprocessor/generated/ServerCachingProtos$RemoveServerCacheRequest$Builder does not match.
[WARNING] Execution data for class org/apache/phoenix/coprocessor/generated/MetaDataProtos$MutationCode$1 does not match.
[WARNING] Execution data for class org/apache/phoenix/coprocessor/generated/MetaDataProtos$DropColumnRequest$1 does not match.
[WARNING] Execution data for class org/apache/phoenix/coprocessor/generated/ServerCachingProtos$AddServerCacheRequest$Builder does not match.
[WARNING] Execution data for class org/apache/phoenix/coprocessor/generated/MetaDataProtos$ClearCacheRequest$Builder does not match.
[WARNING] Execution data for class org/apache/phoenix/coprocessor/generated/MetaDataProtos$GetSchemaRequest does not match.
[WARNING] Execution data for class org/apache/phoenix/coprocessor/generated/MetaDataProtos$GetTableRequest$1 does not match.
[WARNING] Execution data for class org/apache/phoenix/coprocessor/generated/PGuidePostsProtos does not match.
[WARNING] Execution data for class org/apache/phoenix/coprocessor/generated/ServerCachingProtos$ColumnReference$1 does not match.
[WARNING] Execution data for class org/apache/phoenix/coprocessor/generated/TaskMetaDataProtos$TaskMutateRequest$Builder does not match.
[WARNING] Execution data for class org/apache/phoenix/coprocessor/generated/ServerCachingProtos$ColumnReference$Builder does not match.
[WARNING] Execution data for class org/apache/phoenix/coprocessor/generated/ServerCachingProtos$IndexMaintainer does not match.
[WARNING] Execution data for class org/apache/phoenix/coprocessor/generated/ServerCachingProtos$RemoveServerCacheResponse$1 does not match.
[WARNING] Execution data for class org/apache/phoenix/coprocessor/generated/MetaDataProtos$GetVersionResponse does not match.
[WARNING] Execution data for class org/apache/phoenix/coprocessor/generated/MetaDataProtos$1 does not match.
[WARNING] Execution data for class org/apache/phoenix/coprocessor/generated/PTableProtos$1 does not match.
[WARNING] Execution data for class org/apache/phoenix/coprocessor/generated/ServerCachingProtos$ColumnInfo does not match.
[WARNING] Execution data for class org/apache/phoenix/coprocessor/generated/MetaDataProtos$MutationCode does not match.
[WARNING] Execution data for class org/apache/phoenix/coprocessor/generated/TaskMetaDataProtos$TaskMutateRequest$1 does not match.
[WARNING] Execution data for class org/apache/phoenix/coprocessor/generated/PTableProtos$EncodedCQCounter$Builder does not match.
[WARNING] Execution data for class org/apache/phoenix/coprocessor/generated/MetaDataProtos$DropTableRequest$1 does not match.
[WARNING] Execution data for class org/apache/phoenix/coprocessor/generated/ServerCachingProtos$AddServerCacheResponse$1 does not match.
[WARNING] Execution data for class org/apache/phoenix/coprocessor/generated/MetaDataProtos$MetaDataService$Stub does not match.
[WARNING] Execution data for class org/apache/phoenix/coprocessor/generated/MetaDataProtos$SharedTableState$1 does not match.
[WARNING] Execution data for class org/apache/phoenix/coprocessor/generated/ChildLinkMetaDataProtos$CreateViewAddChildLinkRequest$Builder does not match.
[WARNING] Execution data for class org/apache/phoenix/coprocessor/generated/MetaDataProtos$GetVersionResponse$Builder does not match.
[WARNING] Execution data for class org/apache/phoenix/coprocessor/generated/TaskMetaDataProtos$1 does not match.
[WARNING] Execution data for class org/apache/phoenix/coprocessor/generated/MetaDataProtos$CreateSchemaRequest$1 does not match.
[WARNING] Execution data for class org/apache/phoenix/coprocessor/generated/PSchemaProtos$PSchema does not match.
[WARNING] Execution data for class org/apache/phoenix/coprocessor/generated/PGuidePostsProtos$1 does not match.
[WARNING] Execution data for class org/apache/phoenix/coprocessor/generated/PTableProtos$EncodedCQCounter does not match.
[WARNING] Execution data for class org/apache/phoenix/coprocessor/generated/MetaDataProtos$SharedTableState does not match.
[WARNING] Execution data for class org/apache/phoenix/coprocessor/generated/PSchemaProtos$1 does not match.
[WARNING] Execution data for class org/apache/phoenix/coprocessor/generated/MetaDataProtos$DropColumnRequest does not match.
[WARNING] Execution data for class org/apache/phoenix/coprocessor/generated/PFunctionProtos$PFunction does not match.
[WARNING] Execution data for class org/apache/phoenix/coprocessor/generated/MetaDataProtos$CreateFunctionRequest does not match.
[WARNING] Execution data for class org/apache/phoenix/coprocessor/generated/PTableProtos$PColumn does not match.
[WARNING] Execution data for class org/apache/phoenix/coprocessor/generated/ChildLinkMetaDataProtos$ChildLinkMetaDataService does not match.
[WARNING] Execution data for class org/apache/phoenix/coprocessor/generated/ChildLinkMetaDataProtos does not match.
[WARNING] Execution data for class org/apache/phoenix/parse/PhoenixSQLParser does not match.
[WARNING] Execution data for class org/apache/phoenix/coprocessor/generated/MetaDataProtos$GetFunctionsRequest$Builder does not match.
[WARNING] Execution data for class org/apache/phoenix/coprocessor/generated/ServerCachingProtos$IndexMaintainer$Builder does not match.
[WARNING] Execution data for class org/apache/phoenix/coprocessor/generated/MetaDataProtos$ClearTableFromCacheRequest$1 does not match.
[WARNING] Execution data for class org/apache/phoenix/coprocessor/generated/ServerCachingProtos$TransformMaintainer$1 does not match.
[WARNING] Execution data for class org/apache/phoenix/coprocessor/generated/MetaDataProtos$GetVersionRequest$1 does not match.
[INFO] 
[INFO] --- maven-failsafe-plugin:3.0.0-M6:verify (ParallelStatsEnabledTest) @ phoenix-core ---
[INFO] ------------------------------------------------------------------------
[INFO] Reactor Summary for Apache Phoenix 5.2.0-SNAPSHOT:
[INFO] 
[INFO] Apache Phoenix ..................................... SUCCESS [  2.410 s]
[INFO] Phoenix Hbase 2.5.0 compatibility .................. SUCCESS [  4.256 s]
[INFO] Phoenix Hbase 2.4.1 compatibility .................. SUCCESS [  2.754 s]
[INFO] Phoenix Hbase 2.4.0 compatibility .................. SUCCESS [  2.119 s]
[INFO] Phoenix Hbase 2.3.0 compatibility .................. SUCCESS [  2.800 s]
[INFO] Phoenix Core ....................................... FAILURE [  01:46 h]
[INFO] Phoenix - Pherf .................................... SKIPPED
[INFO] Phoenix - Tracing Web Application .................. SKIPPED
[INFO] Phoenix Client Parent .............................. SKIPPED
[INFO] Phoenix Client Embedded ............................ SKIPPED
[INFO] Phoenix Server JAR ................................. SKIPPED
[INFO] Phoenix Assembly ................................... SKIPPED
[INFO] ------------------------------------------------------------------------
[INFO] BUILD FAILURE
[INFO] ------------------------------------------------------------------------
[INFO] Total time:  01:46 h
[INFO] Finished at: 2022-10-20T17:57:25-07:00
[INFO] ------------------------------------------------------------------------
[ERROR] Failed to execute goal org.apache.maven.plugins:maven-failsafe-plugin:3.0.0-M6:verify (ParallelStatsEnabledTest) on project phoenix-core: 
[ERROR] 
[ERROR] Please refer to /Users/p.chauhan/Desktop/big-data/phoenix-1/phoenix-core/target/failsafe-reports for the individual test results.
[ERROR] Please refer to dump files (if any exist) [date].dump, [date]-jvmRun[N].dump and [date].dumpstream.
[ERROR] -> [Help 1]
[ERROR] 
[ERROR] To see the full stack trace of the errors, re-run Maven with the -e switch.
[ERROR] Re-run Maven using the -X switch to enable full debug logging.
[ERROR] 
[ERROR] For more information about the errors and possible solutions, please read the following articles:
[ERROR] [Help 1] http://cwiki.apache.org/confluence/display/MAVEN/MojoFailureException
[ERROR] 
[ERROR] After correcting the problems, you can resume the build with the command
[ERROR]   mvn <args> -rf :phoenix-core
